[0.043s] Invoking command in '/home/xamjam/ros2_ws/build/my_robot_bringup': CMAKE_PREFIX_PATH=${CMAKE_PREFIX_PATH}:/opt/ros/humble /usr/bin/cmake /home/xamjam/ros2_ws/src/my_robot_bringup -DCMAKE_INSTALL_PREFIX=/home/xamjam/ros2_ws/install/my_robot_bringup
[0.081s] -- The C compiler identification is GNU 11.4.0
[0.119s] -- The CXX compiler identification is GNU 11.4.0
[0.123s] -- Detecting C compiler ABI info
[0.174s] -- Detecting C compiler ABI info - done
[0.179s] -- Check for working C compiler: /usr/bin/cc - skipped
[0.179s] -- Detecting C compile features
[0.179s] -- Detecting C compile features - done
[0.181s] -- Detecting CXX compiler ABI info
[0.238s] -- Detecting CXX compiler ABI info - done
[0.245s] -- Check for working CXX compiler: /usr/bin/c++ - skipped
[0.245s] -- Detecting CXX compile features
[0.245s] -- Detecting CXX compile features - done
[0.248s] -- Found ament_cmake: 1.3.7 (/opt/ros/humble/share/ament_cmake/cmake)
[0.364s] -- Found Python3: /usr/bin/python3.10 (found version "3.10.12") found components: Interpreter 
[0.426s] [31mCMake Error at CMakeLists.txt:14 (install):
[0.426s]   install does not recognize sub-command PARENT_DIRECTORY
[0.426s] 
[0.426s] [0m
[0.467s] -- Configuring incomplete, errors occurred!
[0.467s] See also "/home/xamjam/ros2_ws/build/my_robot_bringup/CMakeFiles/CMakeOutput.log".
[0.472s] Invoked command in '/home/xamjam/ros2_ws/build/my_robot_bringup' returned '1': CMAKE_PREFIX_PATH=${CMAKE_PREFIX_PATH}:/opt/ros/humble /usr/bin/cmake /home/xamjam/ros2_ws/src/my_robot_bringup -DCMAKE_INSTALL_PREFIX=/home/xamjam/ros2_ws/install/my_robot_bringup
