[35m[1mConsolidate compiler generated dependencies of target turtle_spawner_node[0m
[ 50%] Built target turtle_controller_node
[ 75%] [32mBuilding CXX object CMakeFiles/turtle_spawner_node.dir/src/turtle_spawner.cpp.o[0m
In file included from [01m[K/opt/ros/humble/include/rclcpp/rclcpp/logging.hpp:24[m[K,
                 from [01m[K/opt/ros/humble/include/rclcpp/rclcpp/client.hpp:40[m[K,
                 from [01m[K/opt/ros/humble/include/rclcpp/rclcpp/callback_group.hpp:24[m[K,
                 from [01m[K/opt/ros/humble/include/rclcpp/rclcpp/any_executable.hpp:20[m[K,
                 from [01m[K/opt/ros/humble/include/rclcpp/rclcpp/memory_strategy.hpp:25[m[K,
                 from [01m[K/opt/ros/humble/include/rclcpp/rclcpp/memory_strategies.hpp:18[m[K,
                 from [01m[K/opt/ros/humble/include/rclcpp/rclcpp/executor_options.hpp:20[m[K,
                 from [01m[K/opt/ros/humble/include/rclcpp/rclcpp/executor.hpp:37[m[K,
                 from [01m[K/opt/ros/humble/include/rclcpp/rclcpp/executors/multi_threaded_executor.hpp:25[m[K,
                 from [01m[K/opt/ros/humble/include/rclcpp/rclcpp/executors.hpp:21[m[K,
                 from [01m[K/opt/ros/humble/include/rclcpp/rclcpp/rclcpp.hpp:155[m[K,
                 from [01m[K/home/xamjam/ros2_ws/src/turtle_sim_project/src/turtle_spawner.cpp:1[m[K:
[01m[K/home/xamjam/ros2_ws/src/turtle_sim_project/src/turtle_spawner.cpp:[m[K In member function ‘[01m[Kvoid TurtleSpawnerNode::spawner_callback()[m[K’:
[01m[K/home/xamjam/ros2_ws/src/turtle_sim_project/src/turtle_spawner.cpp:134:44:[m[K [01;35m[Kwarning: [m[Kformat ‘[01m[K%ld[m[K’ expects argument of type ‘[01m[Klong int[m[K’, but argument 5 has type ‘[01m[Kstd::unordered_map<std::__cxx11::basic_string<char>, __gnu_cxx::__normal_iterator<custom_interfaces::msg::Turtle_<std::allocator<void> >*, std::vector<custom_interfaces::msg::Turtle_<std::allocator<void> >, std::allocator<custom_interfaces::msg::Turtle_<std::allocator<void> > > > > >::mapped_type[m[K’ {aka ‘[01m[Kstd::tuple_element<1, std::pair<const std::__cxx11::basic_string<char>, __gnu_cxx::__normal_iterator<custom_interfaces::msg::Turtle_<std::allocator<void> >*, std::vector<custom_interfaces::msg::Turtle_<std::allocator<void> >, std::allocator<custom_interfaces::msg::Turtle_<std::allocator<void> > > > > > >::type[m[K’} [[01;35m[K]8;;https://gcc.gnu.org/onlinedocs/gcc/Warning-Options.html#index-Wformat=-Wformat=]8;;[m[K]
  134 |            RCLCPP_INFO(this->get_logger(), [01;35m[K"element = %ld"[m[K,map_of_turtles_[name]);
      |                                            [01;35m[K^~~~~~~~~~~~~~~[m[K
[01m[K/home/xamjam/ros2_ws/src/turtle_sim_project/src/turtle_spawner.cpp:134:57:[m[K [01;36m[Knote: [m[Kformat string is defined here
  134 |            RCLCPP_INFO(this->get_logger(), "element = [01;36m[K%ld[m[K",map_of_turtles_[name]);
      |                                                       [01;36m[K~~^[m[K
      |                                                         [01;36m[K|[m[K
      |                                                         [01;36m[Klong int[m[K
[100%] [32m[1mLinking CXX executable turtle_spawner_node[0m
[100%] Built target turtle_spawner_node
-- Install configuration: ""
-- Up-to-date: /home/xamjam/ros2_ws/install/turtle_sim_project/lib/turtle_sim_project/turtle_controller_node
-- Installing: /home/xamjam/ros2_ws/install/turtle_sim_project/lib/turtle_sim_project/turtle_spawner_node
-- Set runtime path of "/home/xamjam/ros2_ws/install/turtle_sim_project/lib/turtle_sim_project/turtle_spawner_node" to ""
-- Up-to-date: /home/xamjam/ros2_ws/install/turtle_sim_project/share/ament_index/resource_index/package_run_dependencies/turtle_sim_project
-- Up-to-date: /home/xamjam/ros2_ws/install/turtle_sim_project/share/ament_index/resource_index/parent_prefix_path/turtle_sim_project
-- Up-to-date: /home/xamjam/ros2_ws/install/turtle_sim_project/share/turtle_sim_project/environment/ament_prefix_path.sh
-- Up-to-date: /home/xamjam/ros2_ws/install/turtle_sim_project/share/turtle_sim_project/environment/ament_prefix_path.dsv
-- Up-to-date: /home/xamjam/ros2_ws/install/turtle_sim_project/share/turtle_sim_project/environment/path.sh
-- Up-to-date: /home/xamjam/ros2_ws/install/turtle_sim_project/share/turtle_sim_project/environment/path.dsv
-- Up-to-date: /home/xamjam/ros2_ws/install/turtle_sim_project/share/turtle_sim_project/local_setup.bash
-- Up-to-date: /home/xamjam/ros2_ws/install/turtle_sim_project/share/turtle_sim_project/local_setup.sh
-- Up-to-date: /home/xamjam/ros2_ws/install/turtle_sim_project/share/turtle_sim_project/local_setup.zsh
-- Up-to-date: /home/xamjam/ros2_ws/install/turtle_sim_project/share/turtle_sim_project/local_setup.dsv
-- Installing: /home/xamjam/ros2_ws/install/turtle_sim_project/share/turtle_sim_project/package.dsv
-- Up-to-date: /home/xamjam/ros2_ws/install/turtle_sim_project/share/ament_index/resource_index/packages/turtle_sim_project
-- Up-to-date: /home/xamjam/ros2_ws/install/turtle_sim_project/share/turtle_sim_project/cmake/turtle_sim_projectConfig.cmake
-- Up-to-date: /home/xamjam/ros2_ws/install/turtle_sim_project/share/turtle_sim_project/cmake/turtle_sim_projectConfig-version.cmake
-- Up-to-date: /home/xamjam/ros2_ws/install/turtle_sim_project/share/turtle_sim_project/package.xml
