[0.617s] DEBUG:colcon:Command line arguments: ['/usr/bin/colcon', 'build']
[0.617s] DEBUG:colcon:Parsed command line arguments: Namespace(log_base=None, log_level=None, verb_name='build', build_base='build', install_base='install', merge_install=False, symlink_install=False, test_result_base=None, continue_on_error=False, executor='parallel', parallel_workers=16, event_handlers=None, ignore_user_meta=False, metas=['./colcon.meta'], base_paths=['.'], packages_ignore=None, packages_ignore_regex=None, paths=None, packages_up_to=None, packages_up_to_regex=None, packages_above=None, packages_above_and_dependencies=None, packages_above_depth=None, packages_select_by_dep=None, packages_skip_by_dep=None, packages_skip_up_to=None, packages_select_build_failed=False, packages_skip_build_finished=False, packages_select_test_failures=False, packages_skip_test_passed=False, packages_select=None, packages_skip=None, packages_select_regex=None, packages_skip_regex=None, packages_start=None, packages_end=None, allow_overriding=[], cmake_args=None, cmake_target=None, cmake_target_skip_unavailable=False, cmake_clean_cache=False, cmake_clean_first=False, cmake_force_configure=False, ament_cmake_args=None, catkin_cmake_args=None, catkin_skip_building_tests=False, verb_parser=<colcon_defaults.argument_parser.defaults.DefaultArgumentsDecorator object at 0x7f45f30c2ad0>, verb_extension=<colcon_core.verb.build.BuildVerb object at 0x7f45f30c1870>, main=<bound method BuildVerb.main of <colcon_core.verb.build.BuildVerb object at 0x7f45f30c1870>>)
[0.647s] Level 1:colcon.colcon_core.package_discovery:discover_packages(colcon_meta) check parameters
[0.647s] Level 1:colcon.colcon_core.package_discovery:discover_packages(recursive) check parameters
[0.647s] Level 1:colcon.colcon_core.package_discovery:discover_packages(ignore) check parameters
[0.647s] Level 1:colcon.colcon_core.package_discovery:discover_packages(path) check parameters
[0.647s] Level 1:colcon.colcon_core.package_discovery:discover_packages(colcon_meta) discover
[0.647s] Level 1:colcon.colcon_core.package_discovery:discover_packages(recursive) discover
[0.647s] INFO:colcon.colcon_core.package_discovery:Crawling recursively for packages in '/home/xamjam/ros2_ws'
[0.647s] Level 1:colcon.colcon_core.package_identification:_identify(.) by extensions ['ignore', 'ignore_ament_install']
[0.647s] Level 1:colcon.colcon_core.package_identification:_identify(.) by extension 'ignore'
[0.647s] Level 1:colcon.colcon_core.package_identification:_identify(.) by extension 'ignore_ament_install'
[0.647s] Level 1:colcon.colcon_core.package_identification:_identify(.) by extensions ['colcon_pkg']
[0.647s] Level 1:colcon.colcon_core.package_identification:_identify(.) by extension 'colcon_pkg'
[0.647s] Level 1:colcon.colcon_core.package_identification:_identify(.) by extensions ['colcon_meta']
[0.647s] Level 1:colcon.colcon_core.package_identification:_identify(.) by extension 'colcon_meta'
[0.647s] Level 1:colcon.colcon_core.package_identification:_identify(.) by extensions ['ros']
[0.647s] Level 1:colcon.colcon_core.package_identification:_identify(.) by extension 'ros'
[0.654s] Level 1:colcon.colcon_core.package_identification:_identify(.) by extensions ['cmake', 'python']
[0.654s] Level 1:colcon.colcon_core.package_identification:_identify(.) by extension 'cmake'
[0.654s] Level 1:colcon.colcon_core.package_identification:_identify(.) by extension 'python'
[0.654s] Level 1:colcon.colcon_core.package_identification:_identify(.) by extensions ['python_setup_py']
[0.654s] Level 1:colcon.colcon_core.package_identification:_identify(.) by extension 'python_setup_py'
[0.654s] Level 1:colcon.colcon_core.package_identification:_identify(build) by extensions ['ignore', 'ignore_ament_install']
[0.654s] Level 1:colcon.colcon_core.package_identification:_identify(build) by extension 'ignore'
[0.654s] Level 1:colcon.colcon_core.package_identification:_identify(build) ignored
[0.654s] Level 1:colcon.colcon_core.package_identification:_identify(install) by extensions ['ignore', 'ignore_ament_install']
[0.654s] Level 1:colcon.colcon_core.package_identification:_identify(install) by extension 'ignore'
[0.654s] Level 1:colcon.colcon_core.package_identification:_identify(install) ignored
[0.654s] Level 1:colcon.colcon_core.package_identification:_identify(log) by extensions ['ignore', 'ignore_ament_install']
[0.654s] Level 1:colcon.colcon_core.package_identification:_identify(log) by extension 'ignore'
[0.655s] Level 1:colcon.colcon_core.package_identification:_identify(log) ignored
[0.655s] Level 1:colcon.colcon_core.package_identification:_identify(src) by extensions ['ignore', 'ignore_ament_install']
[0.655s] Level 1:colcon.colcon_core.package_identification:_identify(src) by extension 'ignore'
[0.655s] Level 1:colcon.colcon_core.package_identification:_identify(src) by extension 'ignore_ament_install'
[0.655s] Level 1:colcon.colcon_core.package_identification:_identify(src) by extensions ['colcon_pkg']
[0.655s] Level 1:colcon.colcon_core.package_identification:_identify(src) by extension 'colcon_pkg'
[0.655s] Level 1:colcon.colcon_core.package_identification:_identify(src) by extensions ['colcon_meta']
[0.655s] Level 1:colcon.colcon_core.package_identification:_identify(src) by extension 'colcon_meta'
[0.655s] Level 1:colcon.colcon_core.package_identification:_identify(src) by extensions ['ros']
[0.655s] Level 1:colcon.colcon_core.package_identification:_identify(src) by extension 'ros'
[0.655s] Level 1:colcon.colcon_core.package_identification:_identify(src) by extensions ['cmake', 'python']
[0.655s] Level 1:colcon.colcon_core.package_identification:_identify(src) by extension 'cmake'
[0.655s] Level 1:colcon.colcon_core.package_identification:_identify(src) by extension 'python'
[0.655s] Level 1:colcon.colcon_core.package_identification:_identify(src) by extensions ['python_setup_py']
[0.655s] Level 1:colcon.colcon_core.package_identification:_identify(src) by extension 'python_setup_py'
[0.655s] Level 1:colcon.colcon_core.package_identification:_identify(src/custom_interfaces) by extensions ['ignore', 'ignore_ament_install']
[0.655s] Level 1:colcon.colcon_core.package_identification:_identify(src/custom_interfaces) by extension 'ignore'
[0.655s] Level 1:colcon.colcon_core.package_identification:_identify(src/custom_interfaces) by extension 'ignore_ament_install'
[0.655s] Level 1:colcon.colcon_core.package_identification:_identify(src/custom_interfaces) by extensions ['colcon_pkg']
[0.655s] Level 1:colcon.colcon_core.package_identification:_identify(src/custom_interfaces) by extension 'colcon_pkg'
[0.655s] Level 1:colcon.colcon_core.package_identification:_identify(src/custom_interfaces) by extensions ['colcon_meta']
[0.655s] Level 1:colcon.colcon_core.package_identification:_identify(src/custom_interfaces) by extension 'colcon_meta'
[0.655s] Level 1:colcon.colcon_core.package_identification:_identify(src/custom_interfaces) by extensions ['ros']
[0.655s] Level 1:colcon.colcon_core.package_identification:_identify(src/custom_interfaces) by extension 'ros'
[0.657s] DEBUG:colcon.colcon_core.package_identification:Package 'src/custom_interfaces' with type 'ros.ament_cmake' and name 'custom_interfaces'
[0.657s] Level 1:colcon.colcon_core.package_identification:_identify(src/my_robot_bringup) by extensions ['ignore', 'ignore_ament_install']
[0.657s] Level 1:colcon.colcon_core.package_identification:_identify(src/my_robot_bringup) by extension 'ignore'
[0.657s] Level 1:colcon.colcon_core.package_identification:_identify(src/my_robot_bringup) by extension 'ignore_ament_install'
[0.657s] Level 1:colcon.colcon_core.package_identification:_identify(src/my_robot_bringup) by extensions ['colcon_pkg']
[0.657s] Level 1:colcon.colcon_core.package_identification:_identify(src/my_robot_bringup) by extension 'colcon_pkg'
[0.657s] Level 1:colcon.colcon_core.package_identification:_identify(src/my_robot_bringup) by extensions ['colcon_meta']
[0.657s] Level 1:colcon.colcon_core.package_identification:_identify(src/my_robot_bringup) by extension 'colcon_meta'
[0.657s] Level 1:colcon.colcon_core.package_identification:_identify(src/my_robot_bringup) by extensions ['ros']
[0.657s] Level 1:colcon.colcon_core.package_identification:_identify(src/my_robot_bringup) by extension 'ros'
[0.657s] DEBUG:colcon.colcon_core.package_identification:Package 'src/my_robot_bringup' with type 'ros.ament_cmake' and name 'my_robot_bringup'
[0.657s] Level 1:colcon.colcon_core.package_identification:_identify(src/turtle_sim_project) by extensions ['ignore', 'ignore_ament_install']
[0.657s] Level 1:colcon.colcon_core.package_identification:_identify(src/turtle_sim_project) by extension 'ignore'
[0.657s] Level 1:colcon.colcon_core.package_identification:_identify(src/turtle_sim_project) by extension 'ignore_ament_install'
[0.657s] Level 1:colcon.colcon_core.package_identification:_identify(src/turtle_sim_project) by extensions ['colcon_pkg']
[0.657s] Level 1:colcon.colcon_core.package_identification:_identify(src/turtle_sim_project) by extension 'colcon_pkg'
[0.658s] Level 1:colcon.colcon_core.package_identification:_identify(src/turtle_sim_project) by extensions ['colcon_meta']
[0.658s] Level 1:colcon.colcon_core.package_identification:_identify(src/turtle_sim_project) by extension 'colcon_meta'
[0.658s] Level 1:colcon.colcon_core.package_identification:_identify(src/turtle_sim_project) by extensions ['ros']
[0.658s] Level 1:colcon.colcon_core.package_identification:_identify(src/turtle_sim_project) by extension 'ros'
[0.658s] DEBUG:colcon.colcon_core.package_identification:Package 'src/turtle_sim_project' with type 'ros.ament_cmake' and name 'turtle_sim_project'
[0.658s] Level 1:colcon.colcon_core.package_discovery:discover_packages(recursive) using defaults
[0.658s] Level 1:colcon.colcon_core.package_discovery:discover_packages(ignore) discover
[0.658s] Level 1:colcon.colcon_core.package_discovery:discover_packages(ignore) using defaults
[0.658s] Level 1:colcon.colcon_core.package_discovery:discover_packages(path) discover
[0.658s] Level 1:colcon.colcon_core.package_discovery:discover_packages(path) using defaults
[0.716s] Level 1:colcon.colcon_core.package_discovery:discover_packages(prefix_path) check parameters
[0.716s] Level 1:colcon.colcon_core.package_discovery:discover_packages(prefix_path) discover
[0.735s] DEBUG:colcon.colcon_installed_package_information.package_discovery:Found 3 installed packages in /home/xamjam/ros2_ws/install
[0.744s] DEBUG:colcon.colcon_installed_package_information.package_discovery:Found 270 installed packages in /opt/ros/humble
[0.745s] Level 1:colcon.colcon_core.package_discovery:discover_packages(prefix_path) using defaults
[0.800s] Level 5:colcon.colcon_core.verb:set package 'custom_interfaces' build argument 'cmake_args' from command line to 'None'
[0.800s] Level 5:colcon.colcon_core.verb:set package 'custom_interfaces' build argument 'cmake_target' from command line to 'None'
[0.800s] Level 5:colcon.colcon_core.verb:set package 'custom_interfaces' build argument 'cmake_target_skip_unavailable' from command line to 'False'
[0.800s] Level 5:colcon.colcon_core.verb:set package 'custom_interfaces' build argument 'cmake_clean_cache' from command line to 'False'
[0.800s] Level 5:colcon.colcon_core.verb:set package 'custom_interfaces' build argument 'cmake_clean_first' from command line to 'False'
[0.800s] Level 5:colcon.colcon_core.verb:set package 'custom_interfaces' build argument 'cmake_force_configure' from command line to 'False'
[0.800s] Level 5:colcon.colcon_core.verb:set package 'custom_interfaces' build argument 'ament_cmake_args' from command line to 'None'
[0.800s] Level 5:colcon.colcon_core.verb:set package 'custom_interfaces' build argument 'catkin_cmake_args' from command line to 'None'
[0.800s] Level 5:colcon.colcon_core.verb:set package 'custom_interfaces' build argument 'catkin_skip_building_tests' from command line to 'False'
[0.800s] DEBUG:colcon.colcon_core.verb:Building package 'custom_interfaces' with the following arguments: {'ament_cmake_args': None, 'build_base': '/home/xamjam/ros2_ws/build/custom_interfaces', 'catkin_cmake_args': None, 'catkin_skip_building_tests': False, 'cmake_args': None, 'cmake_clean_cache': False, 'cmake_clean_first': False, 'cmake_force_configure': False, 'cmake_target': None, 'cmake_target_skip_unavailable': False, 'install_base': '/home/xamjam/ros2_ws/install/custom_interfaces', 'merge_install': False, 'path': '/home/xamjam/ros2_ws/src/custom_interfaces', 'symlink_install': False, 'test_result_base': None}
[0.810s] Level 5:colcon.colcon_core.verb:set package 'turtle_sim_project' build argument 'cmake_args' from command line to 'None'
[0.810s] Level 5:colcon.colcon_core.verb:set package 'turtle_sim_project' build argument 'cmake_target' from command line to 'None'
[0.810s] Level 5:colcon.colcon_core.verb:set package 'turtle_sim_project' build argument 'cmake_target_skip_unavailable' from command line to 'False'
[0.810s] Level 5:colcon.colcon_core.verb:set package 'turtle_sim_project' build argument 'cmake_clean_cache' from command line to 'False'
[0.810s] Level 5:colcon.colcon_core.verb:set package 'turtle_sim_project' build argument 'cmake_clean_first' from command line to 'False'
[0.810s] Level 5:colcon.colcon_core.verb:set package 'turtle_sim_project' build argument 'cmake_force_configure' from command line to 'False'
[0.810s] Level 5:colcon.colcon_core.verb:set package 'turtle_sim_project' build argument 'ament_cmake_args' from command line to 'None'
[0.810s] Level 5:colcon.colcon_core.verb:set package 'turtle_sim_project' build argument 'catkin_cmake_args' from command line to 'None'
[0.810s] Level 5:colcon.colcon_core.verb:set package 'turtle_sim_project' build argument 'catkin_skip_building_tests' from command line to 'False'
[0.810s] DEBUG:colcon.colcon_core.verb:Building package 'turtle_sim_project' with the following arguments: {'ament_cmake_args': None, 'build_base': '/home/xamjam/ros2_ws/build/turtle_sim_project', 'catkin_cmake_args': None, 'catkin_skip_building_tests': False, 'cmake_args': None, 'cmake_clean_cache': False, 'cmake_clean_first': False, 'cmake_force_configure': False, 'cmake_target': None, 'cmake_target_skip_unavailable': False, 'install_base': '/home/xamjam/ros2_ws/install/turtle_sim_project', 'merge_install': False, 'path': '/home/xamjam/ros2_ws/src/turtle_sim_project', 'symlink_install': False, 'test_result_base': None}
[0.819s] Level 5:colcon.colcon_core.verb:set package 'my_robot_bringup' build argument 'cmake_args' from command line to 'None'
[0.819s] Level 5:colcon.colcon_core.verb:set package 'my_robot_bringup' build argument 'cmake_target' from command line to 'None'
[0.819s] Level 5:colcon.colcon_core.verb:set package 'my_robot_bringup' build argument 'cmake_target_skip_unavailable' from command line to 'False'
[0.819s] Level 5:colcon.colcon_core.verb:set package 'my_robot_bringup' build argument 'cmake_clean_cache' from command line to 'False'
[0.819s] Level 5:colcon.colcon_core.verb:set package 'my_robot_bringup' build argument 'cmake_clean_first' from command line to 'False'
[0.819s] Level 5:colcon.colcon_core.verb:set package 'my_robot_bringup' build argument 'cmake_force_configure' from command line to 'False'
[0.819s] Level 5:colcon.colcon_core.verb:set package 'my_robot_bringup' build argument 'ament_cmake_args' from command line to 'None'
[0.819s] Level 5:colcon.colcon_core.verb:set package 'my_robot_bringup' build argument 'catkin_cmake_args' from command line to 'None'
[0.819s] Level 5:colcon.colcon_core.verb:set package 'my_robot_bringup' build argument 'catkin_skip_building_tests' from command line to 'False'
[0.819s] DEBUG:colcon.colcon_core.verb:Building package 'my_robot_bringup' with the following arguments: {'ament_cmake_args': None, 'build_base': '/home/xamjam/ros2_ws/build/my_robot_bringup', 'catkin_cmake_args': None, 'catkin_skip_building_tests': False, 'cmake_args': None, 'cmake_clean_cache': False, 'cmake_clean_first': False, 'cmake_force_configure': False, 'cmake_target': None, 'cmake_target_skip_unavailable': False, 'install_base': '/home/xamjam/ros2_ws/install/my_robot_bringup', 'merge_install': False, 'path': '/home/xamjam/ros2_ws/src/my_robot_bringup', 'symlink_install': False, 'test_result_base': None}
[0.828s] INFO:colcon.colcon_core.executor:Executing jobs using 'parallel' executor
[0.838s] DEBUG:colcon.colcon_parallel_executor.executor.parallel:run_until_complete
[0.838s] INFO:colcon.colcon_ros.task.ament_cmake.build:Building ROS package in '/home/xamjam/ros2_ws/src/custom_interfaces' with build type 'ament_cmake'
[0.838s] INFO:colcon.colcon_cmake.task.cmake.build:Building CMake package in '/home/xamjam/ros2_ws/src/custom_interfaces'
[0.848s] INFO:colcon.colcon_core.plugin_system:Skipping extension 'colcon_core.shell.bat': Not used on non-Windows systems
[0.848s] INFO:colcon.colcon_core.shell:Skip shell extension 'powershell' for command environment: Not usable outside of PowerShell
[0.848s] DEBUG:colcon.colcon_core.shell:Skip shell extension 'dsv' for command environment
[0.882s] DEBUG:colcon.colcon_core.event_handler.log_command:Invoking command in '/home/xamjam/ros2_ws/build/custom_interfaces': CMAKE_PREFIX_PATH=${CMAKE_PREFIX_PATH}:/opt/ros/humble /usr/bin/cmake --build /home/xamjam/ros2_ws/build/custom_interfaces -- -j16 -l16
[1.103s] DEBUG:colcon.colcon_core.event_handler.log_command:Invoked command in '/home/xamjam/ros2_ws/build/custom_interfaces' returned '0': CMAKE_PREFIX_PATH=${CMAKE_PREFIX_PATH}:/opt/ros/humble /usr/bin/cmake --build /home/xamjam/ros2_ws/build/custom_interfaces -- -j16 -l16
[1.188s] DEBUG:colcon.colcon_core.event_handler.log_command:Invoking command in '/home/xamjam/ros2_ws/build/custom_interfaces': CMAKE_PREFIX_PATH=${CMAKE_PREFIX_PATH}:/opt/ros/humble /usr/bin/cmake --install /home/xamjam/ros2_ws/build/custom_interfaces
[1.224s] Level 1:colcon.colcon_core.environment:create_environment_scripts_only(custom_interfaces)
[1.225s] DEBUG:colcon.colcon_core.event_handler.log_command:Invoked command in '/home/xamjam/ros2_ws/build/custom_interfaces' returned '0': CMAKE_PREFIX_PATH=${CMAKE_PREFIX_PATH}:/opt/ros/humble /usr/bin/cmake --install /home/xamjam/ros2_ws/build/custom_interfaces
[1.235s] Level 1:colcon.colcon_core.environment:checking '/home/xamjam/ros2_ws/install/custom_interfaces' for CMake module files
[1.236s] Level 1:colcon.colcon_core.environment:checking '/home/xamjam/ros2_ws/install/custom_interfaces' for CMake config files
[1.236s] Level 1:colcon.colcon_core.shell:create_environment_hook('custom_interfaces', 'cmake_prefix_path')
[1.245s] INFO:colcon.colcon_core.shell:Creating environment hook '/home/xamjam/ros2_ws/install/custom_interfaces/share/custom_interfaces/hook/cmake_prefix_path.ps1'
[1.246s] INFO:colcon.colcon_core.shell:Creating environment descriptor '/home/xamjam/ros2_ws/install/custom_interfaces/share/custom_interfaces/hook/cmake_prefix_path.dsv'
[1.246s] INFO:colcon.colcon_core.shell:Creating environment hook '/home/xamjam/ros2_ws/install/custom_interfaces/share/custom_interfaces/hook/cmake_prefix_path.sh'
[1.246s] Level 1:colcon.colcon_core.environment:checking '/home/xamjam/ros2_ws/install/custom_interfaces/lib'
[1.247s] Level 1:colcon.colcon_core.shell:create_environment_hook('custom_interfaces', 'ld_library_path_lib')
[1.256s] INFO:colcon.colcon_core.shell:Creating environment hook '/home/xamjam/ros2_ws/install/custom_interfaces/share/custom_interfaces/hook/ld_library_path_lib.ps1'
[1.256s] INFO:colcon.colcon_core.shell:Creating environment descriptor '/home/xamjam/ros2_ws/install/custom_interfaces/share/custom_interfaces/hook/ld_library_path_lib.dsv'
[1.256s] INFO:colcon.colcon_core.shell:Creating environment hook '/home/xamjam/ros2_ws/install/custom_interfaces/share/custom_interfaces/hook/ld_library_path_lib.sh'
[1.256s] Level 1:colcon.colcon_core.environment:checking '/home/xamjam/ros2_ws/install/custom_interfaces/bin'
[1.256s] Level 1:colcon.colcon_core.environment:checking '/home/xamjam/ros2_ws/install/custom_interfaces/lib/pkgconfig/custom_interfaces.pc'
[1.257s] Level 1:colcon.colcon_core.environment:checking '/home/xamjam/ros2_ws/install/custom_interfaces/lib/python3.10/site-packages'
[1.257s] Level 1:colcon.colcon_core.environment:checking '/home/xamjam/ros2_ws/install/custom_interfaces/bin'
[1.272s] INFO:colcon.colcon_core.shell:Creating package script '/home/xamjam/ros2_ws/install/custom_interfaces/share/custom_interfaces/package.ps1'
[1.272s] INFO:colcon.colcon_core.shell:Creating package descriptor '/home/xamjam/ros2_ws/install/custom_interfaces/share/custom_interfaces/package.dsv'
[1.273s] INFO:colcon.colcon_core.shell:Creating package script '/home/xamjam/ros2_ws/install/custom_interfaces/share/custom_interfaces/package.sh'
[1.273s] INFO:colcon.colcon_core.shell:Creating package script '/home/xamjam/ros2_ws/install/custom_interfaces/share/custom_interfaces/package.bash'
[1.273s] INFO:colcon.colcon_core.shell:Creating package script '/home/xamjam/ros2_ws/install/custom_interfaces/share/custom_interfaces/package.zsh'
[1.274s] Level 1:colcon.colcon_core.environment:create_file_with_runtime_dependencies(/home/xamjam/ros2_ws/install/custom_interfaces/share/colcon-core/packages/custom_interfaces)
[1.361s] Level 1:colcon.colcon_core.environment:create_environment_scripts_only(custom_interfaces)
[1.370s] Level 1:colcon.colcon_core.environment:checking '/home/xamjam/ros2_ws/install/custom_interfaces' for CMake module files
[1.371s] Level 1:colcon.colcon_core.environment:checking '/home/xamjam/ros2_ws/install/custom_interfaces' for CMake config files
[1.371s] Level 1:colcon.colcon_core.shell:create_environment_hook('custom_interfaces', 'cmake_prefix_path')
[1.380s] INFO:colcon.colcon_core.shell:Creating environment hook '/home/xamjam/ros2_ws/install/custom_interfaces/share/custom_interfaces/hook/cmake_prefix_path.ps1'
[1.381s] INFO:colcon.colcon_core.shell:Creating environment descriptor '/home/xamjam/ros2_ws/install/custom_interfaces/share/custom_interfaces/hook/cmake_prefix_path.dsv'
[1.381s] INFO:colcon.colcon_core.shell:Creating environment hook '/home/xamjam/ros2_ws/install/custom_interfaces/share/custom_interfaces/hook/cmake_prefix_path.sh'
[1.381s] Level 1:colcon.colcon_core.environment:checking '/home/xamjam/ros2_ws/install/custom_interfaces/lib'
[1.381s] Level 1:colcon.colcon_core.shell:create_environment_hook('custom_interfaces', 'ld_library_path_lib')
[1.390s] INFO:colcon.colcon_core.shell:Creating environment hook '/home/xamjam/ros2_ws/install/custom_interfaces/share/custom_interfaces/hook/ld_library_path_lib.ps1'
[1.391s] INFO:colcon.colcon_core.shell:Creating environment descriptor '/home/xamjam/ros2_ws/install/custom_interfaces/share/custom_interfaces/hook/ld_library_path_lib.dsv'
[1.391s] INFO:colcon.colcon_core.shell:Creating environment hook '/home/xamjam/ros2_ws/install/custom_interfaces/share/custom_interfaces/hook/ld_library_path_lib.sh'
[1.391s] Level 1:colcon.colcon_core.environment:checking '/home/xamjam/ros2_ws/install/custom_interfaces/bin'
[1.391s] Level 1:colcon.colcon_core.environment:checking '/home/xamjam/ros2_ws/install/custom_interfaces/lib/pkgconfig/custom_interfaces.pc'
[1.391s] Level 1:colcon.colcon_core.environment:checking '/home/xamjam/ros2_ws/install/custom_interfaces/lib/python3.10/site-packages'
[1.391s] Level 1:colcon.colcon_core.environment:checking '/home/xamjam/ros2_ws/install/custom_interfaces/bin'
[1.401s] INFO:colcon.colcon_core.shell:Creating package script '/home/xamjam/ros2_ws/install/custom_interfaces/share/custom_interfaces/package.ps1'
[1.401s] INFO:colcon.colcon_core.shell:Creating package descriptor '/home/xamjam/ros2_ws/install/custom_interfaces/share/custom_interfaces/package.dsv'
[1.401s] INFO:colcon.colcon_core.shell:Creating package script '/home/xamjam/ros2_ws/install/custom_interfaces/share/custom_interfaces/package.sh'
[1.402s] INFO:colcon.colcon_core.shell:Creating package script '/home/xamjam/ros2_ws/install/custom_interfaces/share/custom_interfaces/package.bash'
[1.402s] INFO:colcon.colcon_core.shell:Creating package script '/home/xamjam/ros2_ws/install/custom_interfaces/share/custom_interfaces/package.zsh'
[1.402s] Level 1:colcon.colcon_core.environment:create_file_with_runtime_dependencies(/home/xamjam/ros2_ws/install/custom_interfaces/share/colcon-core/packages/custom_interfaces)
[1.402s] INFO:colcon.colcon_ros.task.ament_cmake.build:Building ROS package in '/home/xamjam/ros2_ws/src/turtle_sim_project' with build type 'ament_cmake'
[1.402s] INFO:colcon.colcon_cmake.task.cmake.build:Building CMake package in '/home/xamjam/ros2_ws/src/turtle_sim_project'
[1.414s] INFO:colcon.colcon_core.shell:Skip shell extension 'powershell' for command environment: Not usable outside of PowerShell
[1.414s] DEBUG:colcon.colcon_core.shell:Skip shell extension 'dsv' for command environment
[1.449s] DEBUG:colcon.colcon_core.event_handler.log_command:Invoking command in '/home/xamjam/ros2_ws/build/turtle_sim_project': CMAKE_PREFIX_PATH=/home/xamjam/ros2_ws/install/custom_interfaces:/home/xamjam/ros2_ws/install/my_robot_bringup:/home/xamjam/ros2_ws/install/turtle_sim_project:/opt/ros/humble /usr/bin/cmake --build /home/xamjam/ros2_ws/build/turtle_sim_project -- -j16 -l16
[1.496s] DEBUG:colcon.colcon_core.event_handler.log_command:Invoked command in '/home/xamjam/ros2_ws/build/turtle_sim_project' returned '0': CMAKE_PREFIX_PATH=/home/xamjam/ros2_ws/install/custom_interfaces:/home/xamjam/ros2_ws/install/my_robot_bringup:/home/xamjam/ros2_ws/install/turtle_sim_project:/opt/ros/humble /usr/bin/cmake --build /home/xamjam/ros2_ws/build/turtle_sim_project -- -j16 -l16
[1.517s] DEBUG:colcon.colcon_core.event_handler.log_command:Invoking command in '/home/xamjam/ros2_ws/build/turtle_sim_project': CMAKE_PREFIX_PATH=/home/xamjam/ros2_ws/install/custom_interfaces:/home/xamjam/ros2_ws/install/my_robot_bringup:/home/xamjam/ros2_ws/install/turtle_sim_project:/opt/ros/humble /usr/bin/cmake --install /home/xamjam/ros2_ws/build/turtle_sim_project
[1.525s] Level 1:colcon.colcon_core.environment:create_environment_scripts_only(turtle_sim_project)
[1.525s] DEBUG:colcon.colcon_core.event_handler.log_command:Invoked command in '/home/xamjam/ros2_ws/build/turtle_sim_project' returned '0': CMAKE_PREFIX_PATH=/home/xamjam/ros2_ws/install/custom_interfaces:/home/xamjam/ros2_ws/install/my_robot_bringup:/home/xamjam/ros2_ws/install/turtle_sim_project:/opt/ros/humble /usr/bin/cmake --install /home/xamjam/ros2_ws/build/turtle_sim_project
[1.534s] Level 1:colcon.colcon_core.environment:checking '/home/xamjam/ros2_ws/install/turtle_sim_project' for CMake module files
[1.535s] Level 1:colcon.colcon_core.environment:checking '/home/xamjam/ros2_ws/install/turtle_sim_project' for CMake config files
[1.535s] Level 1:colcon.colcon_core.shell:create_environment_hook('turtle_sim_project', 'cmake_prefix_path')
[1.544s] INFO:colcon.colcon_core.shell:Creating environment hook '/home/xamjam/ros2_ws/install/turtle_sim_project/share/turtle_sim_project/hook/cmake_prefix_path.ps1'
[1.544s] INFO:colcon.colcon_core.shell:Creating environment descriptor '/home/xamjam/ros2_ws/install/turtle_sim_project/share/turtle_sim_project/hook/cmake_prefix_path.dsv'
[1.544s] INFO:colcon.colcon_core.shell:Creating environment hook '/home/xamjam/ros2_ws/install/turtle_sim_project/share/turtle_sim_project/hook/cmake_prefix_path.sh'
[1.545s] Level 1:colcon.colcon_core.environment:checking '/home/xamjam/ros2_ws/install/turtle_sim_project/lib'
[1.545s] Level 1:colcon.colcon_core.environment:checking '/home/xamjam/ros2_ws/install/turtle_sim_project/bin'
[1.545s] Level 1:colcon.colcon_core.environment:checking '/home/xamjam/ros2_ws/install/turtle_sim_project/lib/pkgconfig/turtle_sim_project.pc'
[1.545s] Level 1:colcon.colcon_core.environment:checking '/home/xamjam/ros2_ws/install/turtle_sim_project/lib/python3.10/site-packages'
[1.545s] Level 1:colcon.colcon_core.environment:checking '/home/xamjam/ros2_ws/install/turtle_sim_project/bin'
[1.554s] INFO:colcon.colcon_core.shell:Creating package script '/home/xamjam/ros2_ws/install/turtle_sim_project/share/turtle_sim_project/package.ps1'
[1.554s] INFO:colcon.colcon_core.shell:Creating package descriptor '/home/xamjam/ros2_ws/install/turtle_sim_project/share/turtle_sim_project/package.dsv'
[1.555s] INFO:colcon.colcon_core.shell:Creating package script '/home/xamjam/ros2_ws/install/turtle_sim_project/share/turtle_sim_project/package.sh'
[1.555s] INFO:colcon.colcon_core.shell:Creating package script '/home/xamjam/ros2_ws/install/turtle_sim_project/share/turtle_sim_project/package.bash'
[1.555s] INFO:colcon.colcon_core.shell:Creating package script '/home/xamjam/ros2_ws/install/turtle_sim_project/share/turtle_sim_project/package.zsh'
[1.555s] Level 1:colcon.colcon_core.environment:create_file_with_runtime_dependencies(/home/xamjam/ros2_ws/install/turtle_sim_project/share/colcon-core/packages/turtle_sim_project)
[1.586s] Level 1:colcon.colcon_core.environment:create_environment_scripts_only(turtle_sim_project)
[1.595s] Level 1:colcon.colcon_core.environment:checking '/home/xamjam/ros2_ws/install/turtle_sim_project' for CMake module files
[1.595s] Level 1:colcon.colcon_core.environment:checking '/home/xamjam/ros2_ws/install/turtle_sim_project' for CMake config files
[1.595s] Level 1:colcon.colcon_core.shell:create_environment_hook('turtle_sim_project', 'cmake_prefix_path')
[1.604s] INFO:colcon.colcon_core.shell:Creating environment hook '/home/xamjam/ros2_ws/install/turtle_sim_project/share/turtle_sim_project/hook/cmake_prefix_path.ps1'
[1.605s] INFO:colcon.colcon_core.shell:Creating environment descriptor '/home/xamjam/ros2_ws/install/turtle_sim_project/share/turtle_sim_project/hook/cmake_prefix_path.dsv'
[1.605s] INFO:colcon.colcon_core.shell:Creating environment hook '/home/xamjam/ros2_ws/install/turtle_sim_project/share/turtle_sim_project/hook/cmake_prefix_path.sh'
[1.605s] Level 1:colcon.colcon_core.environment:checking '/home/xamjam/ros2_ws/install/turtle_sim_project/lib'
[1.605s] Level 1:colcon.colcon_core.environment:checking '/home/xamjam/ros2_ws/install/turtle_sim_project/bin'
[1.605s] Level 1:colcon.colcon_core.environment:checking '/home/xamjam/ros2_ws/install/turtle_sim_project/lib/pkgconfig/turtle_sim_project.pc'
[1.606s] Level 1:colcon.colcon_core.environment:checking '/home/xamjam/ros2_ws/install/turtle_sim_project/lib/python3.10/site-packages'
[1.606s] Level 1:colcon.colcon_core.environment:checking '/home/xamjam/ros2_ws/install/turtle_sim_project/bin'
[1.615s] INFO:colcon.colcon_core.shell:Creating package script '/home/xamjam/ros2_ws/install/turtle_sim_project/share/turtle_sim_project/package.ps1'
[1.615s] INFO:colcon.colcon_core.shell:Creating package descriptor '/home/xamjam/ros2_ws/install/turtle_sim_project/share/turtle_sim_project/package.dsv'
[1.615s] INFO:colcon.colcon_core.shell:Creating package script '/home/xamjam/ros2_ws/install/turtle_sim_project/share/turtle_sim_project/package.sh'
[1.616s] INFO:colcon.colcon_core.shell:Creating package script '/home/xamjam/ros2_ws/install/turtle_sim_project/share/turtle_sim_project/package.bash'
[1.616s] INFO:colcon.colcon_core.shell:Creating package script '/home/xamjam/ros2_ws/install/turtle_sim_project/share/turtle_sim_project/package.zsh'
[1.616s] Level 1:colcon.colcon_core.environment:create_file_with_runtime_dependencies(/home/xamjam/ros2_ws/install/turtle_sim_project/share/colcon-core/packages/turtle_sim_project)
[1.616s] INFO:colcon.colcon_ros.task.ament_cmake.build:Building ROS package in '/home/xamjam/ros2_ws/src/my_robot_bringup' with build type 'ament_cmake'
[1.616s] INFO:colcon.colcon_cmake.task.cmake.build:Building CMake package in '/home/xamjam/ros2_ws/src/my_robot_bringup'
[1.626s] INFO:colcon.colcon_core.shell:Skip shell extension 'powershell' for command environment: Not usable outside of PowerShell
[1.626s] DEBUG:colcon.colcon_core.shell:Skip shell extension 'dsv' for command environment
[1.661s] DEBUG:colcon.colcon_core.event_handler.log_command:Invoking command in '/home/xamjam/ros2_ws/build/my_robot_bringup': CMAKE_PREFIX_PATH=/home/xamjam/ros2_ws/install/turtle_sim_project:/home/xamjam/ros2_ws/install/custom_interfaces:/home/xamjam/ros2_ws/install/my_robot_bringup:/opt/ros/humble /usr/bin/cmake --build /home/xamjam/ros2_ws/build/my_robot_bringup -- -j16 -l16
[1.689s] DEBUG:colcon.colcon_core.event_handler.log_command:Invoked command in '/home/xamjam/ros2_ws/build/my_robot_bringup' returned '0': CMAKE_PREFIX_PATH=/home/xamjam/ros2_ws/install/turtle_sim_project:/home/xamjam/ros2_ws/install/custom_interfaces:/home/xamjam/ros2_ws/install/my_robot_bringup:/opt/ros/humble /usr/bin/cmake --build /home/xamjam/ros2_ws/build/my_robot_bringup -- -j16 -l16
[1.705s] DEBUG:colcon.colcon_core.event_handler.log_command:Invoking command in '/home/xamjam/ros2_ws/build/my_robot_bringup': CMAKE_PREFIX_PATH=/home/xamjam/ros2_ws/install/turtle_sim_project:/home/xamjam/ros2_ws/install/custom_interfaces:/home/xamjam/ros2_ws/install/my_robot_bringup:/opt/ros/humble /usr/bin/cmake --install /home/xamjam/ros2_ws/build/my_robot_bringup
[1.712s] Level 1:colcon.colcon_core.environment:create_environment_scripts_only(my_robot_bringup)
[1.712s] DEBUG:colcon.colcon_core.event_handler.log_command:Invoked command in '/home/xamjam/ros2_ws/build/my_robot_bringup' returned '0': CMAKE_PREFIX_PATH=/home/xamjam/ros2_ws/install/turtle_sim_project:/home/xamjam/ros2_ws/install/custom_interfaces:/home/xamjam/ros2_ws/install/my_robot_bringup:/opt/ros/humble /usr/bin/cmake --install /home/xamjam/ros2_ws/build/my_robot_bringup
[1.722s] Level 1:colcon.colcon_core.environment:checking '/home/xamjam/ros2_ws/install/my_robot_bringup' for CMake module files
[1.722s] Level 1:colcon.colcon_core.environment:checking '/home/xamjam/ros2_ws/install/my_robot_bringup' for CMake config files
[1.722s] Level 1:colcon.colcon_core.shell:create_environment_hook('my_robot_bringup', 'cmake_prefix_path')
[1.731s] INFO:colcon.colcon_core.shell:Creating environment hook '/home/xamjam/ros2_ws/install/my_robot_bringup/share/my_robot_bringup/hook/cmake_prefix_path.ps1'
[1.732s] INFO:colcon.colcon_core.shell:Creating environment descriptor '/home/xamjam/ros2_ws/install/my_robot_bringup/share/my_robot_bringup/hook/cmake_prefix_path.dsv'
[1.732s] INFO:colcon.colcon_core.shell:Creating environment hook '/home/xamjam/ros2_ws/install/my_robot_bringup/share/my_robot_bringup/hook/cmake_prefix_path.sh'
[1.732s] Level 1:colcon.colcon_core.environment:checking '/home/xamjam/ros2_ws/install/my_robot_bringup/bin'
[1.732s] Level 1:colcon.colcon_core.environment:checking '/home/xamjam/ros2_ws/install/my_robot_bringup/lib/pkgconfig/my_robot_bringup.pc'
[1.732s] Level 1:colcon.colcon_core.environment:checking '/home/xamjam/ros2_ws/install/my_robot_bringup/lib/python3.10/site-packages'
[1.733s] Level 1:colcon.colcon_core.environment:checking '/home/xamjam/ros2_ws/install/my_robot_bringup/bin'
[1.742s] INFO:colcon.colcon_core.shell:Creating package script '/home/xamjam/ros2_ws/install/my_robot_bringup/share/my_robot_bringup/package.ps1'
[1.742s] INFO:colcon.colcon_core.shell:Creating package descriptor '/home/xamjam/ros2_ws/install/my_robot_bringup/share/my_robot_bringup/package.dsv'
[1.743s] INFO:colcon.colcon_core.shell:Creating package script '/home/xamjam/ros2_ws/install/my_robot_bringup/share/my_robot_bringup/package.sh'
[1.743s] INFO:colcon.colcon_core.shell:Creating package script '/home/xamjam/ros2_ws/install/my_robot_bringup/share/my_robot_bringup/package.bash'
[1.743s] INFO:colcon.colcon_core.shell:Creating package script '/home/xamjam/ros2_ws/install/my_robot_bringup/share/my_robot_bringup/package.zsh'
[1.743s] Level 1:colcon.colcon_core.environment:create_file_with_runtime_dependencies(/home/xamjam/ros2_ws/install/my_robot_bringup/share/colcon-core/packages/my_robot_bringup)
[1.776s] Level 1:colcon.colcon_core.environment:create_environment_scripts_only(my_robot_bringup)
[1.786s] Level 1:colcon.colcon_core.environment:checking '/home/xamjam/ros2_ws/install/my_robot_bringup' for CMake module files
[1.786s] Level 1:colcon.colcon_core.environment:checking '/home/xamjam/ros2_ws/install/my_robot_bringup' for CMake config files
[1.786s] Level 1:colcon.colcon_core.shell:create_environment_hook('my_robot_bringup', 'cmake_prefix_path')
[1.795s] INFO:colcon.colcon_core.shell:Creating environment hook '/home/xamjam/ros2_ws/install/my_robot_bringup/share/my_robot_bringup/hook/cmake_prefix_path.ps1'
[1.796s] INFO:colcon.colcon_core.shell:Creating environment descriptor '/home/xamjam/ros2_ws/install/my_robot_bringup/share/my_robot_bringup/hook/cmake_prefix_path.dsv'
[1.796s] INFO:colcon.colcon_core.shell:Creating environment hook '/home/xamjam/ros2_ws/install/my_robot_bringup/share/my_robot_bringup/hook/cmake_prefix_path.sh'
[1.796s] Level 1:colcon.colcon_core.environment:checking '/home/xamjam/ros2_ws/install/my_robot_bringup/bin'
[1.796s] Level 1:colcon.colcon_core.environment:checking '/home/xamjam/ros2_ws/install/my_robot_bringup/lib/pkgconfig/my_robot_bringup.pc'
[1.796s] Level 1:colcon.colcon_core.environment:checking '/home/xamjam/ros2_ws/install/my_robot_bringup/lib/python3.10/site-packages'
[1.797s] Level 1:colcon.colcon_core.environment:checking '/home/xamjam/ros2_ws/install/my_robot_bringup/bin'
[1.806s] INFO:colcon.colcon_core.shell:Creating package script '/home/xamjam/ros2_ws/install/my_robot_bringup/share/my_robot_bringup/package.ps1'
[1.806s] INFO:colcon.colcon_core.shell:Creating package descriptor '/home/xamjam/ros2_ws/install/my_robot_bringup/share/my_robot_bringup/package.dsv'
[1.806s] INFO:colcon.colcon_core.shell:Creating package script '/home/xamjam/ros2_ws/install/my_robot_bringup/share/my_robot_bringup/package.sh'
[1.807s] INFO:colcon.colcon_core.shell:Creating package script '/home/xamjam/ros2_ws/install/my_robot_bringup/share/my_robot_bringup/package.bash'
[1.807s] INFO:colcon.colcon_core.shell:Creating package script '/home/xamjam/ros2_ws/install/my_robot_bringup/share/my_robot_bringup/package.zsh'
[1.807s] Level 1:colcon.colcon_core.environment:create_file_with_runtime_dependencies(/home/xamjam/ros2_ws/install/my_robot_bringup/share/colcon-core/packages/my_robot_bringup)
[1.807s] DEBUG:colcon.colcon_parallel_executor.executor.parallel:closing loop
[1.808s] DEBUG:colcon.colcon_parallel_executor.executor.parallel:loop closed
[1.808s] DEBUG:colcon.colcon_parallel_executor.executor.parallel:run_until_complete finished with '0'
[1.808s] DEBUG:colcon.colcon_core.event_reactor:joining thread
[1.820s] INFO:colcon.colcon_core.plugin_system:Skipping extension 'colcon_notification.desktop_notification.terminal_notifier': Not used on non-Darwin systems
[1.820s] INFO:colcon.colcon_core.plugin_system:Skipping extension 'colcon_notification.desktop_notification.win32': Not used on non-Windows systems
[1.820s] INFO:colcon.colcon_notification.desktop_notification:Sending desktop notification using 'notify2'
[1.829s] DEBUG:colcon.colcon_core.event_reactor:joined thread
[1.839s] INFO:colcon.colcon_core.shell:Creating prefix script '/home/xamjam/ros2_ws/install/local_setup.ps1'
[1.840s] INFO:colcon.colcon_core.shell:Creating prefix util module '/home/xamjam/ros2_ws/install/_local_setup_util_ps1.py'
[1.841s] INFO:colcon.colcon_core.shell:Creating prefix chain script '/home/xamjam/ros2_ws/install/setup.ps1'
[1.851s] INFO:colcon.colcon_core.shell:Creating prefix script '/home/xamjam/ros2_ws/install/local_setup.sh'
[1.851s] INFO:colcon.colcon_core.shell:Creating prefix util module '/home/xamjam/ros2_ws/install/_local_setup_util_sh.py'
[1.851s] INFO:colcon.colcon_core.shell:Creating prefix chain script '/home/xamjam/ros2_ws/install/setup.sh'
[1.861s] INFO:colcon.colcon_core.shell:Creating prefix script '/home/xamjam/ros2_ws/install/local_setup.bash'
[1.862s] INFO:colcon.colcon_core.shell:Creating prefix chain script '/home/xamjam/ros2_ws/install/setup.bash'
[1.872s] INFO:colcon.colcon_core.shell:Creating prefix script '/home/xamjam/ros2_ws/install/local_setup.zsh'
[1.872s] INFO:colcon.colcon_core.shell:Creating prefix chain script '/home/xamjam/ros2_ws/install/setup.zsh'
