[0.042s] Invoking command in '/home/xamjam/ros2_ws/build/custom_interfaces': CMAKE_PREFIX_PATH=${CMAKE_PREFIX_PATH}:/opt/ros/humble /usr/bin/cmake /home/xamjam/ros2_ws/src/custom_interfaces -DCMAKE_INSTALL_PREFIX=/home/xamjam/ros2_ws/install/custom_interfaces
[0.079s] -- The C compiler identification is GNU 11.4.0
[0.116s] -- The CXX compiler identification is GNU 11.4.0
[0.121s] -- Detecting C compiler ABI info
[0.172s] -- Detecting C compiler ABI info - done
[0.178s] -- Check for working C compiler: /usr/bin/cc - skipped
[0.178s] -- Detecting C compile features
[0.178s] -- Detecting C compile features - done
[0.181s] -- Detecting CXX compiler ABI info
[0.237s] -- Detecting CXX compiler ABI info - done
[0.243s] -- Check for working CXX compiler: /usr/bin/c++ - skipped
[0.243s] -- Detecting CXX compile features
[0.244s] -- Detecting CXX compile features - done
[0.246s] -- Found ament_cmake: 1.3.7 (/opt/ros/humble/share/ament_cmake/cmake)
[0.354s] -- Found Python3: /usr/bin/python3.10 (found version "3.10.12") found components: Interpreter 
[0.418s] -- Found rosidl_default_generators: 1.2.0 (/opt/ros/humble/share/rosidl_default_generators/cmake)
[0.420s] -- Using all available rosidl_typesupport_c: rosidl_typesupport_fastrtps_c;rosidl_typesupport_introspection_c
[0.426s] -- Found rosidl_adapter: 3.1.5 (/opt/ros/humble/share/rosidl_adapter/cmake)
[0.456s] -- Using all available rosidl_typesupport_cpp: rosidl_typesupport_fastrtps_cpp;rosidl_typesupport_introspection_cpp
[0.633s] -- Found ament_cmake_ros: 0.10.0 (/opt/ros/humble/share/ament_cmake_ros/cmake)
[0.745s] -- Using all available rosidl_typesupport_c: rosidl_typesupport_fastrtps_c;rosidl_typesupport_introspection_c
[0.892s] -- Using all available rosidl_typesupport_cpp: rosidl_typesupport_fastrtps_cpp;rosidl_typesupport_introspection_cpp
[0.906s] -- Found PythonInterp: /usr/bin/python3 (found suitable version "3.10.12", minimum required is "3.6") 
[0.907s] -- Found python_cmake_module: 0.10.0 (/opt/ros/humble/share/python_cmake_module/cmake)
[0.923s] -- Found PythonLibs: /usr/lib/x86_64-linux-gnu/libpython3.10.so (found suitable version "3.10.12", minimum required is "3.5") 
[0.923s] -- Using PYTHON_EXECUTABLE: /usr/bin/python3
[0.923s] -- Using PYTHON_INCLUDE_DIRS: /usr/include/python3.10
[0.923s] -- Using PYTHON_LIBRARIES: /usr/lib/x86_64-linux-gnu/libpython3.10.so
[0.936s] -- Found PythonExtra: .so  
[0.960s] -- Configuring done
[0.983s] -- Generating done
[0.985s] -- Build files have been written to: /home/xamjam/ros2_ws/build/custom_interfaces
[0.989s] Invoked command in '/home/xamjam/ros2_ws/build/custom_interfaces' returned '0': CMAKE_PREFIX_PATH=${CMAKE_PREFIX_PATH}:/opt/ros/humble /usr/bin/cmake /home/xamjam/ros2_ws/src/custom_interfaces -DCMAKE_INSTALL_PREFIX=/home/xamjam/ros2_ws/install/custom_interfaces
[0.991s] Invoking command in '/home/xamjam/ros2_ws/build/custom_interfaces': CMAKE_PREFIX_PATH=${CMAKE_PREFIX_PATH}:/opt/ros/humble /usr/bin/cmake --build /home/xamjam/ros2_ws/build/custom_interfaces -- -j16 -l16
[1.019s] [  2%] [34m[1mGenerating C code for ROS interfaces[0m
[1.025s] [  4%] [34m[1mGenerating C++ code for ROS interfaces[0m
[1.031s] [  4%] Built target ament_cmake_python_copy_custom_interfaces
[1.188s] running egg_info
[1.188s] creating custom_interfaces.egg-info
[1.188s] writing custom_interfaces.egg-info/PKG-INFO
[1.188s] writing dependency_links to custom_interfaces.egg-info/dependency_links.txt
[1.188s] writing top-level names to custom_interfaces.egg-info/top_level.txt
[1.188s] writing manifest file 'custom_interfaces.egg-info/SOURCES.txt'
[1.189s] reading manifest file 'custom_interfaces.egg-info/SOURCES.txt'
[1.190s] writing manifest file 'custom_interfaces.egg-info/SOURCES.txt'
[1.207s] [  4%] Built target ament_cmake_python_build_custom_interfaces_egg
[1.250s] [  8%] [32mBuilding C object CMakeFiles/custom_interfaces__rosidl_generator_c.dir/rosidl_generator_c/custom_interfaces/msg/detail/turtle__functions.c.o[0m
[1.250s] [  8%] [32mBuilding C object CMakeFiles/custom_interfaces__rosidl_generator_c.dir/rosidl_generator_c/custom_interfaces/msg/detail/turtle_array__functions.c.o[0m
[1.250s] [ 10%] [32mBuilding C object CMakeFiles/custom_interfaces__rosidl_generator_c.dir/rosidl_generator_c/custom_interfaces/srv/detail/turtle_kill__functions.c.o[0m
[1.251s] [ 10%] Built target custom_interfaces__cpp
[1.258s] [ 17%] [34m[1mGenerating C++ introspection for ROS interfaces[0m
[1.258s] [ 17%] [34m[1mGenerating C++ type support for eProsima Fast-RTPS[0m
[1.258s] [ 17%] [34m[1mGenerating C++ type support dispatch for ROS interfaces[0m
[1.288s] [ 19%] [32m[1mLinking C shared library libcustom_interfaces__rosidl_generator_c.so[0m
[1.314s] [ 19%] Built target custom_interfaces__rosidl_generator_c
[1.322s] [ 25%] [34m[1mGenerating C introspection for ROS interfaces[0m
[1.322s] [ 25%] [34m[1mGenerating C type support for eProsima Fast-RTPS[0m
[1.322s] [ 25%] [34m[1mGenerating C type support dispatch for ROS interfaces[0m
[1.429s] [ 27%] [32mBuilding CXX object CMakeFiles/custom_interfaces__rosidl_typesupport_cpp.dir/rosidl_typesupport_cpp/custom_interfaces/msg/turtle_array__type_support.cpp.o[0m
[1.430s] [ 31%] [32mBuilding CXX object CMakeFiles/custom_interfaces__rosidl_typesupport_cpp.dir/rosidl_typesupport_cpp/custom_interfaces/srv/turtle_kill__type_support.cpp.o[0m
[1.430s] [ 31%] [32mBuilding CXX object CMakeFiles/custom_interfaces__rosidl_typesupport_cpp.dir/rosidl_typesupport_cpp/custom_interfaces/msg/turtle__type_support.cpp.o[0m
[1.455s] [ 34%] [32mBuilding CXX object CMakeFiles/custom_interfaces__rosidl_typesupport_introspection_cpp.dir/rosidl_typesupport_introspection_cpp/custom_interfaces/msg/detail/turtle_array__type_support.cpp.o[0m
[1.455s] [ 36%] [32mBuilding CXX object CMakeFiles/custom_interfaces__rosidl_typesupport_introspection_cpp.dir/rosidl_typesupport_introspection_cpp/custom_interfaces/msg/detail/turtle__type_support.cpp.o[0m
[1.456s] [ 38%] [32mBuilding CXX object CMakeFiles/custom_interfaces__rosidl_typesupport_introspection_cpp.dir/rosidl_typesupport_introspection_cpp/custom_interfaces/srv/detail/turtle_kill__type_support.cpp.o[0m
[1.467s] [ 40%] [32mBuilding CXX object CMakeFiles/custom_interfaces__rosidl_typesupport_fastrtps_cpp.dir/rosidl_typesupport_fastrtps_cpp/custom_interfaces/msg/detail/dds_fastrtps/turtle__type_support.cpp.o[0m
[1.469s] [ 44%] [32mBuilding CXX object CMakeFiles/custom_interfaces__rosidl_typesupport_fastrtps_cpp.dir/rosidl_typesupport_fastrtps_cpp/custom_interfaces/msg/detail/dds_fastrtps/turtle_array__type_support.cpp.o[0m
[1.469s] [ 44%] [32mBuilding CXX object CMakeFiles/custom_interfaces__rosidl_typesupport_fastrtps_cpp.dir/rosidl_typesupport_fastrtps_cpp/custom_interfaces/srv/detail/dds_fastrtps/turtle_kill__type_support.cpp.o[0m
[1.520s] [ 46%] [32mBuilding CXX object CMakeFiles/custom_interfaces__rosidl_typesupport_c.dir/rosidl_typesupport_c/custom_interfaces/msg/turtle__type_support.cpp.o[0m
[1.521s] [ 48%] [32mBuilding CXX object CMakeFiles/custom_interfaces__rosidl_typesupport_c.dir/rosidl_typesupport_c/custom_interfaces/msg/turtle_array__type_support.cpp.o[0m
[1.531s] [ 51%] [32mBuilding CXX object CMakeFiles/custom_interfaces__rosidl_typesupport_c.dir/rosidl_typesupport_c/custom_interfaces/srv/turtle_kill__type_support.cpp.o[0m
[1.544s] [ 55%] [32mBuilding C object CMakeFiles/custom_interfaces__rosidl_typesupport_introspection_c.dir/rosidl_typesupport_introspection_c/custom_interfaces/srv/detail/turtle_kill__type_support.c.o[0m
[1.544s] [ 55%] [32mBuilding C object CMakeFiles/custom_interfaces__rosidl_typesupport_introspection_c.dir/rosidl_typesupport_introspection_c/custom_interfaces/msg/detail/turtle_array__type_support.c.o[0m
[1.549s] [ 57%] [32mBuilding C object CMakeFiles/custom_interfaces__rosidl_typesupport_introspection_c.dir/rosidl_typesupport_introspection_c/custom_interfaces/msg/detail/turtle__type_support.c.o[0m
[1.567s] [ 59%] [32m[1mLinking CXX shared library libcustom_interfaces__rosidl_typesupport_c.so[0m
[1.589s] [ 61%] [32m[1mLinking C shared library libcustom_interfaces__rosidl_typesupport_introspection_c.so[0m
[1.604s] [ 65%] [32mBuilding CXX object CMakeFiles/custom_interfaces__rosidl_typesupport_fastrtps_c.dir/rosidl_typesupport_fastrtps_c/custom_interfaces/msg/detail/turtle_array__type_support_c.cpp.o[0m
[1.604s] [ 65%] [32mBuilding CXX object CMakeFiles/custom_interfaces__rosidl_typesupport_fastrtps_c.dir/rosidl_typesupport_fastrtps_c/custom_interfaces/srv/detail/turtle_kill__type_support_c.cpp.o[0m
[1.605s] [ 68%] [32mBuilding CXX object CMakeFiles/custom_interfaces__rosidl_typesupport_fastrtps_c.dir/rosidl_typesupport_fastrtps_c/custom_interfaces/msg/detail/turtle__type_support_c.cpp.o[0m
[1.621s] [ 68%] Built target custom_interfaces__rosidl_typesupport_c
[1.628s] [ 68%] Built target custom_interfaces__rosidl_typesupport_introspection_c
[1.674s] [ 70%] [32m[1mLinking CXX shared library libcustom_interfaces__rosidl_typesupport_cpp.so[0m
[1.706s] [ 70%] Built target custom_interfaces__rosidl_typesupport_cpp
[1.801s] [ 72%] [32m[1mLinking CXX shared library libcustom_interfaces__rosidl_typesupport_fastrtps_cpp.so[0m
[1.827s] [ 74%] [32m[1mLinking CXX shared library libcustom_interfaces__rosidl_typesupport_introspection_cpp.so[0m
[1.854s] [ 74%] Built target custom_interfaces__rosidl_typesupport_fastrtps_cpp
[1.879s] [ 74%] Built target custom_interfaces__rosidl_typesupport_introspection_cpp
[1.900s] [ 76%] [32m[1mLinking CXX shared library libcustom_interfaces__rosidl_typesupport_fastrtps_c.so[0m
[1.947s] [ 76%] Built target custom_interfaces__rosidl_typesupport_fastrtps_c
[1.961s] [ 76%] Built target custom_interfaces
[1.975s] [ 78%] [34m[1mGenerating Python code for ROS interfaces[0m
[2.283s] [ 78%] Built target custom_interfaces__py
[2.297s] [ 80%] [32mBuilding C object CMakeFiles/custom_interfaces__rosidl_generator_py.dir/rosidl_generator_py/custom_interfaces/msg/_turtle_s.c.o[0m
[2.297s] [ 82%] [32mBuilding C object CMakeFiles/custom_interfaces__rosidl_generator_py.dir/rosidl_generator_py/custom_interfaces/msg/_turtle_array_s.c.o[0m
[2.297s] [ 85%] [32mBuilding C object CMakeFiles/custom_interfaces__rosidl_generator_py.dir/rosidl_generator_py/custom_interfaces/srv/_turtle_kill_s.c.o[0m
[2.362s] [ 87%] [32m[1mLinking C shared library rosidl_generator_py/custom_interfaces/libcustom_interfaces__rosidl_generator_py.so[0m
[2.390s] [ 87%] Built target custom_interfaces__rosidl_generator_py
[2.405s] [ 93%] [32mBuilding C object CMakeFiles/custom_interfaces__rosidl_typesupport_introspection_c__pyext.dir/rosidl_generator_py/custom_interfaces/_custom_interfaces_s.ep.rosidl_typesupport_introspection_c.c.o[0m
[2.405s] [ 93%] [32mBuilding C object CMakeFiles/custom_interfaces__rosidl_typesupport_fastrtps_c__pyext.dir/rosidl_generator_py/custom_interfaces/_custom_interfaces_s.ep.rosidl_typesupport_fastrtps_c.c.o[0m
[2.405s] [ 93%] [32mBuilding C object CMakeFiles/custom_interfaces__rosidl_typesupport_c__pyext.dir/rosidl_generator_py/custom_interfaces/_custom_interfaces_s.ep.rosidl_typesupport_c.c.o[0m
[2.470s] [ 95%] [32m[1mLinking C shared library rosidl_generator_py/custom_interfaces/custom_interfaces_s__rosidl_typesupport_c.cpython-310-x86_64-linux-gnu.so[0m
[2.473s] [ 97%] [32m[1mLinking C shared library rosidl_generator_py/custom_interfaces/custom_interfaces_s__rosidl_typesupport_fastrtps_c.cpython-310-x86_64-linux-gnu.so[0m
[2.479s] [100%] [32m[1mLinking C shared library rosidl_generator_py/custom_interfaces/custom_interfaces_s__rosidl_typesupport_introspection_c.cpython-310-x86_64-linux-gnu.so[0m
[2.493s] [100%] Built target custom_interfaces__rosidl_typesupport_c__pyext
[2.496s] [100%] Built target custom_interfaces__rosidl_typesupport_fastrtps_c__pyext
[2.503s] [100%] Built target custom_interfaces__rosidl_typesupport_introspection_c__pyext
[2.511s] Invoked command in '/home/xamjam/ros2_ws/build/custom_interfaces' returned '0': CMAKE_PREFIX_PATH=${CMAKE_PREFIX_PATH}:/opt/ros/humble /usr/bin/cmake --build /home/xamjam/ros2_ws/build/custom_interfaces -- -j16 -l16
[2.590s] Invoking command in '/home/xamjam/ros2_ws/build/custom_interfaces': CMAKE_PREFIX_PATH=${CMAKE_PREFIX_PATH}:/opt/ros/humble /usr/bin/cmake --install /home/xamjam/ros2_ws/build/custom_interfaces
[2.596s] -- Install configuration: ""
[2.596s] -- Installing: /home/xamjam/ros2_ws/install/custom_interfaces/share/ament_index/resource_index/rosidl_interfaces/custom_interfaces
[2.596s] -- Installing: /home/xamjam/ros2_ws/install/custom_interfaces/include/custom_interfaces/custom_interfaces
[2.597s] -- Installing: /home/xamjam/ros2_ws/install/custom_interfaces/include/custom_interfaces/custom_interfaces/msg
[2.597s] -- Installing: /home/xamjam/ros2_ws/install/custom_interfaces/include/custom_interfaces/custom_interfaces/msg/turtle_array.h
[2.597s] -- Installing: /home/xamjam/ros2_ws/install/custom_interfaces/include/custom_interfaces/custom_interfaces/msg/detail
[2.597s] -- Installing: /home/xamjam/ros2_ws/install/custom_interfaces/include/custom_interfaces/custom_interfaces/msg/detail/turtle__functions.h
[2.597s] -- Installing: /home/xamjam/ros2_ws/install/custom_interfaces/include/custom_interfaces/custom_interfaces/msg/detail/turtle__struct.h
[2.597s] -- Installing: /home/xamjam/ros2_ws/install/custom_interfaces/include/custom_interfaces/custom_interfaces/msg/detail/turtle_array__struct.h
[2.597s] -- Installing: /home/xamjam/ros2_ws/install/custom_interfaces/include/custom_interfaces/custom_interfaces/msg/detail/turtle_array__type_support.h
[2.597s] -- Installing: /home/xamjam/ros2_ws/install/custom_interfaces/include/custom_interfaces/custom_interfaces/msg/detail/turtle__type_support.h
[2.597s] -- Installing: /home/xamjam/ros2_ws/install/custom_interfaces/include/custom_interfaces/custom_interfaces/msg/detail/turtle__functions.c
[2.597s] -- Installing: /home/xamjam/ros2_ws/install/custom_interfaces/include/custom_interfaces/custom_interfaces/msg/detail/turtle_array__functions.h
[2.597s] -- Installing: /home/xamjam/ros2_ws/install/custom_interfaces/include/custom_interfaces/custom_interfaces/msg/detail/turtle_array__functions.c
[2.597s] -- Installing: /home/xamjam/ros2_ws/install/custom_interfaces/include/custom_interfaces/custom_interfaces/msg/turtle.h
[2.598s] -- Installing: /home/xamjam/ros2_ws/install/custom_interfaces/include/custom_interfaces/custom_interfaces/msg/rosidl_generator_c__visibility_control.h
[2.598s] -- Installing: /home/xamjam/ros2_ws/install/custom_interfaces/include/custom_interfaces/custom_interfaces/srv
[2.598s] -- Installing: /home/xamjam/ros2_ws/install/custom_interfaces/include/custom_interfaces/custom_interfaces/srv/detail
[2.598s] -- Installing: /home/xamjam/ros2_ws/install/custom_interfaces/include/custom_interfaces/custom_interfaces/srv/detail/turtle_kill__functions.h
[2.598s] -- Installing: /home/xamjam/ros2_ws/install/custom_interfaces/include/custom_interfaces/custom_interfaces/srv/detail/turtle_kill__functions.c
[2.598s] -- Installing: /home/xamjam/ros2_ws/install/custom_interfaces/include/custom_interfaces/custom_interfaces/srv/detail/turtle_kill__struct.h
[2.598s] -- Installing: /home/xamjam/ros2_ws/install/custom_interfaces/include/custom_interfaces/custom_interfaces/srv/detail/turtle_kill__type_support.h
[2.598s] -- Installing: /home/xamjam/ros2_ws/install/custom_interfaces/include/custom_interfaces/custom_interfaces/srv/turtle_kill.h
[2.598s] -- Installing: /home/xamjam/ros2_ws/install/custom_interfaces/share/custom_interfaces/environment/library_path.sh
[2.599s] -- Installing: /home/xamjam/ros2_ws/install/custom_interfaces/share/custom_interfaces/environment/library_path.dsv
[2.599s] -- Installing: /home/xamjam/ros2_ws/install/custom_interfaces/lib/libcustom_interfaces__rosidl_generator_c.so
[2.599s] -- Set runtime path of "/home/xamjam/ros2_ws/install/custom_interfaces/lib/libcustom_interfaces__rosidl_generator_c.so" to ""
[2.599s] -- Up-to-date: /home/xamjam/ros2_ws/install/custom_interfaces/include/custom_interfaces/custom_interfaces
[2.599s] -- Up-to-date: /home/xamjam/ros2_ws/install/custom_interfaces/include/custom_interfaces/custom_interfaces/msg
[2.599s] -- Installing: /home/xamjam/ros2_ws/install/custom_interfaces/include/custom_interfaces/custom_interfaces/msg/rosidl_typesupport_fastrtps_c__visibility_control.h
[2.599s] -- Up-to-date: /home/xamjam/ros2_ws/install/custom_interfaces/include/custom_interfaces/custom_interfaces/msg/detail
[2.599s] -- Installing: /home/xamjam/ros2_ws/install/custom_interfaces/include/custom_interfaces/custom_interfaces/msg/detail/turtle__rosidl_typesupport_fastrtps_c.h
[2.599s] -- Installing: /home/xamjam/ros2_ws/install/custom_interfaces/include/custom_interfaces/custom_interfaces/msg/detail/turtle_array__rosidl_typesupport_fastrtps_c.h
[2.599s] -- Up-to-date: /home/xamjam/ros2_ws/install/custom_interfaces/include/custom_interfaces/custom_interfaces/srv
[2.600s] -- Up-to-date: /home/xamjam/ros2_ws/install/custom_interfaces/include/custom_interfaces/custom_interfaces/srv/detail
[2.600s] -- Installing: /home/xamjam/ros2_ws/install/custom_interfaces/include/custom_interfaces/custom_interfaces/srv/detail/turtle_kill__rosidl_typesupport_fastrtps_c.h
[2.600s] -- Installing: /home/xamjam/ros2_ws/install/custom_interfaces/lib/libcustom_interfaces__rosidl_typesupport_fastrtps_c.so
[2.600s] -- Set runtime path of "/home/xamjam/ros2_ws/install/custom_interfaces/lib/libcustom_interfaces__rosidl_typesupport_fastrtps_c.so" to ""
[2.600s] -- Up-to-date: /home/xamjam/ros2_ws/install/custom_interfaces/include/custom_interfaces/custom_interfaces
[2.600s] -- Up-to-date: /home/xamjam/ros2_ws/install/custom_interfaces/include/custom_interfaces/custom_interfaces/msg
[2.600s] -- Up-to-date: /home/xamjam/ros2_ws/install/custom_interfaces/include/custom_interfaces/custom_interfaces/msg/detail
[2.600s] -- Installing: /home/xamjam/ros2_ws/install/custom_interfaces/include/custom_interfaces/custom_interfaces/msg/detail/turtle__rosidl_typesupport_introspection_c.h
[2.600s] -- Installing: /home/xamjam/ros2_ws/install/custom_interfaces/include/custom_interfaces/custom_interfaces/msg/detail/turtle__type_support.c
[2.600s] -- Installing: /home/xamjam/ros2_ws/install/custom_interfaces/include/custom_interfaces/custom_interfaces/msg/detail/turtle_array__type_support.c
[2.600s] -- Installing: /home/xamjam/ros2_ws/install/custom_interfaces/include/custom_interfaces/custom_interfaces/msg/detail/turtle_array__rosidl_typesupport_introspection_c.h
[2.600s] -- Installing: /home/xamjam/ros2_ws/install/custom_interfaces/include/custom_interfaces/custom_interfaces/msg/rosidl_typesupport_introspection_c__visibility_control.h
[2.601s] -- Up-to-date: /home/xamjam/ros2_ws/install/custom_interfaces/include/custom_interfaces/custom_interfaces/srv
[2.601s] -- Up-to-date: /home/xamjam/ros2_ws/install/custom_interfaces/include/custom_interfaces/custom_interfaces/srv/detail
[2.601s] -- Installing: /home/xamjam/ros2_ws/install/custom_interfaces/include/custom_interfaces/custom_interfaces/srv/detail/turtle_kill__rosidl_typesupport_introspection_c.h
[2.601s] -- Installing: /home/xamjam/ros2_ws/install/custom_interfaces/include/custom_interfaces/custom_interfaces/srv/detail/turtle_kill__type_support.c
[2.601s] -- Installing: /home/xamjam/ros2_ws/install/custom_interfaces/lib/libcustom_interfaces__rosidl_typesupport_introspection_c.so
[2.601s] -- Set runtime path of "/home/xamjam/ros2_ws/install/custom_interfaces/lib/libcustom_interfaces__rosidl_typesupport_introspection_c.so" to ""
[2.601s] -- Installing: /home/xamjam/ros2_ws/install/custom_interfaces/lib/libcustom_interfaces__rosidl_typesupport_c.so
[2.602s] -- Set runtime path of "/home/xamjam/ros2_ws/install/custom_interfaces/lib/libcustom_interfaces__rosidl_typesupport_c.so" to ""
[2.602s] -- Up-to-date: /home/xamjam/ros2_ws/install/custom_interfaces/include/custom_interfaces/custom_interfaces
[2.602s] -- Up-to-date: /home/xamjam/ros2_ws/install/custom_interfaces/include/custom_interfaces/custom_interfaces/msg
[2.602s] -- Up-to-date: /home/xamjam/ros2_ws/install/custom_interfaces/include/custom_interfaces/custom_interfaces/msg/detail
[2.602s] -- Installing: /home/xamjam/ros2_ws/install/custom_interfaces/include/custom_interfaces/custom_interfaces/msg/detail/turtle_array__traits.hpp
[2.602s] -- Installing: /home/xamjam/ros2_ws/install/custom_interfaces/include/custom_interfaces/custom_interfaces/msg/detail/turtle__struct.hpp
[2.602s] -- Installing: /home/xamjam/ros2_ws/install/custom_interfaces/include/custom_interfaces/custom_interfaces/msg/detail/turtle__builder.hpp
[2.602s] -- Installing: /home/xamjam/ros2_ws/install/custom_interfaces/include/custom_interfaces/custom_interfaces/msg/detail/turtle_array__builder.hpp
[2.602s] -- Installing: /home/xamjam/ros2_ws/install/custom_interfaces/include/custom_interfaces/custom_interfaces/msg/detail/turtle_array__struct.hpp
[2.602s] -- Installing: /home/xamjam/ros2_ws/install/custom_interfaces/include/custom_interfaces/custom_interfaces/msg/detail/turtle__traits.hpp
[2.602s] -- Installing: /home/xamjam/ros2_ws/install/custom_interfaces/include/custom_interfaces/custom_interfaces/msg/turtle.hpp
[2.602s] -- Installing: /home/xamjam/ros2_ws/install/custom_interfaces/include/custom_interfaces/custom_interfaces/msg/turtle_array.hpp
[2.602s] -- Up-to-date: /home/xamjam/ros2_ws/install/custom_interfaces/include/custom_interfaces/custom_interfaces/srv
[2.602s] -- Up-to-date: /home/xamjam/ros2_ws/install/custom_interfaces/include/custom_interfaces/custom_interfaces/srv/detail
[2.602s] -- Installing: /home/xamjam/ros2_ws/install/custom_interfaces/include/custom_interfaces/custom_interfaces/srv/detail/turtle_kill__traits.hpp
[2.603s] -- Installing: /home/xamjam/ros2_ws/install/custom_interfaces/include/custom_interfaces/custom_interfaces/srv/detail/turtle_kill__builder.hpp
[2.603s] -- Installing: /home/xamjam/ros2_ws/install/custom_interfaces/include/custom_interfaces/custom_interfaces/srv/detail/turtle_kill__struct.hpp
[2.603s] -- Installing: /home/xamjam/ros2_ws/install/custom_interfaces/include/custom_interfaces/custom_interfaces/srv/turtle_kill.hpp
[2.603s] -- Up-to-date: /home/xamjam/ros2_ws/install/custom_interfaces/include/custom_interfaces/custom_interfaces
[2.603s] -- Up-to-date: /home/xamjam/ros2_ws/install/custom_interfaces/include/custom_interfaces/custom_interfaces/msg
[2.603s] -- Installing: /home/xamjam/ros2_ws/install/custom_interfaces/include/custom_interfaces/custom_interfaces/msg/rosidl_typesupport_fastrtps_cpp__visibility_control.h
[2.603s] -- Up-to-date: /home/xamjam/ros2_ws/install/custom_interfaces/include/custom_interfaces/custom_interfaces/msg/detail
[2.603s] -- Installing: /home/xamjam/ros2_ws/install/custom_interfaces/include/custom_interfaces/custom_interfaces/msg/detail/turtle__rosidl_typesupport_fastrtps_cpp.hpp
[2.603s] -- Installing: /home/xamjam/ros2_ws/install/custom_interfaces/include/custom_interfaces/custom_interfaces/msg/detail/turtle_array__rosidl_typesupport_fastrtps_cpp.hpp
[2.603s] -- Installing: /home/xamjam/ros2_ws/install/custom_interfaces/include/custom_interfaces/custom_interfaces/msg/detail/dds_fastrtps
[2.603s] -- Up-to-date: /home/xamjam/ros2_ws/install/custom_interfaces/include/custom_interfaces/custom_interfaces/srv
[2.603s] -- Up-to-date: /home/xamjam/ros2_ws/install/custom_interfaces/include/custom_interfaces/custom_interfaces/srv/detail
[2.603s] -- Installing: /home/xamjam/ros2_ws/install/custom_interfaces/include/custom_interfaces/custom_interfaces/srv/detail/dds_fastrtps
[2.603s] -- Installing: /home/xamjam/ros2_ws/install/custom_interfaces/include/custom_interfaces/custom_interfaces/srv/detail/turtle_kill__rosidl_typesupport_fastrtps_cpp.hpp
[2.604s] -- Installing: /home/xamjam/ros2_ws/install/custom_interfaces/lib/libcustom_interfaces__rosidl_typesupport_fastrtps_cpp.so
[2.604s] -- Set runtime path of "/home/xamjam/ros2_ws/install/custom_interfaces/lib/libcustom_interfaces__rosidl_typesupport_fastrtps_cpp.so" to ""
[2.604s] -- Up-to-date: /home/xamjam/ros2_ws/install/custom_interfaces/include/custom_interfaces/custom_interfaces
[2.604s] -- Up-to-date: /home/xamjam/ros2_ws/install/custom_interfaces/include/custom_interfaces/custom_interfaces/msg
[2.604s] -- Up-to-date: /home/xamjam/ros2_ws/install/custom_interfaces/include/custom_interfaces/custom_interfaces/msg/detail
[2.604s] -- Installing: /home/xamjam/ros2_ws/install/custom_interfaces/include/custom_interfaces/custom_interfaces/msg/detail/turtle_array__type_support.cpp
[2.604s] -- Installing: /home/xamjam/ros2_ws/install/custom_interfaces/include/custom_interfaces/custom_interfaces/msg/detail/turtle__type_support.cpp
[2.604s] -- Installing: /home/xamjam/ros2_ws/install/custom_interfaces/include/custom_interfaces/custom_interfaces/msg/detail/turtle_array__rosidl_typesupport_introspection_cpp.hpp
[2.604s] -- Installing: /home/xamjam/ros2_ws/install/custom_interfaces/include/custom_interfaces/custom_interfaces/msg/detail/turtle__rosidl_typesupport_introspection_cpp.hpp
[2.604s] -- Up-to-date: /home/xamjam/ros2_ws/install/custom_interfaces/include/custom_interfaces/custom_interfaces/srv
[2.604s] -- Up-to-date: /home/xamjam/ros2_ws/install/custom_interfaces/include/custom_interfaces/custom_interfaces/srv/detail
[2.605s] -- Installing: /home/xamjam/ros2_ws/install/custom_interfaces/include/custom_interfaces/custom_interfaces/srv/detail/turtle_kill__type_support.cpp
[2.605s] -- Installing: /home/xamjam/ros2_ws/install/custom_interfaces/include/custom_interfaces/custom_interfaces/srv/detail/turtle_kill__rosidl_typesupport_introspection_cpp.hpp
[2.605s] -- Installing: /home/xamjam/ros2_ws/install/custom_interfaces/lib/libcustom_interfaces__rosidl_typesupport_introspection_cpp.so
[2.605s] -- Set runtime path of "/home/xamjam/ros2_ws/install/custom_interfaces/lib/libcustom_interfaces__rosidl_typesupport_introspection_cpp.so" to ""
[2.605s] -- Installing: /home/xamjam/ros2_ws/install/custom_interfaces/lib/libcustom_interfaces__rosidl_typesupport_cpp.so
[2.605s] -- Set runtime path of "/home/xamjam/ros2_ws/install/custom_interfaces/lib/libcustom_interfaces__rosidl_typesupport_cpp.so" to ""
[2.605s] -- Installing: /home/xamjam/ros2_ws/install/custom_interfaces/share/custom_interfaces/environment/pythonpath.sh
[2.606s] -- Installing: /home/xamjam/ros2_ws/install/custom_interfaces/share/custom_interfaces/environment/pythonpath.dsv
[2.606s] -- Installing: /home/xamjam/ros2_ws/install/custom_interfaces/local/lib/python3.10/dist-packages/custom_interfaces-0.0.0-py3.10.egg-info
[2.606s] -- Installing: /home/xamjam/ros2_ws/install/custom_interfaces/local/lib/python3.10/dist-packages/custom_interfaces-0.0.0-py3.10.egg-info/top_level.txt
[2.606s] -- Installing: /home/xamjam/ros2_ws/install/custom_interfaces/local/lib/python3.10/dist-packages/custom_interfaces-0.0.0-py3.10.egg-info/SOURCES.txt
[2.606s] -- Installing: /home/xamjam/ros2_ws/install/custom_interfaces/local/lib/python3.10/dist-packages/custom_interfaces-0.0.0-py3.10.egg-info/PKG-INFO
[2.606s] -- Installing: /home/xamjam/ros2_ws/install/custom_interfaces/local/lib/python3.10/dist-packages/custom_interfaces-0.0.0-py3.10.egg-info/dependency_links.txt
[2.606s] -- Installing: /home/xamjam/ros2_ws/install/custom_interfaces/local/lib/python3.10/dist-packages/custom_interfaces
[2.606s] -- Installing: /home/xamjam/ros2_ws/install/custom_interfaces/local/lib/python3.10/dist-packages/custom_interfaces/custom_interfaces_s__rosidl_typesupport_fastrtps_c.cpython-310-x86_64-linux-gnu.so
[2.606s] -- Installing: /home/xamjam/ros2_ws/install/custom_interfaces/local/lib/python3.10/dist-packages/custom_interfaces/custom_interfaces_s__rosidl_typesupport_introspection_c.cpython-310-x86_64-linux-gnu.so
[2.606s] -- Installing: /home/xamjam/ros2_ws/install/custom_interfaces/local/lib/python3.10/dist-packages/custom_interfaces/custom_interfaces_s__rosidl_typesupport_c.cpython-310-x86_64-linux-gnu.so
[2.607s] -- Installing: /home/xamjam/ros2_ws/install/custom_interfaces/local/lib/python3.10/dist-packages/custom_interfaces/_custom_interfaces_s.ep.rosidl_typesupport_fastrtps_c.c
[2.607s] -- Installing: /home/xamjam/ros2_ws/install/custom_interfaces/local/lib/python3.10/dist-packages/custom_interfaces/msg
[2.607s] -- Installing: /home/xamjam/ros2_ws/install/custom_interfaces/local/lib/python3.10/dist-packages/custom_interfaces/msg/_turtle_array_s.c
[2.607s] -- Installing: /home/xamjam/ros2_ws/install/custom_interfaces/local/lib/python3.10/dist-packages/custom_interfaces/msg/__init__.py
[2.607s] -- Installing: /home/xamjam/ros2_ws/install/custom_interfaces/local/lib/python3.10/dist-packages/custom_interfaces/msg/_turtle_array.py
[2.607s] -- Installing: /home/xamjam/ros2_ws/install/custom_interfaces/local/lib/python3.10/dist-packages/custom_interfaces/msg/_turtle_s.c
[2.607s] -- Installing: /home/xamjam/ros2_ws/install/custom_interfaces/local/lib/python3.10/dist-packages/custom_interfaces/msg/_turtle.py
[2.607s] -- Installing: /home/xamjam/ros2_ws/install/custom_interfaces/local/lib/python3.10/dist-packages/custom_interfaces/libcustom_interfaces__rosidl_generator_py.so
[2.607s] -- Installing: /home/xamjam/ros2_ws/install/custom_interfaces/local/lib/python3.10/dist-packages/custom_interfaces/srv
[2.607s] -- Installing: /home/xamjam/ros2_ws/install/custom_interfaces/local/lib/python3.10/dist-packages/custom_interfaces/srv/_turtle_kill.py
[2.608s] -- Installing: /home/xamjam/ros2_ws/install/custom_interfaces/local/lib/python3.10/dist-packages/custom_interfaces/srv/_turtle_kill_s.c
[2.608s] -- Installing: /home/xamjam/ros2_ws/install/custom_interfaces/local/lib/python3.10/dist-packages/custom_interfaces/srv/__init__.py
[2.608s] -- Installing: /home/xamjam/ros2_ws/install/custom_interfaces/local/lib/python3.10/dist-packages/custom_interfaces/_custom_interfaces_s.ep.rosidl_typesupport_c.c
[2.608s] -- Installing: /home/xamjam/ros2_ws/install/custom_interfaces/local/lib/python3.10/dist-packages/custom_interfaces/__init__.py
[2.608s] -- Installing: /home/xamjam/ros2_ws/install/custom_interfaces/local/lib/python3.10/dist-packages/custom_interfaces/_custom_interfaces_s.ep.rosidl_typesupport_introspection_c.c
[2.630s] Listing '/home/xamjam/ros2_ws/install/custom_interfaces/local/lib/python3.10/dist-packages/custom_interfaces'...
[2.630s] Compiling '/home/xamjam/ros2_ws/install/custom_interfaces/local/lib/python3.10/dist-packages/custom_interfaces/__init__.py'...
[2.630s] Listing '/home/xamjam/ros2_ws/install/custom_interfaces/local/lib/python3.10/dist-packages/custom_interfaces/msg'...
[2.630s] Compiling '/home/xamjam/ros2_ws/install/custom_interfaces/local/lib/python3.10/dist-packages/custom_interfaces/msg/__init__.py'...
[2.630s] Compiling '/home/xamjam/ros2_ws/install/custom_interfaces/local/lib/python3.10/dist-packages/custom_interfaces/msg/_turtle.py'...
[2.630s] Compiling '/home/xamjam/ros2_ws/install/custom_interfaces/local/lib/python3.10/dist-packages/custom_interfaces/msg/_turtle_array.py'...
[2.630s] Listing '/home/xamjam/ros2_ws/install/custom_interfaces/local/lib/python3.10/dist-packages/custom_interfaces/srv'...
[2.631s] Compiling '/home/xamjam/ros2_ws/install/custom_interfaces/local/lib/python3.10/dist-packages/custom_interfaces/srv/__init__.py'...
[2.631s] Compiling '/home/xamjam/ros2_ws/install/custom_interfaces/local/lib/python3.10/dist-packages/custom_interfaces/srv/_turtle_kill.py'...
[2.633s] -- Installing: /home/xamjam/ros2_ws/install/custom_interfaces/local/lib/python3.10/dist-packages/custom_interfaces/custom_interfaces_s__rosidl_typesupport_fastrtps_c.cpython-310-x86_64-linux-gnu.so
[2.633s] -- Set runtime path of "/home/xamjam/ros2_ws/install/custom_interfaces/local/lib/python3.10/dist-packages/custom_interfaces/custom_interfaces_s__rosidl_typesupport_fastrtps_c.cpython-310-x86_64-linux-gnu.so" to ""
[2.633s] -- Installing: /home/xamjam/ros2_ws/install/custom_interfaces/local/lib/python3.10/dist-packages/custom_interfaces/custom_interfaces_s__rosidl_typesupport_introspection_c.cpython-310-x86_64-linux-gnu.so
[2.634s] -- Set runtime path of "/home/xamjam/ros2_ws/install/custom_interfaces/local/lib/python3.10/dist-packages/custom_interfaces/custom_interfaces_s__rosidl_typesupport_introspection_c.cpython-310-x86_64-linux-gnu.so" to ""
[2.634s] -- Installing: /home/xamjam/ros2_ws/install/custom_interfaces/local/lib/python3.10/dist-packages/custom_interfaces/custom_interfaces_s__rosidl_typesupport_c.cpython-310-x86_64-linux-gnu.so
[2.634s] -- Set runtime path of "/home/xamjam/ros2_ws/install/custom_interfaces/local/lib/python3.10/dist-packages/custom_interfaces/custom_interfaces_s__rosidl_typesupport_c.cpython-310-x86_64-linux-gnu.so" to ""
[2.634s] -- Installing: /home/xamjam/ros2_ws/install/custom_interfaces/lib/libcustom_interfaces__rosidl_generator_py.so
[2.634s] -- Set runtime path of "/home/xamjam/ros2_ws/install/custom_interfaces/lib/libcustom_interfaces__rosidl_generator_py.so" to ""
[2.634s] -- Installing: /home/xamjam/ros2_ws/install/custom_interfaces/share/custom_interfaces/msg/Turtle.idl
[2.634s] -- Installing: /home/xamjam/ros2_ws/install/custom_interfaces/share/custom_interfaces/msg/TurtleArray.idl
[2.635s] -- Installing: /home/xamjam/ros2_ws/install/custom_interfaces/share/custom_interfaces/srv/TurtleKill.idl
[2.635s] -- Installing: /home/xamjam/ros2_ws/install/custom_interfaces/share/custom_interfaces/msg/Turtle.msg
[2.635s] -- Installing: /home/xamjam/ros2_ws/install/custom_interfaces/share/custom_interfaces/msg/TurtleArray.msg
[2.635s] -- Installing: /home/xamjam/ros2_ws/install/custom_interfaces/share/custom_interfaces/srv/TurtleKill.srv
[2.635s] -- Installing: /home/xamjam/ros2_ws/install/custom_interfaces/share/custom_interfaces/srv/TurtleKill_Request.msg
[2.635s] -- Installing: /home/xamjam/ros2_ws/install/custom_interfaces/share/custom_interfaces/srv/TurtleKill_Response.msg
[2.635s] -- Installing: /home/xamjam/ros2_ws/install/custom_interfaces/share/ament_index/resource_index/package_run_dependencies/custom_interfaces
[2.636s] -- Installing: /home/xamjam/ros2_ws/install/custom_interfaces/share/ament_index/resource_index/parent_prefix_path/custom_interfaces
[2.636s] -- Installing: /home/xamjam/ros2_ws/install/custom_interfaces/share/custom_interfaces/environment/ament_prefix_path.sh
[2.636s] -- Installing: /home/xamjam/ros2_ws/install/custom_interfaces/share/custom_interfaces/environment/ament_prefix_path.dsv
[2.636s] -- Installing: /home/xamjam/ros2_ws/install/custom_interfaces/share/custom_interfaces/environment/path.sh
[2.636s] -- Installing: /home/xamjam/ros2_ws/install/custom_interfaces/share/custom_interfaces/environment/path.dsv
[2.636s] -- Installing: /home/xamjam/ros2_ws/install/custom_interfaces/share/custom_interfaces/local_setup.bash
[2.636s] -- Installing: /home/xamjam/ros2_ws/install/custom_interfaces/share/custom_interfaces/local_setup.sh
[2.637s] -- Installing: /home/xamjam/ros2_ws/install/custom_interfaces/share/custom_interfaces/local_setup.zsh
[2.637s] -- Installing: /home/xamjam/ros2_ws/install/custom_interfaces/share/custom_interfaces/local_setup.dsv
[2.637s] -- Installing: /home/xamjam/ros2_ws/install/custom_interfaces/share/custom_interfaces/package.dsv
[2.637s] -- Installing: /home/xamjam/ros2_ws/install/custom_interfaces/share/ament_index/resource_index/packages/custom_interfaces
[2.637s] -- Installing: /home/xamjam/ros2_ws/install/custom_interfaces/share/custom_interfaces/cmake/export_custom_interfaces__rosidl_generator_cExport.cmake
[2.637s] -- Installing: /home/xamjam/ros2_ws/install/custom_interfaces/share/custom_interfaces/cmake/export_custom_interfaces__rosidl_generator_cExport-noconfig.cmake
[2.637s] -- Installing: /home/xamjam/ros2_ws/install/custom_interfaces/share/custom_interfaces/cmake/export_custom_interfaces__rosidl_typesupport_fastrtps_cExport.cmake
[2.637s] -- Installing: /home/xamjam/ros2_ws/install/custom_interfaces/share/custom_interfaces/cmake/export_custom_interfaces__rosidl_typesupport_fastrtps_cExport-noconfig.cmake
[2.638s] -- Installing: /home/xamjam/ros2_ws/install/custom_interfaces/share/custom_interfaces/cmake/custom_interfaces__rosidl_typesupport_introspection_cExport.cmake
[2.638s] -- Installing: /home/xamjam/ros2_ws/install/custom_interfaces/share/custom_interfaces/cmake/custom_interfaces__rosidl_typesupport_introspection_cExport-noconfig.cmake
[2.638s] -- Installing: /home/xamjam/ros2_ws/install/custom_interfaces/share/custom_interfaces/cmake/custom_interfaces__rosidl_typesupport_cExport.cmake
[2.638s] -- Installing: /home/xamjam/ros2_ws/install/custom_interfaces/share/custom_interfaces/cmake/custom_interfaces__rosidl_typesupport_cExport-noconfig.cmake
[2.638s] -- Installing: /home/xamjam/ros2_ws/install/custom_interfaces/share/custom_interfaces/cmake/export_custom_interfaces__rosidl_generator_cppExport.cmake
[2.638s] -- Installing: /home/xamjam/ros2_ws/install/custom_interfaces/share/custom_interfaces/cmake/export_custom_interfaces__rosidl_typesupport_fastrtps_cppExport.cmake
[2.638s] -- Installing: /home/xamjam/ros2_ws/install/custom_interfaces/share/custom_interfaces/cmake/export_custom_interfaces__rosidl_typesupport_fastrtps_cppExport-noconfig.cmake
[2.638s] -- Installing: /home/xamjam/ros2_ws/install/custom_interfaces/share/custom_interfaces/cmake/custom_interfaces__rosidl_typesupport_introspection_cppExport.cmake
[2.638s] -- Installing: /home/xamjam/ros2_ws/install/custom_interfaces/share/custom_interfaces/cmake/custom_interfaces__rosidl_typesupport_introspection_cppExport-noconfig.cmake
[2.639s] -- Installing: /home/xamjam/ros2_ws/install/custom_interfaces/share/custom_interfaces/cmake/custom_interfaces__rosidl_typesupport_cppExport.cmake
[2.639s] -- Installing: /home/xamjam/ros2_ws/install/custom_interfaces/share/custom_interfaces/cmake/custom_interfaces__rosidl_typesupport_cppExport-noconfig.cmake
[2.639s] -- Installing: /home/xamjam/ros2_ws/install/custom_interfaces/share/custom_interfaces/cmake/export_custom_interfaces__rosidl_generator_pyExport.cmake
[2.639s] -- Installing: /home/xamjam/ros2_ws/install/custom_interfaces/share/custom_interfaces/cmake/export_custom_interfaces__rosidl_generator_pyExport-noconfig.cmake
[2.639s] -- Installing: /home/xamjam/ros2_ws/install/custom_interfaces/share/custom_interfaces/cmake/rosidl_cmake-extras.cmake
[2.639s] -- Installing: /home/xamjam/ros2_ws/install/custom_interfaces/share/custom_interfaces/cmake/ament_cmake_export_include_directories-extras.cmake
[2.639s] -- Installing: /home/xamjam/ros2_ws/install/custom_interfaces/share/custom_interfaces/cmake/ament_cmake_export_libraries-extras.cmake
[2.639s] -- Installing: /home/xamjam/ros2_ws/install/custom_interfaces/share/custom_interfaces/cmake/ament_cmake_export_targets-extras.cmake
[2.640s] -- Installing: /home/xamjam/ros2_ws/install/custom_interfaces/share/custom_interfaces/cmake/rosidl_cmake_export_typesupport_targets-extras.cmake
[2.640s] -- Installing: /home/xamjam/ros2_ws/install/custom_interfaces/share/custom_interfaces/cmake/ament_cmake_export_dependencies-extras.cmake
[2.640s] -- Installing: /home/xamjam/ros2_ws/install/custom_interfaces/share/custom_interfaces/cmake/rosidl_cmake_export_typesupport_libraries-extras.cmake
[2.640s] -- Installing: /home/xamjam/ros2_ws/install/custom_interfaces/share/custom_interfaces/cmake/custom_interfacesConfig.cmake
[2.640s] -- Installing: /home/xamjam/ros2_ws/install/custom_interfaces/share/custom_interfaces/cmake/custom_interfacesConfig-version.cmake
[2.640s] -- Installing: /home/xamjam/ros2_ws/install/custom_interfaces/share/custom_interfaces/package.xml
[2.642s] Invoked command in '/home/xamjam/ros2_ws/build/custom_interfaces' returned '0': CMAKE_PREFIX_PATH=${CMAKE_PREFIX_PATH}:/opt/ros/humble /usr/bin/cmake --install /home/xamjam/ros2_ws/build/custom_interfaces
