[0.612s] DEBUG:colcon:Command line arguments: ['/usr/bin/colcon', 'build']
[0.612s] DEBUG:colcon:Parsed command line arguments: Namespace(log_base=None, log_level=None, verb_name='build', build_base='build', install_base='install', merge_install=False, symlink_install=False, test_result_base=None, continue_on_error=False, executor='parallel', parallel_workers=16, event_handlers=None, ignore_user_meta=False, metas=['./colcon.meta'], base_paths=['.'], packages_ignore=None, packages_ignore_regex=None, paths=None, packages_up_to=None, packages_up_to_regex=None, packages_above=None, packages_above_and_dependencies=None, packages_above_depth=None, packages_select_by_dep=None, packages_skip_by_dep=None, packages_skip_up_to=None, packages_select_build_failed=False, packages_skip_build_finished=False, packages_select_test_failures=False, packages_skip_test_passed=False, packages_select=None, packages_skip=None, packages_select_regex=None, packages_skip_regex=None, packages_start=None, packages_end=None, allow_overriding=[], cmake_args=None, cmake_target=None, cmake_target_skip_unavailable=False, cmake_clean_cache=False, cmake_clean_first=False, cmake_force_configure=False, ament_cmake_args=None, catkin_cmake_args=None, catkin_skip_building_tests=False, verb_parser=<colcon_defaults.argument_parser.defaults.DefaultArgumentsDecorator object at 0x7fa3540c2d70>, verb_extension=<colcon_core.verb.build.BuildVerb object at 0x7fa3540c0ca0>, main=<bound method BuildVerb.main of <colcon_core.verb.build.BuildVerb object at 0x7fa3540c0ca0>>)
[0.642s] Level 1:colcon.colcon_core.package_discovery:discover_packages(colcon_meta) check parameters
[0.642s] Level 1:colcon.colcon_core.package_discovery:discover_packages(recursive) check parameters
[0.642s] Level 1:colcon.colcon_core.package_discovery:discover_packages(ignore) check parameters
[0.642s] Level 1:colcon.colcon_core.package_discovery:discover_packages(path) check parameters
[0.642s] Level 1:colcon.colcon_core.package_discovery:discover_packages(colcon_meta) discover
[0.642s] Level 1:colcon.colcon_core.package_discovery:discover_packages(recursive) discover
[0.642s] INFO:colcon.colcon_core.package_discovery:Crawling recursively for packages in '/home/xamjam/ros2_ws'
[0.642s] Level 1:colcon.colcon_core.package_identification:_identify(.) by extensions ['ignore', 'ignore_ament_install']
[0.642s] Level 1:colcon.colcon_core.package_identification:_identify(.) by extension 'ignore'
[0.642s] Level 1:colcon.colcon_core.package_identification:_identify(.) by extension 'ignore_ament_install'
[0.642s] Level 1:colcon.colcon_core.package_identification:_identify(.) by extensions ['colcon_pkg']
[0.642s] Level 1:colcon.colcon_core.package_identification:_identify(.) by extension 'colcon_pkg'
[0.642s] Level 1:colcon.colcon_core.package_identification:_identify(.) by extensions ['colcon_meta']
[0.642s] Level 1:colcon.colcon_core.package_identification:_identify(.) by extension 'colcon_meta'
[0.642s] Level 1:colcon.colcon_core.package_identification:_identify(.) by extensions ['ros']
[0.642s] Level 1:colcon.colcon_core.package_identification:_identify(.) by extension 'ros'
[0.649s] Level 1:colcon.colcon_core.package_identification:_identify(.) by extensions ['cmake', 'python']
[0.649s] Level 1:colcon.colcon_core.package_identification:_identify(.) by extension 'cmake'
[0.649s] Level 1:colcon.colcon_core.package_identification:_identify(.) by extension 'python'
[0.649s] Level 1:colcon.colcon_core.package_identification:_identify(.) by extensions ['python_setup_py']
[0.649s] Level 1:colcon.colcon_core.package_identification:_identify(.) by extension 'python_setup_py'
[0.649s] Level 1:colcon.colcon_core.package_identification:_identify(build) by extensions ['ignore', 'ignore_ament_install']
[0.649s] Level 1:colcon.colcon_core.package_identification:_identify(build) by extension 'ignore'
[0.649s] Level 1:colcon.colcon_core.package_identification:_identify(build) ignored
[0.649s] Level 1:colcon.colcon_core.package_identification:_identify(install) by extensions ['ignore', 'ignore_ament_install']
[0.649s] Level 1:colcon.colcon_core.package_identification:_identify(install) by extension 'ignore'
[0.649s] Level 1:colcon.colcon_core.package_identification:_identify(install) ignored
[0.649s] Level 1:colcon.colcon_core.package_identification:_identify(log) by extensions ['ignore', 'ignore_ament_install']
[0.649s] Level 1:colcon.colcon_core.package_identification:_identify(log) by extension 'ignore'
[0.649s] Level 1:colcon.colcon_core.package_identification:_identify(log) ignored
[0.649s] Level 1:colcon.colcon_core.package_identification:_identify(src) by extensions ['ignore', 'ignore_ament_install']
[0.649s] Level 1:colcon.colcon_core.package_identification:_identify(src) by extension 'ignore'
[0.649s] Level 1:colcon.colcon_core.package_identification:_identify(src) by extension 'ignore_ament_install'
[0.649s] Level 1:colcon.colcon_core.package_identification:_identify(src) by extensions ['colcon_pkg']
[0.649s] Level 1:colcon.colcon_core.package_identification:_identify(src) by extension 'colcon_pkg'
[0.649s] Level 1:colcon.colcon_core.package_identification:_identify(src) by extensions ['colcon_meta']
[0.649s] Level 1:colcon.colcon_core.package_identification:_identify(src) by extension 'colcon_meta'
[0.650s] Level 1:colcon.colcon_core.package_identification:_identify(src) by extensions ['ros']
[0.650s] Level 1:colcon.colcon_core.package_identification:_identify(src) by extension 'ros'
[0.650s] Level 1:colcon.colcon_core.package_identification:_identify(src) by extensions ['cmake', 'python']
[0.650s] Level 1:colcon.colcon_core.package_identification:_identify(src) by extension 'cmake'
[0.650s] Level 1:colcon.colcon_core.package_identification:_identify(src) by extension 'python'
[0.650s] Level 1:colcon.colcon_core.package_identification:_identify(src) by extensions ['python_setup_py']
[0.650s] Level 1:colcon.colcon_core.package_identification:_identify(src) by extension 'python_setup_py'
[0.650s] Level 1:colcon.colcon_core.package_identification:_identify(src/custom_interfaces) by extensions ['ignore', 'ignore_ament_install']
[0.650s] Level 1:colcon.colcon_core.package_identification:_identify(src/custom_interfaces) by extension 'ignore'
[0.650s] Level 1:colcon.colcon_core.package_identification:_identify(src/custom_interfaces) by extension 'ignore_ament_install'
[0.650s] Level 1:colcon.colcon_core.package_identification:_identify(src/custom_interfaces) by extensions ['colcon_pkg']
[0.650s] Level 1:colcon.colcon_core.package_identification:_identify(src/custom_interfaces) by extension 'colcon_pkg'
[0.650s] Level 1:colcon.colcon_core.package_identification:_identify(src/custom_interfaces) by extensions ['colcon_meta']
[0.650s] Level 1:colcon.colcon_core.package_identification:_identify(src/custom_interfaces) by extension 'colcon_meta'
[0.650s] Level 1:colcon.colcon_core.package_identification:_identify(src/custom_interfaces) by extensions ['ros']
[0.650s] Level 1:colcon.colcon_core.package_identification:_identify(src/custom_interfaces) by extension 'ros'
[0.651s] DEBUG:colcon.colcon_core.package_identification:Package 'src/custom_interfaces' with type 'ros.ament_cmake' and name 'custom_interfaces'
[0.651s] Level 1:colcon.colcon_core.package_identification:_identify(src/turtle_sim_project) by extensions ['ignore', 'ignore_ament_install']
[0.651s] Level 1:colcon.colcon_core.package_identification:_identify(src/turtle_sim_project) by extension 'ignore'
[0.652s] Level 1:colcon.colcon_core.package_identification:_identify(src/turtle_sim_project) by extension 'ignore_ament_install'
[0.652s] Level 1:colcon.colcon_core.package_identification:_identify(src/turtle_sim_project) by extensions ['colcon_pkg']
[0.652s] Level 1:colcon.colcon_core.package_identification:_identify(src/turtle_sim_project) by extension 'colcon_pkg'
[0.652s] Level 1:colcon.colcon_core.package_identification:_identify(src/turtle_sim_project) by extensions ['colcon_meta']
[0.652s] Level 1:colcon.colcon_core.package_identification:_identify(src/turtle_sim_project) by extension 'colcon_meta'
[0.652s] Level 1:colcon.colcon_core.package_identification:_identify(src/turtle_sim_project) by extensions ['ros']
[0.652s] Level 1:colcon.colcon_core.package_identification:_identify(src/turtle_sim_project) by extension 'ros'
[0.652s] DEBUG:colcon.colcon_core.package_identification:Package 'src/turtle_sim_project' with type 'ros.ament_cmake' and name 'turtle_sim_project'
[0.652s] Level 1:colcon.colcon_core.package_discovery:discover_packages(recursive) using defaults
[0.652s] Level 1:colcon.colcon_core.package_discovery:discover_packages(ignore) discover
[0.652s] Level 1:colcon.colcon_core.package_discovery:discover_packages(ignore) using defaults
[0.652s] Level 1:colcon.colcon_core.package_discovery:discover_packages(path) discover
[0.652s] Level 1:colcon.colcon_core.package_discovery:discover_packages(path) using defaults
[0.708s] Level 1:colcon.colcon_core.package_discovery:discover_packages(prefix_path) check parameters
[0.708s] Level 1:colcon.colcon_core.package_discovery:discover_packages(prefix_path) discover
[0.727s] DEBUG:colcon.colcon_installed_package_information.package_discovery:Found 2 installed packages in /home/xamjam/ros2_ws/install
[0.736s] DEBUG:colcon.colcon_installed_package_information.package_discovery:Found 270 installed packages in /opt/ros/humble
[0.737s] Level 1:colcon.colcon_core.package_discovery:discover_packages(prefix_path) using defaults
[0.791s] Level 5:colcon.colcon_core.verb:set package 'custom_interfaces' build argument 'cmake_args' from command line to 'None'
[0.791s] Level 5:colcon.colcon_core.verb:set package 'custom_interfaces' build argument 'cmake_target' from command line to 'None'
[0.791s] Level 5:colcon.colcon_core.verb:set package 'custom_interfaces' build argument 'cmake_target_skip_unavailable' from command line to 'False'
[0.791s] Level 5:colcon.colcon_core.verb:set package 'custom_interfaces' build argument 'cmake_clean_cache' from command line to 'False'
[0.791s] Level 5:colcon.colcon_core.verb:set package 'custom_interfaces' build argument 'cmake_clean_first' from command line to 'False'
[0.791s] Level 5:colcon.colcon_core.verb:set package 'custom_interfaces' build argument 'cmake_force_configure' from command line to 'False'
[0.791s] Level 5:colcon.colcon_core.verb:set package 'custom_interfaces' build argument 'ament_cmake_args' from command line to 'None'
[0.792s] Level 5:colcon.colcon_core.verb:set package 'custom_interfaces' build argument 'catkin_cmake_args' from command line to 'None'
[0.792s] Level 5:colcon.colcon_core.verb:set package 'custom_interfaces' build argument 'catkin_skip_building_tests' from command line to 'False'
[0.792s] DEBUG:colcon.colcon_core.verb:Building package 'custom_interfaces' with the following arguments: {'ament_cmake_args': None, 'build_base': '/home/xamjam/ros2_ws/build/custom_interfaces', 'catkin_cmake_args': None, 'catkin_skip_building_tests': False, 'cmake_args': None, 'cmake_clean_cache': False, 'cmake_clean_first': False, 'cmake_force_configure': False, 'cmake_target': None, 'cmake_target_skip_unavailable': False, 'install_base': '/home/xamjam/ros2_ws/install/custom_interfaces', 'merge_install': False, 'path': '/home/xamjam/ros2_ws/src/custom_interfaces', 'symlink_install': False, 'test_result_base': None}
[0.801s] Level 5:colcon.colcon_core.verb:set package 'turtle_sim_project' build argument 'cmake_args' from command line to 'None'
[0.801s] Level 5:colcon.colcon_core.verb:set package 'turtle_sim_project' build argument 'cmake_target' from command line to 'None'
[0.801s] Level 5:colcon.colcon_core.verb:set package 'turtle_sim_project' build argument 'cmake_target_skip_unavailable' from command line to 'False'
[0.801s] Level 5:colcon.colcon_core.verb:set package 'turtle_sim_project' build argument 'cmake_clean_cache' from command line to 'False'
[0.801s] Level 5:colcon.colcon_core.verb:set package 'turtle_sim_project' build argument 'cmake_clean_first' from command line to 'False'
[0.801s] Level 5:colcon.colcon_core.verb:set package 'turtle_sim_project' build argument 'cmake_force_configure' from command line to 'False'
[0.801s] Level 5:colcon.colcon_core.verb:set package 'turtle_sim_project' build argument 'ament_cmake_args' from command line to 'None'
[0.801s] Level 5:colcon.colcon_core.verb:set package 'turtle_sim_project' build argument 'catkin_cmake_args' from command line to 'None'
[0.801s] Level 5:colcon.colcon_core.verb:set package 'turtle_sim_project' build argument 'catkin_skip_building_tests' from command line to 'False'
[0.801s] DEBUG:colcon.colcon_core.verb:Building package 'turtle_sim_project' with the following arguments: {'ament_cmake_args': None, 'build_base': '/home/xamjam/ros2_ws/build/turtle_sim_project', 'catkin_cmake_args': None, 'catkin_skip_building_tests': False, 'cmake_args': None, 'cmake_clean_cache': False, 'cmake_clean_first': False, 'cmake_force_configure': False, 'cmake_target': None, 'cmake_target_skip_unavailable': False, 'install_base': '/home/xamjam/ros2_ws/install/turtle_sim_project', 'merge_install': False, 'path': '/home/xamjam/ros2_ws/src/turtle_sim_project', 'symlink_install': False, 'test_result_base': None}
[0.810s] INFO:colcon.colcon_core.executor:Executing jobs using 'parallel' executor
[0.820s] DEBUG:colcon.colcon_parallel_executor.executor.parallel:run_until_complete
[0.820s] INFO:colcon.colcon_ros.task.ament_cmake.build:Building ROS package in '/home/xamjam/ros2_ws/src/custom_interfaces' with build type 'ament_cmake'
[0.820s] INFO:colcon.colcon_cmake.task.cmake.build:Building CMake package in '/home/xamjam/ros2_ws/src/custom_interfaces'
[0.830s] INFO:colcon.colcon_core.plugin_system:Skipping extension 'colcon_core.shell.bat': Not used on non-Windows systems
[0.830s] INFO:colcon.colcon_core.shell:Skip shell extension 'powershell' for command environment: Not usable outside of PowerShell
[0.830s] DEBUG:colcon.colcon_core.shell:Skip shell extension 'dsv' for command environment
[0.863s] DEBUG:colcon.colcon_core.event_handler.log_command:Invoking command in '/home/xamjam/ros2_ws/build/custom_interfaces': CMAKE_PREFIX_PATH=${CMAKE_PREFIX_PATH}:/opt/ros/humble /usr/bin/cmake --build /home/xamjam/ros2_ws/build/custom_interfaces -- -j16 -l16
[1.085s] DEBUG:colcon.colcon_core.event_handler.log_command:Invoked command in '/home/xamjam/ros2_ws/build/custom_interfaces' returned '0': CMAKE_PREFIX_PATH=${CMAKE_PREFIX_PATH}:/opt/ros/humble /usr/bin/cmake --build /home/xamjam/ros2_ws/build/custom_interfaces -- -j16 -l16
[1.165s] DEBUG:colcon.colcon_core.event_handler.log_command:Invoking command in '/home/xamjam/ros2_ws/build/custom_interfaces': CMAKE_PREFIX_PATH=${CMAKE_PREFIX_PATH}:/opt/ros/humble /usr/bin/cmake --install /home/xamjam/ros2_ws/build/custom_interfaces
[1.201s] Level 1:colcon.colcon_core.environment:create_environment_scripts_only(custom_interfaces)
[1.201s] DEBUG:colcon.colcon_core.event_handler.log_command:Invoked command in '/home/xamjam/ros2_ws/build/custom_interfaces' returned '0': CMAKE_PREFIX_PATH=${CMAKE_PREFIX_PATH}:/opt/ros/humble /usr/bin/cmake --install /home/xamjam/ros2_ws/build/custom_interfaces
[1.212s] Level 1:colcon.colcon_core.environment:checking '/home/xamjam/ros2_ws/install/custom_interfaces' for CMake module files
[1.212s] Level 1:colcon.colcon_core.environment:checking '/home/xamjam/ros2_ws/install/custom_interfaces' for CMake config files
[1.213s] Level 1:colcon.colcon_core.shell:create_environment_hook('custom_interfaces', 'cmake_prefix_path')
[1.225s] INFO:colcon.colcon_core.shell:Creating environment hook '/home/xamjam/ros2_ws/install/custom_interfaces/share/custom_interfaces/hook/cmake_prefix_path.ps1'
[1.226s] INFO:colcon.colcon_core.shell:Creating environment descriptor '/home/xamjam/ros2_ws/install/custom_interfaces/share/custom_interfaces/hook/cmake_prefix_path.dsv'
[1.226s] INFO:colcon.colcon_core.shell:Creating environment hook '/home/xamjam/ros2_ws/install/custom_interfaces/share/custom_interfaces/hook/cmake_prefix_path.sh'
[1.227s] Level 1:colcon.colcon_core.environment:checking '/home/xamjam/ros2_ws/install/custom_interfaces/lib'
[1.227s] Level 1:colcon.colcon_core.shell:create_environment_hook('custom_interfaces', 'ld_library_path_lib')
[1.237s] INFO:colcon.colcon_core.shell:Creating environment hook '/home/xamjam/ros2_ws/install/custom_interfaces/share/custom_interfaces/hook/ld_library_path_lib.ps1'
[1.237s] INFO:colcon.colcon_core.shell:Creating environment descriptor '/home/xamjam/ros2_ws/install/custom_interfaces/share/custom_interfaces/hook/ld_library_path_lib.dsv'
[1.238s] INFO:colcon.colcon_core.shell:Creating environment hook '/home/xamjam/ros2_ws/install/custom_interfaces/share/custom_interfaces/hook/ld_library_path_lib.sh'
[1.238s] Level 1:colcon.colcon_core.environment:checking '/home/xamjam/ros2_ws/install/custom_interfaces/bin'
[1.238s] Level 1:colcon.colcon_core.environment:checking '/home/xamjam/ros2_ws/install/custom_interfaces/lib/pkgconfig/custom_interfaces.pc'
[1.238s] Level 1:colcon.colcon_core.environment:checking '/home/xamjam/ros2_ws/install/custom_interfaces/lib/python3.10/site-packages'
[1.238s] Level 1:colcon.colcon_core.environment:checking '/home/xamjam/ros2_ws/install/custom_interfaces/bin'
[1.257s] INFO:colcon.colcon_core.shell:Creating package script '/home/xamjam/ros2_ws/install/custom_interfaces/share/custom_interfaces/package.ps1'
[1.257s] INFO:colcon.colcon_core.shell:Creating package descriptor '/home/xamjam/ros2_ws/install/custom_interfaces/share/custom_interfaces/package.dsv'
[1.257s] INFO:colcon.colcon_core.shell:Creating package script '/home/xamjam/ros2_ws/install/custom_interfaces/share/custom_interfaces/package.sh'
[1.258s] INFO:colcon.colcon_core.shell:Creating package script '/home/xamjam/ros2_ws/install/custom_interfaces/share/custom_interfaces/package.bash'
[1.258s] INFO:colcon.colcon_core.shell:Creating package script '/home/xamjam/ros2_ws/install/custom_interfaces/share/custom_interfaces/package.zsh'
[1.259s] Level 1:colcon.colcon_core.environment:create_file_with_runtime_dependencies(/home/xamjam/ros2_ws/install/custom_interfaces/share/colcon-core/packages/custom_interfaces)
[1.344s] Level 1:colcon.colcon_core.environment:create_environment_scripts_only(custom_interfaces)
[1.353s] Level 1:colcon.colcon_core.environment:checking '/home/xamjam/ros2_ws/install/custom_interfaces' for CMake module files
[1.353s] Level 1:colcon.colcon_core.environment:checking '/home/xamjam/ros2_ws/install/custom_interfaces' for CMake config files
[1.354s] Level 1:colcon.colcon_core.shell:create_environment_hook('custom_interfaces', 'cmake_prefix_path')
[1.363s] INFO:colcon.colcon_core.shell:Creating environment hook '/home/xamjam/ros2_ws/install/custom_interfaces/share/custom_interfaces/hook/cmake_prefix_path.ps1'
[1.363s] INFO:colcon.colcon_core.shell:Creating environment descriptor '/home/xamjam/ros2_ws/install/custom_interfaces/share/custom_interfaces/hook/cmake_prefix_path.dsv'
[1.363s] INFO:colcon.colcon_core.shell:Creating environment hook '/home/xamjam/ros2_ws/install/custom_interfaces/share/custom_interfaces/hook/cmake_prefix_path.sh'
[1.363s] Level 1:colcon.colcon_core.environment:checking '/home/xamjam/ros2_ws/install/custom_interfaces/lib'
[1.363s] Level 1:colcon.colcon_core.shell:create_environment_hook('custom_interfaces', 'ld_library_path_lib')
[1.372s] INFO:colcon.colcon_core.shell:Creating environment hook '/home/xamjam/ros2_ws/install/custom_interfaces/share/custom_interfaces/hook/ld_library_path_lib.ps1'
[1.373s] INFO:colcon.colcon_core.shell:Creating environment descriptor '/home/xamjam/ros2_ws/install/custom_interfaces/share/custom_interfaces/hook/ld_library_path_lib.dsv'
[1.373s] INFO:colcon.colcon_core.shell:Creating environment hook '/home/xamjam/ros2_ws/install/custom_interfaces/share/custom_interfaces/hook/ld_library_path_lib.sh'
[1.373s] Level 1:colcon.colcon_core.environment:checking '/home/xamjam/ros2_ws/install/custom_interfaces/bin'
[1.373s] Level 1:colcon.colcon_core.environment:checking '/home/xamjam/ros2_ws/install/custom_interfaces/lib/pkgconfig/custom_interfaces.pc'
[1.373s] Level 1:colcon.colcon_core.environment:checking '/home/xamjam/ros2_ws/install/custom_interfaces/lib/python3.10/site-packages'
[1.374s] Level 1:colcon.colcon_core.environment:checking '/home/xamjam/ros2_ws/install/custom_interfaces/bin'
[1.383s] INFO:colcon.colcon_core.shell:Creating package script '/home/xamjam/ros2_ws/install/custom_interfaces/share/custom_interfaces/package.ps1'
[1.383s] INFO:colcon.colcon_core.shell:Creating package descriptor '/home/xamjam/ros2_ws/install/custom_interfaces/share/custom_interfaces/package.dsv'
[1.383s] INFO:colcon.colcon_core.shell:Creating package script '/home/xamjam/ros2_ws/install/custom_interfaces/share/custom_interfaces/package.sh'
[1.384s] INFO:colcon.colcon_core.shell:Creating package script '/home/xamjam/ros2_ws/install/custom_interfaces/share/custom_interfaces/package.bash'
[1.384s] INFO:colcon.colcon_core.shell:Creating package script '/home/xamjam/ros2_ws/install/custom_interfaces/share/custom_interfaces/package.zsh'
[1.384s] Level 1:colcon.colcon_core.environment:create_file_with_runtime_dependencies(/home/xamjam/ros2_ws/install/custom_interfaces/share/colcon-core/packages/custom_interfaces)
[1.384s] INFO:colcon.colcon_ros.task.ament_cmake.build:Building ROS package in '/home/xamjam/ros2_ws/src/turtle_sim_project' with build type 'ament_cmake'
[1.384s] INFO:colcon.colcon_cmake.task.cmake.build:Building CMake package in '/home/xamjam/ros2_ws/src/turtle_sim_project'
[1.394s] INFO:colcon.colcon_core.shell:Skip shell extension 'powershell' for command environment: Not usable outside of PowerShell
[1.394s] DEBUG:colcon.colcon_core.shell:Skip shell extension 'dsv' for command environment
[1.428s] DEBUG:colcon.colcon_core.event_handler.log_command:Invoking command in '/home/xamjam/ros2_ws/build/turtle_sim_project': CMAKE_PREFIX_PATH=${CMAKE_PREFIX_PATH}:/opt/ros/humble /usr/bin/cmake --build /home/xamjam/ros2_ws/build/turtle_sim_project -- -j16 -l16
[5.363s] DEBUG:colcon.colcon_core.event_handler.log_command:Invoked command in '/home/xamjam/ros2_ws/build/turtle_sim_project' returned '0': CMAKE_PREFIX_PATH=${CMAKE_PREFIX_PATH}:/opt/ros/humble /usr/bin/cmake --build /home/xamjam/ros2_ws/build/turtle_sim_project -- -j16 -l16
[5.385s] DEBUG:colcon.colcon_core.event_handler.log_command:Invoking command in '/home/xamjam/ros2_ws/build/turtle_sim_project': CMAKE_PREFIX_PATH=${CMAKE_PREFIX_PATH}:/opt/ros/humble /usr/bin/cmake --install /home/xamjam/ros2_ws/build/turtle_sim_project
[5.396s] Level 1:colcon.colcon_core.environment:create_environment_scripts_only(turtle_sim_project)
[5.397s] DEBUG:colcon.colcon_core.event_handler.log_command:Invoked command in '/home/xamjam/ros2_ws/build/turtle_sim_project' returned '0': CMAKE_PREFIX_PATH=${CMAKE_PREFIX_PATH}:/opt/ros/humble /usr/bin/cmake --install /home/xamjam/ros2_ws/build/turtle_sim_project
[5.406s] Level 1:colcon.colcon_core.environment:checking '/home/xamjam/ros2_ws/install/turtle_sim_project' for CMake module files
[5.407s] Level 1:colcon.colcon_core.environment:checking '/home/xamjam/ros2_ws/install/turtle_sim_project' for CMake config files
[5.407s] Level 1:colcon.colcon_core.shell:create_environment_hook('turtle_sim_project', 'cmake_prefix_path')
[5.416s] INFO:colcon.colcon_core.shell:Creating environment hook '/home/xamjam/ros2_ws/install/turtle_sim_project/share/turtle_sim_project/hook/cmake_prefix_path.ps1'
[5.416s] INFO:colcon.colcon_core.shell:Creating environment descriptor '/home/xamjam/ros2_ws/install/turtle_sim_project/share/turtle_sim_project/hook/cmake_prefix_path.dsv'
[5.417s] INFO:colcon.colcon_core.shell:Creating environment hook '/home/xamjam/ros2_ws/install/turtle_sim_project/share/turtle_sim_project/hook/cmake_prefix_path.sh'
[5.417s] Level 1:colcon.colcon_core.environment:checking '/home/xamjam/ros2_ws/install/turtle_sim_project/lib'
[5.417s] Level 1:colcon.colcon_core.environment:checking '/home/xamjam/ros2_ws/install/turtle_sim_project/bin'
[5.417s] Level 1:colcon.colcon_core.environment:checking '/home/xamjam/ros2_ws/install/turtle_sim_project/lib/pkgconfig/turtle_sim_project.pc'
[5.417s] Level 1:colcon.colcon_core.environment:checking '/home/xamjam/ros2_ws/install/turtle_sim_project/lib/python3.10/site-packages'
[5.417s] Level 1:colcon.colcon_core.environment:checking '/home/xamjam/ros2_ws/install/turtle_sim_project/bin'
[5.427s] INFO:colcon.colcon_core.shell:Creating package script '/home/xamjam/ros2_ws/install/turtle_sim_project/share/turtle_sim_project/package.ps1'
[5.427s] INFO:colcon.colcon_core.shell:Creating package descriptor '/home/xamjam/ros2_ws/install/turtle_sim_project/share/turtle_sim_project/package.dsv'
[5.427s] INFO:colcon.colcon_core.shell:Creating package script '/home/xamjam/ros2_ws/install/turtle_sim_project/share/turtle_sim_project/package.sh'
[5.427s] INFO:colcon.colcon_core.shell:Creating package script '/home/xamjam/ros2_ws/install/turtle_sim_project/share/turtle_sim_project/package.bash'
[5.428s] INFO:colcon.colcon_core.shell:Creating package script '/home/xamjam/ros2_ws/install/turtle_sim_project/share/turtle_sim_project/package.zsh'
[5.428s] Level 1:colcon.colcon_core.environment:create_file_with_runtime_dependencies(/home/xamjam/ros2_ws/install/turtle_sim_project/share/colcon-core/packages/turtle_sim_project)
[5.459s] Level 1:colcon.colcon_core.environment:create_environment_scripts_only(turtle_sim_project)
[5.468s] Level 1:colcon.colcon_core.environment:checking '/home/xamjam/ros2_ws/install/turtle_sim_project' for CMake module files
[5.468s] Level 1:colcon.colcon_core.environment:checking '/home/xamjam/ros2_ws/install/turtle_sim_project' for CMake config files
[5.469s] Level 1:colcon.colcon_core.shell:create_environment_hook('turtle_sim_project', 'cmake_prefix_path')
[5.477s] INFO:colcon.colcon_core.shell:Creating environment hook '/home/xamjam/ros2_ws/install/turtle_sim_project/share/turtle_sim_project/hook/cmake_prefix_path.ps1'
[5.478s] INFO:colcon.colcon_core.shell:Creating environment descriptor '/home/xamjam/ros2_ws/install/turtle_sim_project/share/turtle_sim_project/hook/cmake_prefix_path.dsv'
[5.478s] INFO:colcon.colcon_core.shell:Creating environment hook '/home/xamjam/ros2_ws/install/turtle_sim_project/share/turtle_sim_project/hook/cmake_prefix_path.sh'
[5.478s] Level 1:colcon.colcon_core.environment:checking '/home/xamjam/ros2_ws/install/turtle_sim_project/lib'
[5.478s] Level 1:colcon.colcon_core.environment:checking '/home/xamjam/ros2_ws/install/turtle_sim_project/bin'
[5.478s] Level 1:colcon.colcon_core.environment:checking '/home/xamjam/ros2_ws/install/turtle_sim_project/lib/pkgconfig/turtle_sim_project.pc'
[5.478s] Level 1:colcon.colcon_core.environment:checking '/home/xamjam/ros2_ws/install/turtle_sim_project/lib/python3.10/site-packages'
[5.479s] Level 1:colcon.colcon_core.environment:checking '/home/xamjam/ros2_ws/install/turtle_sim_project/bin'
[5.488s] INFO:colcon.colcon_core.shell:Creating package script '/home/xamjam/ros2_ws/install/turtle_sim_project/share/turtle_sim_project/package.ps1'
[5.488s] INFO:colcon.colcon_core.shell:Creating package descriptor '/home/xamjam/ros2_ws/install/turtle_sim_project/share/turtle_sim_project/package.dsv'
[5.488s] INFO:colcon.colcon_core.shell:Creating package script '/home/xamjam/ros2_ws/install/turtle_sim_project/share/turtle_sim_project/package.sh'
[5.488s] INFO:colcon.colcon_core.shell:Creating package script '/home/xamjam/ros2_ws/install/turtle_sim_project/share/turtle_sim_project/package.bash'
[5.489s] INFO:colcon.colcon_core.shell:Creating package script '/home/xamjam/ros2_ws/install/turtle_sim_project/share/turtle_sim_project/package.zsh'
[5.489s] Level 1:colcon.colcon_core.environment:create_file_with_runtime_dependencies(/home/xamjam/ros2_ws/install/turtle_sim_project/share/colcon-core/packages/turtle_sim_project)
[5.489s] DEBUG:colcon.colcon_parallel_executor.executor.parallel:closing loop
[5.489s] DEBUG:colcon.colcon_parallel_executor.executor.parallel:loop closed
[5.489s] DEBUG:colcon.colcon_parallel_executor.executor.parallel:run_until_complete finished with '0'
[5.489s] DEBUG:colcon.colcon_core.event_reactor:joining thread
[5.502s] INFO:colcon.colcon_core.plugin_system:Skipping extension 'colcon_notification.desktop_notification.terminal_notifier': Not used on non-Darwin systems
[5.502s] INFO:colcon.colcon_core.plugin_system:Skipping extension 'colcon_notification.desktop_notification.win32': Not used on non-Windows systems
[5.502s] INFO:colcon.colcon_notification.desktop_notification:Sending desktop notification using 'notify2'
[5.509s] DEBUG:colcon.colcon_core.event_reactor:joined thread
[5.518s] INFO:colcon.colcon_core.shell:Creating prefix script '/home/xamjam/ros2_ws/install/local_setup.ps1'
[5.519s] INFO:colcon.colcon_core.shell:Creating prefix util module '/home/xamjam/ros2_ws/install/_local_setup_util_ps1.py'
[5.519s] INFO:colcon.colcon_core.shell:Creating prefix chain script '/home/xamjam/ros2_ws/install/setup.ps1'
[5.529s] INFO:colcon.colcon_core.shell:Creating prefix script '/home/xamjam/ros2_ws/install/local_setup.sh'
[5.529s] INFO:colcon.colcon_core.shell:Creating prefix util module '/home/xamjam/ros2_ws/install/_local_setup_util_sh.py'
[5.529s] INFO:colcon.colcon_core.shell:Creating prefix chain script '/home/xamjam/ros2_ws/install/setup.sh'
[5.539s] INFO:colcon.colcon_core.shell:Creating prefix script '/home/xamjam/ros2_ws/install/local_setup.bash'
[5.539s] INFO:colcon.colcon_core.shell:Creating prefix chain script '/home/xamjam/ros2_ws/install/setup.bash'
[5.548s] INFO:colcon.colcon_core.shell:Creating prefix script '/home/xamjam/ros2_ws/install/local_setup.zsh'
[5.549s] INFO:colcon.colcon_core.shell:Creating prefix chain script '/home/xamjam/ros2_ws/install/setup.zsh'
