[0.042s] Invoking command in '/home/xamjam/ros2_ws/build/custom_interfaces': CMAKE_PREFIX_PATH=${CMAKE_PREFIX_PATH}:/opt/ros/humble /usr/bin/cmake --build /home/xamjam/ros2_ws/build/custom_interfaces -- -j16 -l16
[0.059s] -- Found ament_cmake: 1.3.7 (/opt/ros/humble/share/ament_cmake/cmake)
[0.148s] -- Found rosidl_default_generators: 1.2.0 (/opt/ros/humble/share/rosidl_default_generators/cmake)
[0.149s] -- Using all available rosidl_typesupport_c: rosidl_typesupport_fastrtps_c;rosidl_typesupport_introspection_c
[0.151s] -- Found rosidl_adapter: 3.1.5 (/opt/ros/humble/share/rosidl_adapter/cmake)
[0.170s] -- Using all available rosidl_typesupport_cpp: rosidl_typesupport_fastrtps_cpp;rosidl_typesupport_introspection_cpp
[0.289s] [31mCMake Error at /opt/ros/humble/share/rosidl_adapter/cmake/rosidl_adapt_interfaces.cmake:59 (message):
[0.289s]   execute_process(/usr/bin/python3.10 -m rosidl_adapter --package-name
[0.289s]   custom_interfaces --arguments-file
[0.289s]   /home/xamjam/ros2_ws/build/custom_interfaces/rosidl_adapter__arguments__custom_interfaces.json
[0.289s]   --output-dir
[0.289s]   /home/xamjam/ros2_ws/build/custom_interfaces/rosidl_adapter/custom_interfaces
[0.289s]   --output-file
[0.289s]   /home/xamjam/ros2_ws/build/custom_interfaces/rosidl_adapter/custom_interfaces.idls)
[0.289s]   returned error code 1:
[0.290s] 
[0.290s]   Error processing 'std::list<Turtle> turtles' of
[0.290s]   'custom_interfaces/TurtleArray': ''std::list<Turtle>' is an invalid message
[0.290s]   name.  It should have the pattern '^[A-Z][A-Za-z0-9]*$''
[0.290s] 
[0.290s]   Traceback (most recent call last):
[0.290s] 
[0.290s]     File "/usr/lib/python3.10/runpy.py", line 196, in _run_module_as_main
[0.290s]       return _run_code(code, main_globals, None,
[0.290s]     File "/usr/lib/python3.10/runpy.py", line 86, in _run_code
[0.290s]       exec(code, run_globals)
[0.290s]     File "/opt/ros/humble/local/lib/python3.10/dist-packages/rosidl_adapter/__main__.py", line 19, in <module>
[0.290s]       sys.exit(main())
[0.290s]     File "/opt/ros/humble/local/lib/python3.10/dist-packages/rosidl_adapter/main.py", line 53, in main
[0.290s]       abs_idl_file = convert_to_idl(
[0.290s]     File "/opt/ros/humble/local/lib/python3.10/dist-packages/rosidl_adapter/__init__.py", line 19, in convert_to_idl
[0.290s]       return convert_msg_to_idl(
[0.290s]     File "/opt/ros/humble/local/lib/python3.10/dist-packages/rosidl_adapter/msg/__init__.py", line 28, in convert_msg_to_idl
[0.290s]       msg = parse_message_string(package_name, input_file.stem, content)
[0.290s]     File "/opt/ros/humble/local/lib/python3.10/dist-packages/rosidl_adapter/parser.py", line 520, in parse_message_string
[0.290s]       Type(type_string, context_package_name=pkg_name),
[0.291s]     File "/opt/ros/humble/local/lib/python3.10/dist-packages/rosidl_adapter/parser.py", line 277, in __init__
[0.291s]       super(Type, self).__init__(
[0.291s]     File "/opt/ros/humble/local/lib/python3.10/dist-packages/rosidl_adapter/parser.py", line 205, in __init__
[0.291s]       raise InvalidResourceName(
[0.291s] 
[0.291s]   rosidl_adapter.parser.InvalidResourceName: 'std::list<Turtle>' is an
[0.291s]   invalid message name.  It should have the pattern '^[A-Z][A-Za-z0-9]*$'
[0.291s] 
[0.291s] Call Stack (most recent call first):
[0.291s]   /opt/ros/humble/share/rosidl_cmake/cmake/rosidl_generate_interfaces.cmake:130 (rosidl_adapt_interfaces)
[0.291s]   CMakeLists.txt:17 (rosidl_generate_interfaces)
[0.291s] 
[0.291s] [0m
[0.291s] -- Configuring incomplete, errors occurred!
[0.291s] See also "/home/xamjam/ros2_ws/build/custom_interfaces/CMakeFiles/CMakeOutput.log".
[0.293s] gmake: *** [Makefile:1179: cmake_check_build_system] Error 1
[0.295s] Invoked command in '/home/xamjam/ros2_ws/build/custom_interfaces' returned '2': CMAKE_PREFIX_PATH=${CMAKE_PREFIX_PATH}:/opt/ros/humble /usr/bin/cmake --build /home/xamjam/ros2_ws/build/custom_interfaces -- -j16 -l16
