[35m[1mConsolidate compiler generated dependencies of target turtle_controller_node[0m
[35m[1mConsolidate compiler generated dependencies of target turtle_spawner_node[0m
[ 75%] [32mBuilding CXX object CMakeFiles/turtle_controller_node.dir/src/turtle_controller_node.cpp.o[0m
[ 75%] Built target turtle_spawner_node
[01m[K/home/xamjam/ros2_ws/src/turtle_sim_project/src/turtle_controller_node.cpp:[m[K In member function ‘[01m[Kvoid TurtleControllerNode::alive_turtles_subscriber_callback(custom_interfaces::msg::TurtleArray)[m[K’:
[01m[K/home/xamjam/ros2_ws/src/turtle_sim_project/src/turtle_controller_node.cpp:68:29:[m[K [01;35m[Kwarning: [m[Kcomparison of integer expressions of different signedness: ‘[01m[Kint[m[K’ and ‘[01m[Kstd::vector<custom_interfaces::msg::Turtle_<std::allocator<void> >, std::allocator<custom_interfaces::msg::Turtle_<std::allocator<void> > > >::size_type[m[K’ {aka ‘[01m[Klong unsigned int[m[K’} [[01;35m[K]8;;https://gcc.gnu.org/onlinedocs/gcc/Warning-Options.html#index-Wsign-compare-Wsign-compare]8;;[m[K]
   68 |             for(int i = 0; [01;35m[Ki< msg.turtles.size()[m[K; i++) //Find turtle closest to us
      |                            [01;35m[K~^~~~~~~~~~~~~~~~~~~~[m[K
[100%] [32m[1mLinking CXX executable turtle_controller_node[0m
[100%] Built target turtle_controller_node
-- Install configuration: ""
-- Installing: /home/xamjam/ros2_ws/install/turtle_sim_project/lib/turtle_sim_project/turtle_controller_node
-- Set runtime path of "/home/xamjam/ros2_ws/install/turtle_sim_project/lib/turtle_sim_project/turtle_controller_node" to ""
-- Up-to-date: /home/xamjam/ros2_ws/install/turtle_sim_project/lib/turtle_sim_project/turtle_spawner_node
-- Up-to-date: /home/xamjam/ros2_ws/install/turtle_sim_project/share/ament_index/resource_index/package_run_dependencies/turtle_sim_project
-- Up-to-date: /home/xamjam/ros2_ws/install/turtle_sim_project/share/ament_index/resource_index/parent_prefix_path/turtle_sim_project
-- Up-to-date: /home/xamjam/ros2_ws/install/turtle_sim_project/share/turtle_sim_project/environment/ament_prefix_path.sh
-- Up-to-date: /home/xamjam/ros2_ws/install/turtle_sim_project/share/turtle_sim_project/environment/ament_prefix_path.dsv
-- Up-to-date: /home/xamjam/ros2_ws/install/turtle_sim_project/share/turtle_sim_project/environment/path.sh
-- Up-to-date: /home/xamjam/ros2_ws/install/turtle_sim_project/share/turtle_sim_project/environment/path.dsv
-- Up-to-date: /home/xamjam/ros2_ws/install/turtle_sim_project/share/turtle_sim_project/local_setup.bash
-- Up-to-date: /home/xamjam/ros2_ws/install/turtle_sim_project/share/turtle_sim_project/local_setup.sh
-- Up-to-date: /home/xamjam/ros2_ws/install/turtle_sim_project/share/turtle_sim_project/local_setup.zsh
-- Up-to-date: /home/xamjam/ros2_ws/install/turtle_sim_project/share/turtle_sim_project/local_setup.dsv
-- Installing: /home/xamjam/ros2_ws/install/turtle_sim_project/share/turtle_sim_project/package.dsv
-- Up-to-date: /home/xamjam/ros2_ws/install/turtle_sim_project/share/ament_index/resource_index/packages/turtle_sim_project
-- Up-to-date: /home/xamjam/ros2_ws/install/turtle_sim_project/share/turtle_sim_project/cmake/turtle_sim_projectConfig.cmake
-- Up-to-date: /home/xamjam/ros2_ws/install/turtle_sim_project/share/turtle_sim_project/cmake/turtle_sim_projectConfig-version.cmake
-- Up-to-date: /home/xamjam/ros2_ws/install/turtle_sim_project/share/turtle_sim_project/package.xml
