[0.043s] Invoking command in '/home/xamjam/ros2_ws/build/turtle_sim_project': CMAKE_PREFIX_PATH=/home/xamjam/ros2_ws/install/custom_interfaces:/home/xamjam/ros2_ws/install/turtle_sim_project:/opt/ros/humble /usr/bin/cmake --build /home/xamjam/ros2_ws/build/turtle_sim_project -- -j16 -l16
[0.073s] [35m[1mConsolidate compiler generated dependencies of target turtle_spawner_node[0m
[0.073s] [35m[1mConsolidate compiler generated dependencies of target turtle_controller_node[0m
[0.088s] [100%] Built target turtle_controller_node
[0.089s] [100%] Built target turtle_spawner_node
[0.097s] Invoked command in '/home/xamjam/ros2_ws/build/turtle_sim_project' returned '0': CMAKE_PREFIX_PATH=/home/xamjam/ros2_ws/install/custom_interfaces:/home/xamjam/ros2_ws/install/turtle_sim_project:/opt/ros/humble /usr/bin/cmake --build /home/xamjam/ros2_ws/build/turtle_sim_project -- -j16 -l16
[0.119s] Invoking command in '/home/xamjam/ros2_ws/build/turtle_sim_project': CMAKE_PREFIX_PATH=/home/xamjam/ros2_ws/install/custom_interfaces:/home/xamjam/ros2_ws/install/turtle_sim_project:/opt/ros/humble /usr/bin/cmake --install /home/xamjam/ros2_ws/build/turtle_sim_project
[0.124s] -- Install configuration: ""
[0.125s] -- Up-to-date: /home/xamjam/ros2_ws/install/turtle_sim_project/lib/turtle_sim_project/turtle_controller_node
[0.125s] -- Up-to-date: /home/xamjam/ros2_ws/install/turtle_sim_project/lib/turtle_sim_project/turtle_spawner_node
[0.125s] -- Up-to-date: /home/xamjam/ros2_ws/install/turtle_sim_project/share/ament_index/resource_index/package_run_dependencies/turtle_sim_project
[0.125s] -- Up-to-date: /home/xamjam/ros2_ws/install/turtle_sim_project/share/ament_index/resource_index/parent_prefix_path/turtle_sim_project
[0.125s] -- Up-to-date: /home/xamjam/ros2_ws/install/turtle_sim_project/share/turtle_sim_project/environment/ament_prefix_path.sh
[0.125s] -- Up-to-date: /home/xamjam/ros2_ws/install/turtle_sim_project/share/turtle_sim_project/environment/ament_prefix_path.dsv
[0.125s] -- Up-to-date: /home/xamjam/ros2_ws/install/turtle_sim_project/share/turtle_sim_project/environment/path.sh
[0.126s] -- Up-to-date: /home/xamjam/ros2_ws/install/turtle_sim_project/share/turtle_sim_project/environment/path.dsv
[0.126s] -- Up-to-date: /home/xamjam/ros2_ws/install/turtle_sim_project/share/turtle_sim_project/local_setup.bash
[0.126s] -- Up-to-date: /home/xamjam/ros2_ws/install/turtle_sim_project/share/turtle_sim_project/local_setup.sh
[0.126s] -- Up-to-date: /home/xamjam/ros2_ws/install/turtle_sim_project/share/turtle_sim_project/local_setup.zsh
[0.126s] -- Up-to-date: /home/xamjam/ros2_ws/install/turtle_sim_project/share/turtle_sim_project/local_setup.dsv
[0.126s] -- Installing: /home/xamjam/ros2_ws/install/turtle_sim_project/share/turtle_sim_project/package.dsv
[0.126s] -- Up-to-date: /home/xamjam/ros2_ws/install/turtle_sim_project/share/ament_index/resource_index/packages/turtle_sim_project
[0.126s] -- Up-to-date: /home/xamjam/ros2_ws/install/turtle_sim_project/share/turtle_sim_project/cmake/turtle_sim_projectConfig.cmake
[0.126s] -- Up-to-date: /home/xamjam/ros2_ws/install/turtle_sim_project/share/turtle_sim_project/cmake/turtle_sim_projectConfig-version.cmake
[0.126s] -- Up-to-date: /home/xamjam/ros2_ws/install/turtle_sim_project/share/turtle_sim_project/package.xml
[0.127s] Invoked command in '/home/xamjam/ros2_ws/build/turtle_sim_project' returned '0': CMAKE_PREFIX_PATH=/home/xamjam/ros2_ws/install/custom_interfaces:/home/xamjam/ros2_ws/install/turtle_sim_project:/opt/ros/humble /usr/bin/cmake --install /home/xamjam/ros2_ws/build/turtle_sim_project
