[0.044s] Invoking command in '/home/xamjam/ros2_ws/build/my_robot_bringup': CMAKE_PREFIX_PATH=${CMAKE_PREFIX_PATH}:/opt/ros/humble /usr/bin/cmake /home/xamjam/ros2_ws/src/my_robot_bringup -DCMAKE_INSTALL_PREFIX=/home/xamjam/ros2_ws/install/my_robot_bringup
[0.052s] -- Found ament_cmake: 1.3.7 (/opt/ros/humble/share/ament_cmake/cmake)
[0.182s] -- Configuring done
[0.185s] -- Generating done
[0.186s] -- Build files have been written to: /home/xamjam/ros2_ws/build/my_robot_bringup
[0.187s] Invoked command in '/home/xamjam/ros2_ws/build/my_robot_bringup' returned '0': CMAKE_PREFIX_PATH=${CMAKE_PREFIX_PATH}:/opt/ros/humble /usr/bin/cmake /home/xamjam/ros2_ws/src/my_robot_bringup -DCMAKE_INSTALL_PREFIX=/home/xamjam/ros2_ws/install/my_robot_bringup
[0.188s] Invoking command in '/home/xamjam/ros2_ws/build/my_robot_bringup': CMAKE_PREFIX_PATH=${CMAKE_PREFIX_PATH}:/opt/ros/humble /usr/bin/cmake --build /home/xamjam/ros2_ws/build/my_robot_bringup -- -j16 -l16
[0.215s] Invoked command in '/home/xamjam/ros2_ws/build/my_robot_bringup' returned '0': CMAKE_PREFIX_PATH=${CMAKE_PREFIX_PATH}:/opt/ros/humble /usr/bin/cmake --build /home/xamjam/ros2_ws/build/my_robot_bringup -- -j16 -l16
[0.232s] Invoking command in '/home/xamjam/ros2_ws/build/my_robot_bringup': CMAKE_PREFIX_PATH=${CMAKE_PREFIX_PATH}:/opt/ros/humble /usr/bin/cmake --install /home/xamjam/ros2_ws/build/my_robot_bringup
[0.237s] -- Install configuration: ""
[0.237s] -- Installing: /home/xamjam/ros2_ws/install/my_robot_bringup/share/my_robot_bringup/launch
[0.237s] -- Installing: /home/xamjam/ros2_ws/install/my_robot_bringup/share/my_robot_bringup/launch/turtlesim_project.launch.py
[0.237s] -- Installing: /home/xamjam/ros2_ws/install/my_robot_bringup/share/ament_index/resource_index/package_run_dependencies/my_robot_bringup
[0.237s] -- Installing: /home/xamjam/ros2_ws/install/my_robot_bringup/share/ament_index/resource_index/parent_prefix_path/my_robot_bringup
[0.237s] -- Installing: /home/xamjam/ros2_ws/install/my_robot_bringup/share/my_robot_bringup/environment/ament_prefix_path.sh
[0.238s] -- Installing: /home/xamjam/ros2_ws/install/my_robot_bringup/share/my_robot_bringup/environment/ament_prefix_path.dsv
[0.238s] -- Installing: /home/xamjam/ros2_ws/install/my_robot_bringup/share/my_robot_bringup/environment/path.sh
[0.238s] -- Installing: /home/xamjam/ros2_ws/install/my_robot_bringup/share/my_robot_bringup/environment/path.dsv
[0.238s] -- Installing: /home/xamjam/ros2_ws/install/my_robot_bringup/share/my_robot_bringup/local_setup.bash
[0.238s] -- Installing: /home/xamjam/ros2_ws/install/my_robot_bringup/share/my_robot_bringup/local_setup.sh
[0.238s] -- Installing: /home/xamjam/ros2_ws/install/my_robot_bringup/share/my_robot_bringup/local_setup.zsh
[0.238s] -- Installing: /home/xamjam/ros2_ws/install/my_robot_bringup/share/my_robot_bringup/local_setup.dsv
[0.238s] -- Installing: /home/xamjam/ros2_ws/install/my_robot_bringup/share/my_robot_bringup/package.dsv
[0.239s] -- Installing: /home/xamjam/ros2_ws/install/my_robot_bringup/share/ament_index/resource_index/packages/my_robot_bringup
[0.239s] -- Installing: /home/xamjam/ros2_ws/install/my_robot_bringup/share/my_robot_bringup/cmake/my_robot_bringupConfig.cmake
[0.239s] -- Installing: /home/xamjam/ros2_ws/install/my_robot_bringup/share/my_robot_bringup/cmake/my_robot_bringupConfig-version.cmake
[0.239s] -- Installing: /home/xamjam/ros2_ws/install/my_robot_bringup/share/my_robot_bringup/package.xml
[0.240s] Invoked command in '/home/xamjam/ros2_ws/build/my_robot_bringup' returned '0': CMAKE_PREFIX_PATH=${CMAKE_PREFIX_PATH}:/opt/ros/humble /usr/bin/cmake --install /home/xamjam/ros2_ws/build/my_robot_bringup
