[0.043s] Invoking command in '/home/xamjam/ros2_ws/build/custom_interfaces': CMAKE_PREFIX_PATH=${CMAKE_PREFIX_PATH}:/opt/ros/humble /usr/bin/cmake --build /home/xamjam/ros2_ws/build/custom_interfaces -- -j16 -l16
[0.061s] -- Found ament_cmake: 1.3.7 (/opt/ros/humble/share/ament_cmake/cmake)
[0.149s] -- Found rosidl_default_generators: 1.2.0 (/opt/ros/humble/share/rosidl_default_generators/cmake)
[0.150s] -- Using all available rosidl_typesupport_c: rosidl_typesupport_fastrtps_c;rosidl_typesupport_introspection_c
[0.152s] -- Found rosidl_adapter: 3.1.5 (/opt/ros/humble/share/rosidl_adapter/cmake)
[0.171s] -- Using all available rosidl_typesupport_cpp: rosidl_typesupport_fastrtps_cpp;rosidl_typesupport_introspection_cpp
[0.346s] -- Found ament_cmake_ros: 0.10.0 (/opt/ros/humble/share/ament_cmake_ros/cmake)
[0.472s] -- Using all available rosidl_typesupport_c: rosidl_typesupport_fastrtps_c;rosidl_typesupport_introspection_c
[0.630s] -- Using all available rosidl_typesupport_cpp: rosidl_typesupport_fastrtps_cpp;rosidl_typesupport_introspection_cpp
[0.645s] -- Found python_cmake_module: 0.10.0 (/opt/ros/humble/share/python_cmake_module/cmake)
[0.660s] -- Using PYTHON_EXECUTABLE: /usr/bin/python3
[0.660s] -- Using PYTHON_INCLUDE_DIRS: /usr/include/python3.10
[0.660s] -- Using PYTHON_LIBRARIES: /usr/lib/x86_64-linux-gnu/libpython3.10.so
[0.673s] -- Configuring done
[0.700s] -- Generating done
[0.702s] -- Build files have been written to: /home/xamjam/ros2_ws/build/custom_interfaces
[0.721s] [35m[1mConsolidate compiler generated dependencies of target custom_interfaces__rosidl_generator_c[0m
[0.727s] [  2%] Built target custom_interfaces__cpp
[0.730s] [ 12%] Built target custom_interfaces__rosidl_generator_c
[0.735s] [ 12%] Built target ament_cmake_python_copy_custom_interfaces
[0.735s] [35m[1mConsolidate compiler generated dependencies of target custom_interfaces__rosidl_typesupport_cpp[0m
[0.735s] [35m[1mConsolidate compiler generated dependencies of target custom_interfaces__rosidl_typesupport_introspection_cpp[0m
[0.735s] [35m[1mConsolidate compiler generated dependencies of target custom_interfaces__rosidl_typesupport_fastrtps_cpp[0m
[0.737s] [35m[1mConsolidate compiler generated dependencies of target custom_interfaces__rosidl_typesupport_introspection_c[0m
[0.737s] [35m[1mConsolidate compiler generated dependencies of target custom_interfaces__rosidl_typesupport_c[0m
[0.737s] [35m[1mConsolidate compiler generated dependencies of target custom_interfaces__rosidl_typesupport_fastrtps_c[0m
[0.745s] [ 23%] Built target custom_interfaces__rosidl_typesupport_c
[0.745s] [ 34%] Built target custom_interfaces__rosidl_typesupport_introspection_c
[0.746s] [ 44%] Built target custom_interfaces__rosidl_typesupport_cpp
[0.746s] [ 55%] Built target custom_interfaces__rosidl_typesupport_introspection_cpp
[0.747s] [ 65%] Built target custom_interfaces__rosidl_typesupport_fastrtps_cpp
[0.748s] [ 76%] Built target custom_interfaces__rosidl_typesupport_fastrtps_c
[0.763s] [ 76%] Built target custom_interfaces
[0.778s] [ 78%] Built target custom_interfaces__py
[0.785s] [35m[1mConsolidate compiler generated dependencies of target custom_interfaces__rosidl_generator_py[0m
[0.798s] [ 87%] Built target custom_interfaces__rosidl_generator_py
[0.805s] [35m[1mConsolidate compiler generated dependencies of target custom_interfaces__rosidl_typesupport_fastrtps_c__pyext[0m
[0.805s] [35m[1mConsolidate compiler generated dependencies of target custom_interfaces__rosidl_typesupport_c__pyext[0m
[0.805s] [35m[1mConsolidate compiler generated dependencies of target custom_interfaces__rosidl_typesupport_introspection_c__pyext[0m
[0.815s] [ 91%] Built target custom_interfaces__rosidl_typesupport_fastrtps_c__pyext
[0.815s] [ 97%] Built target custom_interfaces__rosidl_typesupport_c__pyext
[0.815s] [100%] Built target custom_interfaces__rosidl_typesupport_introspection_c__pyext
[0.888s] running egg_info
[0.888s] writing custom_interfaces.egg-info/PKG-INFO
[0.888s] writing dependency_links to custom_interfaces.egg-info/dependency_links.txt
[0.889s] writing top-level names to custom_interfaces.egg-info/top_level.txt
[0.890s] reading manifest file 'custom_interfaces.egg-info/SOURCES.txt'
[0.890s] writing manifest file 'custom_interfaces.egg-info/SOURCES.txt'
[0.907s] [100%] Built target ament_cmake_python_build_custom_interfaces_egg
[0.916s] Invoked command in '/home/xamjam/ros2_ws/build/custom_interfaces' returned '0': CMAKE_PREFIX_PATH=${CMAKE_PREFIX_PATH}:/opt/ros/humble /usr/bin/cmake --build /home/xamjam/ros2_ws/build/custom_interfaces -- -j16 -l16
[0.998s] Invoking command in '/home/xamjam/ros2_ws/build/custom_interfaces': CMAKE_PREFIX_PATH=${CMAKE_PREFIX_PATH}:/opt/ros/humble /usr/bin/cmake --install /home/xamjam/ros2_ws/build/custom_interfaces
[1.003s] -- Install configuration: ""
[1.004s] -- Up-to-date: /home/xamjam/ros2_ws/install/custom_interfaces/share/ament_index/resource_index/rosidl_interfaces/custom_interfaces
[1.004s] -- Up-to-date: /home/xamjam/ros2_ws/install/custom_interfaces/include/custom_interfaces/custom_interfaces
[1.004s] -- Up-to-date: /home/xamjam/ros2_ws/install/custom_interfaces/include/custom_interfaces/custom_interfaces/msg
[1.004s] -- Up-to-date: /home/xamjam/ros2_ws/install/custom_interfaces/include/custom_interfaces/custom_interfaces/msg/turtle_array.h
[1.004s] -- Up-to-date: /home/xamjam/ros2_ws/install/custom_interfaces/include/custom_interfaces/custom_interfaces/msg/detail
[1.004s] -- Up-to-date: /home/xamjam/ros2_ws/install/custom_interfaces/include/custom_interfaces/custom_interfaces/msg/detail/turtle__functions.h
[1.004s] -- Up-to-date: /home/xamjam/ros2_ws/install/custom_interfaces/include/custom_interfaces/custom_interfaces/msg/detail/turtle__struct.h
[1.004s] -- Up-to-date: /home/xamjam/ros2_ws/install/custom_interfaces/include/custom_interfaces/custom_interfaces/msg/detail/turtle_array__struct.h
[1.004s] -- Up-to-date: /home/xamjam/ros2_ws/install/custom_interfaces/include/custom_interfaces/custom_interfaces/msg/detail/turtle_array__type_support.h
[1.004s] -- Up-to-date: /home/xamjam/ros2_ws/install/custom_interfaces/include/custom_interfaces/custom_interfaces/msg/detail/turtle__type_support.h
[1.004s] -- Up-to-date: /home/xamjam/ros2_ws/install/custom_interfaces/include/custom_interfaces/custom_interfaces/msg/detail/turtle__functions.c
[1.004s] -- Up-to-date: /home/xamjam/ros2_ws/install/custom_interfaces/include/custom_interfaces/custom_interfaces/msg/detail/turtle_array__functions.h
[1.004s] -- Up-to-date: /home/xamjam/ros2_ws/install/custom_interfaces/include/custom_interfaces/custom_interfaces/msg/detail/turtle_array__functions.c
[1.004s] -- Up-to-date: /home/xamjam/ros2_ws/install/custom_interfaces/include/custom_interfaces/custom_interfaces/msg/turtle.h
[1.004s] -- Up-to-date: /home/xamjam/ros2_ws/install/custom_interfaces/include/custom_interfaces/custom_interfaces/msg/rosidl_generator_c__visibility_control.h
[1.004s] -- Up-to-date: /home/xamjam/ros2_ws/install/custom_interfaces/include/custom_interfaces/custom_interfaces/srv
[1.005s] -- Up-to-date: /home/xamjam/ros2_ws/install/custom_interfaces/include/custom_interfaces/custom_interfaces/srv/detail
[1.005s] -- Up-to-date: /home/xamjam/ros2_ws/install/custom_interfaces/include/custom_interfaces/custom_interfaces/srv/detail/turtle_kill__functions.h
[1.005s] -- Up-to-date: /home/xamjam/ros2_ws/install/custom_interfaces/include/custom_interfaces/custom_interfaces/srv/detail/turtle_kill__functions.c
[1.005s] -- Up-to-date: /home/xamjam/ros2_ws/install/custom_interfaces/include/custom_interfaces/custom_interfaces/srv/detail/turtle_kill__struct.h
[1.005s] -- Up-to-date: /home/xamjam/ros2_ws/install/custom_interfaces/include/custom_interfaces/custom_interfaces/srv/detail/turtle_kill__type_support.h
[1.005s] -- Up-to-date: /home/xamjam/ros2_ws/install/custom_interfaces/include/custom_interfaces/custom_interfaces/srv/turtle_kill.h
[1.005s] -- Up-to-date: /home/xamjam/ros2_ws/install/custom_interfaces/share/custom_interfaces/environment/library_path.sh
[1.005s] -- Installing: /home/xamjam/ros2_ws/install/custom_interfaces/share/custom_interfaces/environment/library_path.dsv
[1.005s] -- Up-to-date: /home/xamjam/ros2_ws/install/custom_interfaces/lib/libcustom_interfaces__rosidl_generator_c.so
[1.005s] -- Up-to-date: /home/xamjam/ros2_ws/install/custom_interfaces/include/custom_interfaces/custom_interfaces
[1.005s] -- Up-to-date: /home/xamjam/ros2_ws/install/custom_interfaces/include/custom_interfaces/custom_interfaces/msg
[1.005s] -- Up-to-date: /home/xamjam/ros2_ws/install/custom_interfaces/include/custom_interfaces/custom_interfaces/msg/rosidl_typesupport_fastrtps_c__visibility_control.h
[1.005s] -- Up-to-date: /home/xamjam/ros2_ws/install/custom_interfaces/include/custom_interfaces/custom_interfaces/msg/detail
[1.005s] -- Up-to-date: /home/xamjam/ros2_ws/install/custom_interfaces/include/custom_interfaces/custom_interfaces/msg/detail/turtle__rosidl_typesupport_fastrtps_c.h
[1.005s] -- Up-to-date: /home/xamjam/ros2_ws/install/custom_interfaces/include/custom_interfaces/custom_interfaces/msg/detail/turtle_array__rosidl_typesupport_fastrtps_c.h
[1.005s] -- Up-to-date: /home/xamjam/ros2_ws/install/custom_interfaces/include/custom_interfaces/custom_interfaces/srv
[1.005s] -- Up-to-date: /home/xamjam/ros2_ws/install/custom_interfaces/include/custom_interfaces/custom_interfaces/srv/detail
[1.006s] -- Up-to-date: /home/xamjam/ros2_ws/install/custom_interfaces/include/custom_interfaces/custom_interfaces/srv/detail/turtle_kill__rosidl_typesupport_fastrtps_c.h
[1.006s] -- Up-to-date: /home/xamjam/ros2_ws/install/custom_interfaces/lib/libcustom_interfaces__rosidl_typesupport_fastrtps_c.so
[1.006s] -- Up-to-date: /home/xamjam/ros2_ws/install/custom_interfaces/include/custom_interfaces/custom_interfaces
[1.006s] -- Up-to-date: /home/xamjam/ros2_ws/install/custom_interfaces/include/custom_interfaces/custom_interfaces/msg
[1.006s] -- Up-to-date: /home/xamjam/ros2_ws/install/custom_interfaces/include/custom_interfaces/custom_interfaces/msg/detail
[1.006s] -- Up-to-date: /home/xamjam/ros2_ws/install/custom_interfaces/include/custom_interfaces/custom_interfaces/msg/detail/turtle__rosidl_typesupport_introspection_c.h
[1.006s] -- Up-to-date: /home/xamjam/ros2_ws/install/custom_interfaces/include/custom_interfaces/custom_interfaces/msg/detail/turtle__type_support.c
[1.006s] -- Up-to-date: /home/xamjam/ros2_ws/install/custom_interfaces/include/custom_interfaces/custom_interfaces/msg/detail/turtle_array__type_support.c
[1.006s] -- Up-to-date: /home/xamjam/ros2_ws/install/custom_interfaces/include/custom_interfaces/custom_interfaces/msg/detail/turtle_array__rosidl_typesupport_introspection_c.h
[1.006s] -- Up-to-date: /home/xamjam/ros2_ws/install/custom_interfaces/include/custom_interfaces/custom_interfaces/msg/rosidl_typesupport_introspection_c__visibility_control.h
[1.006s] -- Up-to-date: /home/xamjam/ros2_ws/install/custom_interfaces/include/custom_interfaces/custom_interfaces/srv
[1.006s] -- Up-to-date: /home/xamjam/ros2_ws/install/custom_interfaces/include/custom_interfaces/custom_interfaces/srv/detail
[1.006s] -- Up-to-date: /home/xamjam/ros2_ws/install/custom_interfaces/include/custom_interfaces/custom_interfaces/srv/detail/turtle_kill__rosidl_typesupport_introspection_c.h
[1.006s] -- Up-to-date: /home/xamjam/ros2_ws/install/custom_interfaces/include/custom_interfaces/custom_interfaces/srv/detail/turtle_kill__type_support.c
[1.006s] -- Up-to-date: /home/xamjam/ros2_ws/install/custom_interfaces/lib/libcustom_interfaces__rosidl_typesupport_introspection_c.so
[1.006s] -- Up-to-date: /home/xamjam/ros2_ws/install/custom_interfaces/lib/libcustom_interfaces__rosidl_typesupport_c.so
[1.007s] -- Up-to-date: /home/xamjam/ros2_ws/install/custom_interfaces/include/custom_interfaces/custom_interfaces
[1.007s] -- Up-to-date: /home/xamjam/ros2_ws/install/custom_interfaces/include/custom_interfaces/custom_interfaces/msg
[1.007s] -- Up-to-date: /home/xamjam/ros2_ws/install/custom_interfaces/include/custom_interfaces/custom_interfaces/msg/detail
[1.007s] -- Up-to-date: /home/xamjam/ros2_ws/install/custom_interfaces/include/custom_interfaces/custom_interfaces/msg/detail/turtle_array__traits.hpp
[1.007s] -- Up-to-date: /home/xamjam/ros2_ws/install/custom_interfaces/include/custom_interfaces/custom_interfaces/msg/detail/turtle__struct.hpp
[1.007s] -- Up-to-date: /home/xamjam/ros2_ws/install/custom_interfaces/include/custom_interfaces/custom_interfaces/msg/detail/turtle__builder.hpp
[1.007s] -- Up-to-date: /home/xamjam/ros2_ws/install/custom_interfaces/include/custom_interfaces/custom_interfaces/msg/detail/turtle_array__builder.hpp
[1.007s] -- Up-to-date: /home/xamjam/ros2_ws/install/custom_interfaces/include/custom_interfaces/custom_interfaces/msg/detail/turtle_array__struct.hpp
[1.007s] -- Up-to-date: /home/xamjam/ros2_ws/install/custom_interfaces/include/custom_interfaces/custom_interfaces/msg/detail/turtle__traits.hpp
[1.007s] -- Up-to-date: /home/xamjam/ros2_ws/install/custom_interfaces/include/custom_interfaces/custom_interfaces/msg/turtle.hpp
[1.007s] -- Up-to-date: /home/xamjam/ros2_ws/install/custom_interfaces/include/custom_interfaces/custom_interfaces/msg/turtle_array.hpp
[1.007s] -- Up-to-date: /home/xamjam/ros2_ws/install/custom_interfaces/include/custom_interfaces/custom_interfaces/srv
[1.007s] -- Up-to-date: /home/xamjam/ros2_ws/install/custom_interfaces/include/custom_interfaces/custom_interfaces/srv/detail
[1.007s] -- Up-to-date: /home/xamjam/ros2_ws/install/custom_interfaces/include/custom_interfaces/custom_interfaces/srv/detail/turtle_kill__traits.hpp
[1.007s] -- Up-to-date: /home/xamjam/ros2_ws/install/custom_interfaces/include/custom_interfaces/custom_interfaces/srv/detail/turtle_kill__builder.hpp
[1.007s] -- Up-to-date: /home/xamjam/ros2_ws/install/custom_interfaces/include/custom_interfaces/custom_interfaces/srv/detail/turtle_kill__struct.hpp
[1.008s] -- Up-to-date: /home/xamjam/ros2_ws/install/custom_interfaces/include/custom_interfaces/custom_interfaces/srv/turtle_kill.hpp
[1.008s] -- Up-to-date: /home/xamjam/ros2_ws/install/custom_interfaces/include/custom_interfaces/custom_interfaces
[1.008s] -- Up-to-date: /home/xamjam/ros2_ws/install/custom_interfaces/include/custom_interfaces/custom_interfaces/msg
[1.008s] -- Up-to-date: /home/xamjam/ros2_ws/install/custom_interfaces/include/custom_interfaces/custom_interfaces/msg/rosidl_typesupport_fastrtps_cpp__visibility_control.h
[1.008s] -- Up-to-date: /home/xamjam/ros2_ws/install/custom_interfaces/include/custom_interfaces/custom_interfaces/msg/detail
[1.008s] -- Up-to-date: /home/xamjam/ros2_ws/install/custom_interfaces/include/custom_interfaces/custom_interfaces/msg/detail/turtle__rosidl_typesupport_fastrtps_cpp.hpp
[1.008s] -- Up-to-date: /home/xamjam/ros2_ws/install/custom_interfaces/include/custom_interfaces/custom_interfaces/msg/detail/turtle_array__rosidl_typesupport_fastrtps_cpp.hpp
[1.008s] -- Up-to-date: /home/xamjam/ros2_ws/install/custom_interfaces/include/custom_interfaces/custom_interfaces/msg/detail/dds_fastrtps
[1.008s] -- Up-to-date: /home/xamjam/ros2_ws/install/custom_interfaces/include/custom_interfaces/custom_interfaces/srv
[1.008s] -- Up-to-date: /home/xamjam/ros2_ws/install/custom_interfaces/include/custom_interfaces/custom_interfaces/srv/detail
[1.008s] -- Up-to-date: /home/xamjam/ros2_ws/install/custom_interfaces/include/custom_interfaces/custom_interfaces/srv/detail/dds_fastrtps
[1.008s] -- Up-to-date: /home/xamjam/ros2_ws/install/custom_interfaces/include/custom_interfaces/custom_interfaces/srv/detail/turtle_kill__rosidl_typesupport_fastrtps_cpp.hpp
[1.008s] -- Up-to-date: /home/xamjam/ros2_ws/install/custom_interfaces/lib/libcustom_interfaces__rosidl_typesupport_fastrtps_cpp.so
[1.008s] -- Up-to-date: /home/xamjam/ros2_ws/install/custom_interfaces/include/custom_interfaces/custom_interfaces
[1.008s] -- Up-to-date: /home/xamjam/ros2_ws/install/custom_interfaces/include/custom_interfaces/custom_interfaces/msg
[1.008s] -- Up-to-date: /home/xamjam/ros2_ws/install/custom_interfaces/include/custom_interfaces/custom_interfaces/msg/detail
[1.008s] -- Up-to-date: /home/xamjam/ros2_ws/install/custom_interfaces/include/custom_interfaces/custom_interfaces/msg/detail/turtle_array__type_support.cpp
[1.008s] -- Up-to-date: /home/xamjam/ros2_ws/install/custom_interfaces/include/custom_interfaces/custom_interfaces/msg/detail/turtle__type_support.cpp
[1.008s] -- Up-to-date: /home/xamjam/ros2_ws/install/custom_interfaces/include/custom_interfaces/custom_interfaces/msg/detail/turtle_array__rosidl_typesupport_introspection_cpp.hpp
[1.008s] -- Up-to-date: /home/xamjam/ros2_ws/install/custom_interfaces/include/custom_interfaces/custom_interfaces/msg/detail/turtle__rosidl_typesupport_introspection_cpp.hpp
[1.008s] -- Up-to-date: /home/xamjam/ros2_ws/install/custom_interfaces/include/custom_interfaces/custom_interfaces/srv
[1.009s] -- Up-to-date: /home/xamjam/ros2_ws/install/custom_interfaces/include/custom_interfaces/custom_interfaces/srv/detail
[1.009s] -- Up-to-date: /home/xamjam/ros2_ws/install/custom_interfaces/include/custom_interfaces/custom_interfaces/srv/detail/turtle_kill__type_support.cpp
[1.009s] -- Up-to-date: /home/xamjam/ros2_ws/install/custom_interfaces/include/custom_interfaces/custom_interfaces/srv/detail/turtle_kill__rosidl_typesupport_introspection_cpp.hpp
[1.009s] -- Up-to-date: /home/xamjam/ros2_ws/install/custom_interfaces/lib/libcustom_interfaces__rosidl_typesupport_introspection_cpp.so
[1.009s] -- Up-to-date: /home/xamjam/ros2_ws/install/custom_interfaces/lib/libcustom_interfaces__rosidl_typesupport_cpp.so
[1.009s] -- Up-to-date: /home/xamjam/ros2_ws/install/custom_interfaces/share/custom_interfaces/environment/pythonpath.sh
[1.009s] -- Installing: /home/xamjam/ros2_ws/install/custom_interfaces/share/custom_interfaces/environment/pythonpath.dsv
[1.009s] -- Up-to-date: /home/xamjam/ros2_ws/install/custom_interfaces/local/lib/python3.10/dist-packages/custom_interfaces-0.0.0-py3.10.egg-info
[1.009s] -- Installing: /home/xamjam/ros2_ws/install/custom_interfaces/local/lib/python3.10/dist-packages/custom_interfaces-0.0.0-py3.10.egg-info/top_level.txt
[1.009s] -- Installing: /home/xamjam/ros2_ws/install/custom_interfaces/local/lib/python3.10/dist-packages/custom_interfaces-0.0.0-py3.10.egg-info/SOURCES.txt
[1.009s] -- Installing: /home/xamjam/ros2_ws/install/custom_interfaces/local/lib/python3.10/dist-packages/custom_interfaces-0.0.0-py3.10.egg-info/PKG-INFO
[1.009s] -- Installing: /home/xamjam/ros2_ws/install/custom_interfaces/local/lib/python3.10/dist-packages/custom_interfaces-0.0.0-py3.10.egg-info/dependency_links.txt
[1.009s] -- Up-to-date: /home/xamjam/ros2_ws/install/custom_interfaces/local/lib/python3.10/dist-packages/custom_interfaces
[1.009s] -- Up-to-date: /home/xamjam/ros2_ws/install/custom_interfaces/local/lib/python3.10/dist-packages/custom_interfaces/custom_interfaces_s__rosidl_typesupport_fastrtps_c.cpython-310-x86_64-linux-gnu.so
[1.009s] -- Up-to-date: /home/xamjam/ros2_ws/install/custom_interfaces/local/lib/python3.10/dist-packages/custom_interfaces/custom_interfaces_s__rosidl_typesupport_introspection_c.cpython-310-x86_64-linux-gnu.so
[1.009s] -- Up-to-date: /home/xamjam/ros2_ws/install/custom_interfaces/local/lib/python3.10/dist-packages/custom_interfaces/custom_interfaces_s__rosidl_typesupport_c.cpython-310-x86_64-linux-gnu.so
[1.009s] -- Up-to-date: /home/xamjam/ros2_ws/install/custom_interfaces/local/lib/python3.10/dist-packages/custom_interfaces/_custom_interfaces_s.ep.rosidl_typesupport_fastrtps_c.c
[1.009s] -- Up-to-date: /home/xamjam/ros2_ws/install/custom_interfaces/local/lib/python3.10/dist-packages/custom_interfaces/msg
[1.010s] -- Up-to-date: /home/xamjam/ros2_ws/install/custom_interfaces/local/lib/python3.10/dist-packages/custom_interfaces/msg/_turtle_array_s.c
[1.010s] -- Up-to-date: /home/xamjam/ros2_ws/install/custom_interfaces/local/lib/python3.10/dist-packages/custom_interfaces/msg/__init__.py
[1.010s] -- Up-to-date: /home/xamjam/ros2_ws/install/custom_interfaces/local/lib/python3.10/dist-packages/custom_interfaces/msg/_turtle_array.py
[1.010s] -- Up-to-date: /home/xamjam/ros2_ws/install/custom_interfaces/local/lib/python3.10/dist-packages/custom_interfaces/msg/_turtle_s.c
[1.010s] -- Up-to-date: /home/xamjam/ros2_ws/install/custom_interfaces/local/lib/python3.10/dist-packages/custom_interfaces/msg/_turtle.py
[1.010s] -- Up-to-date: /home/xamjam/ros2_ws/install/custom_interfaces/local/lib/python3.10/dist-packages/custom_interfaces/libcustom_interfaces__rosidl_generator_py.so
[1.010s] -- Up-to-date: /home/xamjam/ros2_ws/install/custom_interfaces/local/lib/python3.10/dist-packages/custom_interfaces/srv
[1.010s] -- Up-to-date: /home/xamjam/ros2_ws/install/custom_interfaces/local/lib/python3.10/dist-packages/custom_interfaces/srv/_turtle_kill.py
[1.010s] -- Up-to-date: /home/xamjam/ros2_ws/install/custom_interfaces/local/lib/python3.10/dist-packages/custom_interfaces/srv/_turtle_kill_s.c
[1.010s] -- Up-to-date: /home/xamjam/ros2_ws/install/custom_interfaces/local/lib/python3.10/dist-packages/custom_interfaces/srv/__init__.py
[1.010s] -- Up-to-date: /home/xamjam/ros2_ws/install/custom_interfaces/local/lib/python3.10/dist-packages/custom_interfaces/_custom_interfaces_s.ep.rosidl_typesupport_c.c
[1.010s] -- Installing: /home/xamjam/ros2_ws/install/custom_interfaces/local/lib/python3.10/dist-packages/custom_interfaces/__init__.py
[1.010s] -- Up-to-date: /home/xamjam/ros2_ws/install/custom_interfaces/local/lib/python3.10/dist-packages/custom_interfaces/_custom_interfaces_s.ep.rosidl_typesupport_introspection_c.c
[1.030s] Listing '/home/xamjam/ros2_ws/install/custom_interfaces/local/lib/python3.10/dist-packages/custom_interfaces'...
[1.030s] Compiling '/home/xamjam/ros2_ws/install/custom_interfaces/local/lib/python3.10/dist-packages/custom_interfaces/__init__.py'...
[1.030s] Listing '/home/xamjam/ros2_ws/install/custom_interfaces/local/lib/python3.10/dist-packages/custom_interfaces/msg'...
[1.031s] Listing '/home/xamjam/ros2_ws/install/custom_interfaces/local/lib/python3.10/dist-packages/custom_interfaces/srv'...
[1.033s] -- Up-to-date: /home/xamjam/ros2_ws/install/custom_interfaces/local/lib/python3.10/dist-packages/custom_interfaces/custom_interfaces_s__rosidl_typesupport_fastrtps_c.cpython-310-x86_64-linux-gnu.so
[1.033s] -- Up-to-date: /home/xamjam/ros2_ws/install/custom_interfaces/local/lib/python3.10/dist-packages/custom_interfaces/custom_interfaces_s__rosidl_typesupport_introspection_c.cpython-310-x86_64-linux-gnu.so
[1.034s] -- Up-to-date: /home/xamjam/ros2_ws/install/custom_interfaces/local/lib/python3.10/dist-packages/custom_interfaces/custom_interfaces_s__rosidl_typesupport_c.cpython-310-x86_64-linux-gnu.so
[1.034s] -- Up-to-date: /home/xamjam/ros2_ws/install/custom_interfaces/lib/libcustom_interfaces__rosidl_generator_py.so
[1.034s] -- Up-to-date: /home/xamjam/ros2_ws/install/custom_interfaces/share/custom_interfaces/msg/Turtle.idl
[1.034s] -- Up-to-date: /home/xamjam/ros2_ws/install/custom_interfaces/share/custom_interfaces/msg/TurtleArray.idl
[1.034s] -- Up-to-date: /home/xamjam/ros2_ws/install/custom_interfaces/share/custom_interfaces/srv/TurtleKill.idl
[1.034s] -- Up-to-date: /home/xamjam/ros2_ws/install/custom_interfaces/share/custom_interfaces/msg/Turtle.msg
[1.034s] -- Installing: /home/xamjam/ros2_ws/install/custom_interfaces/share/custom_interfaces/msg/TurtleArray.msg
[1.035s] -- Up-to-date: /home/xamjam/ros2_ws/install/custom_interfaces/share/custom_interfaces/srv/TurtleKill.srv
[1.035s] -- Up-to-date: /home/xamjam/ros2_ws/install/custom_interfaces/share/custom_interfaces/srv/TurtleKill_Request.msg
[1.035s] -- Up-to-date: /home/xamjam/ros2_ws/install/custom_interfaces/share/custom_interfaces/srv/TurtleKill_Response.msg
[1.035s] -- Up-to-date: /home/xamjam/ros2_ws/install/custom_interfaces/share/ament_index/resource_index/package_run_dependencies/custom_interfaces
[1.035s] -- Installing: /home/xamjam/ros2_ws/install/custom_interfaces/share/ament_index/resource_index/parent_prefix_path/custom_interfaces
[1.035s] -- Up-to-date: /home/xamjam/ros2_ws/install/custom_interfaces/share/custom_interfaces/environment/ament_prefix_path.sh
[1.035s] -- Installing: /home/xamjam/ros2_ws/install/custom_interfaces/share/custom_interfaces/environment/ament_prefix_path.dsv
[1.035s] -- Up-to-date: /home/xamjam/ros2_ws/install/custom_interfaces/share/custom_interfaces/environment/path.sh
[1.035s] -- Installing: /home/xamjam/ros2_ws/install/custom_interfaces/share/custom_interfaces/environment/path.dsv
[1.035s] -- Up-to-date: /home/xamjam/ros2_ws/install/custom_interfaces/share/custom_interfaces/local_setup.bash
[1.035s] -- Up-to-date: /home/xamjam/ros2_ws/install/custom_interfaces/share/custom_interfaces/local_setup.sh
[1.035s] -- Up-to-date: /home/xamjam/ros2_ws/install/custom_interfaces/share/custom_interfaces/local_setup.zsh
[1.035s] -- Installing: /home/xamjam/ros2_ws/install/custom_interfaces/share/custom_interfaces/local_setup.dsv
[1.035s] -- Installing: /home/xamjam/ros2_ws/install/custom_interfaces/share/custom_interfaces/package.dsv
[1.035s] -- Up-to-date: /home/xamjam/ros2_ws/install/custom_interfaces/share/ament_index/resource_index/packages/custom_interfaces
[1.036s] -- Up-to-date: /home/xamjam/ros2_ws/install/custom_interfaces/share/custom_interfaces/cmake/export_custom_interfaces__rosidl_generator_cExport.cmake
[1.036s] -- Up-to-date: /home/xamjam/ros2_ws/install/custom_interfaces/share/custom_interfaces/cmake/export_custom_interfaces__rosidl_generator_cExport-noconfig.cmake
[1.036s] -- Up-to-date: /home/xamjam/ros2_ws/install/custom_interfaces/share/custom_interfaces/cmake/export_custom_interfaces__rosidl_typesupport_fastrtps_cExport.cmake
[1.036s] -- Up-to-date: /home/xamjam/ros2_ws/install/custom_interfaces/share/custom_interfaces/cmake/export_custom_interfaces__rosidl_typesupport_fastrtps_cExport-noconfig.cmake
[1.036s] -- Up-to-date: /home/xamjam/ros2_ws/install/custom_interfaces/share/custom_interfaces/cmake/custom_interfaces__rosidl_typesupport_introspection_cExport.cmake
[1.036s] -- Up-to-date: /home/xamjam/ros2_ws/install/custom_interfaces/share/custom_interfaces/cmake/custom_interfaces__rosidl_typesupport_introspection_cExport-noconfig.cmake
[1.036s] -- Up-to-date: /home/xamjam/ros2_ws/install/custom_interfaces/share/custom_interfaces/cmake/custom_interfaces__rosidl_typesupport_cExport.cmake
[1.036s] -- Up-to-date: /home/xamjam/ros2_ws/install/custom_interfaces/share/custom_interfaces/cmake/custom_interfaces__rosidl_typesupport_cExport-noconfig.cmake
[1.036s] -- Up-to-date: /home/xamjam/ros2_ws/install/custom_interfaces/share/custom_interfaces/cmake/export_custom_interfaces__rosidl_generator_cppExport.cmake
[1.036s] -- Up-to-date: /home/xamjam/ros2_ws/install/custom_interfaces/share/custom_interfaces/cmake/export_custom_interfaces__rosidl_typesupport_fastrtps_cppExport.cmake
[1.036s] -- Up-to-date: /home/xamjam/ros2_ws/install/custom_interfaces/share/custom_interfaces/cmake/export_custom_interfaces__rosidl_typesupport_fastrtps_cppExport-noconfig.cmake
[1.036s] -- Up-to-date: /home/xamjam/ros2_ws/install/custom_interfaces/share/custom_interfaces/cmake/custom_interfaces__rosidl_typesupport_introspection_cppExport.cmake
[1.036s] -- Up-to-date: /home/xamjam/ros2_ws/install/custom_interfaces/share/custom_interfaces/cmake/custom_interfaces__rosidl_typesupport_introspection_cppExport-noconfig.cmake
[1.036s] -- Up-to-date: /home/xamjam/ros2_ws/install/custom_interfaces/share/custom_interfaces/cmake/custom_interfaces__rosidl_typesupport_cppExport.cmake
[1.036s] -- Up-to-date: /home/xamjam/ros2_ws/install/custom_interfaces/share/custom_interfaces/cmake/custom_interfaces__rosidl_typesupport_cppExport-noconfig.cmake
[1.036s] -- Up-to-date: /home/xamjam/ros2_ws/install/custom_interfaces/share/custom_interfaces/cmake/export_custom_interfaces__rosidl_generator_pyExport.cmake
[1.036s] -- Up-to-date: /home/xamjam/ros2_ws/install/custom_interfaces/share/custom_interfaces/cmake/export_custom_interfaces__rosidl_generator_pyExport-noconfig.cmake
[1.037s] -- Up-to-date: /home/xamjam/ros2_ws/install/custom_interfaces/share/custom_interfaces/cmake/rosidl_cmake-extras.cmake
[1.037s] -- Up-to-date: /home/xamjam/ros2_ws/install/custom_interfaces/share/custom_interfaces/cmake/ament_cmake_export_include_directories-extras.cmake
[1.037s] -- Up-to-date: /home/xamjam/ros2_ws/install/custom_interfaces/share/custom_interfaces/cmake/ament_cmake_export_libraries-extras.cmake
[1.037s] -- Up-to-date: /home/xamjam/ros2_ws/install/custom_interfaces/share/custom_interfaces/cmake/ament_cmake_export_targets-extras.cmake
[1.037s] -- Up-to-date: /home/xamjam/ros2_ws/install/custom_interfaces/share/custom_interfaces/cmake/rosidl_cmake_export_typesupport_targets-extras.cmake
[1.037s] -- Up-to-date: /home/xamjam/ros2_ws/install/custom_interfaces/share/custom_interfaces/cmake/ament_cmake_export_dependencies-extras.cmake
[1.037s] -- Up-to-date: /home/xamjam/ros2_ws/install/custom_interfaces/share/custom_interfaces/cmake/rosidl_cmake_export_typesupport_libraries-extras.cmake
[1.037s] -- Up-to-date: /home/xamjam/ros2_ws/install/custom_interfaces/share/custom_interfaces/cmake/custom_interfacesConfig.cmake
[1.037s] -- Up-to-date: /home/xamjam/ros2_ws/install/custom_interfaces/share/custom_interfaces/cmake/custom_interfacesConfig-version.cmake
[1.037s] -- Up-to-date: /home/xamjam/ros2_ws/install/custom_interfaces/share/custom_interfaces/package.xml
[1.039s] Invoked command in '/home/xamjam/ros2_ws/build/custom_interfaces' returned '0': CMAKE_PREFIX_PATH=${CMAKE_PREFIX_PATH}:/opt/ros/humble /usr/bin/cmake --install /home/xamjam/ros2_ws/build/custom_interfaces
