[0.043s] Invoking command in '/home/xamjam/ros2_ws/build/turtle_sim_project': CMAKE_PREFIX_PATH=/home/xamjam/ros2_ws/install/custom_interfaces:/home/xamjam/ros2_ws/install/turtle_sim_project:/opt/ros/humble /usr/bin/cmake --build /home/xamjam/ros2_ws/build/turtle_sim_project -- -j16 -l16
[0.073s] [35m[1mConsolidate compiler generated dependencies of target turtle_spawner_node[0m
[0.082s] [ 25%] [32mBuilding CXX object CMakeFiles/turtle_controller_node.dir/src/turtle_controller_node.cpp.o[0m
[0.088s] [ 75%] Built target turtle_spawner_node
[7.716s] [100%] [32m[1mLinking CXX executable turtle_controller_node[0m
[8.090s] [100%] Built target turtle_controller_node
[8.100s] Invoked command in '/home/xamjam/ros2_ws/build/turtle_sim_project' returned '0': CMAKE_PREFIX_PATH=/home/xamjam/ros2_ws/install/custom_interfaces:/home/xamjam/ros2_ws/install/turtle_sim_project:/opt/ros/humble /usr/bin/cmake --build /home/xamjam/ros2_ws/build/turtle_sim_project -- -j16 -l16
[8.122s] Invoking command in '/home/xamjam/ros2_ws/build/turtle_sim_project': CMAKE_PREFIX_PATH=/home/xamjam/ros2_ws/install/custom_interfaces:/home/xamjam/ros2_ws/install/turtle_sim_project:/opt/ros/humble /usr/bin/cmake --install /home/xamjam/ros2_ws/build/turtle_sim_project
[8.127s] -- Install configuration: ""
[8.127s] -- Installing: /home/xamjam/ros2_ws/install/turtle_sim_project/lib/turtle_sim_project/turtle_controller_node
[8.136s] -- Set runtime path of "/home/xamjam/ros2_ws/install/turtle_sim_project/lib/turtle_sim_project/turtle_controller_node" to ""
[8.136s] -- Up-to-date: /home/xamjam/ros2_ws/install/turtle_sim_project/lib/turtle_sim_project/turtle_spawner_node
[8.136s] -- Up-to-date: /home/xamjam/ros2_ws/install/turtle_sim_project/share/ament_index/resource_index/package_run_dependencies/turtle_sim_project
[8.136s] -- Up-to-date: /home/xamjam/ros2_ws/install/turtle_sim_project/share/ament_index/resource_index/parent_prefix_path/turtle_sim_project
[8.136s] -- Up-to-date: /home/xamjam/ros2_ws/install/turtle_sim_project/share/turtle_sim_project/environment/ament_prefix_path.sh
[8.137s] -- Up-to-date: /home/xamjam/ros2_ws/install/turtle_sim_project/share/turtle_sim_project/environment/ament_prefix_path.dsv
[8.137s] -- Up-to-date: /home/xamjam/ros2_ws/install/turtle_sim_project/share/turtle_sim_project/environment/path.sh
[8.137s] -- Up-to-date: /home/xamjam/ros2_ws/install/turtle_sim_project/share/turtle_sim_project/environment/path.dsv
[8.137s] -- Up-to-date: /home/xamjam/ros2_ws/install/turtle_sim_project/share/turtle_sim_project/local_setup.bash
[8.137s] -- Up-to-date: /home/xamjam/ros2_ws/install/turtle_sim_project/share/turtle_sim_project/local_setup.sh
[8.137s] -- Up-to-date: /home/xamjam/ros2_ws/install/turtle_sim_project/share/turtle_sim_project/local_setup.zsh
[8.137s] -- Up-to-date: /home/xamjam/ros2_ws/install/turtle_sim_project/share/turtle_sim_project/local_setup.dsv
[8.137s] -- Installing: /home/xamjam/ros2_ws/install/turtle_sim_project/share/turtle_sim_project/package.dsv
[8.137s] -- Up-to-date: /home/xamjam/ros2_ws/install/turtle_sim_project/share/ament_index/resource_index/packages/turtle_sim_project
[8.137s] -- Up-to-date: /home/xamjam/ros2_ws/install/turtle_sim_project/share/turtle_sim_project/cmake/turtle_sim_projectConfig.cmake
[8.137s] -- Up-to-date: /home/xamjam/ros2_ws/install/turtle_sim_project/share/turtle_sim_project/cmake/turtle_sim_projectConfig-version.cmake
[8.137s] -- Up-to-date: /home/xamjam/ros2_ws/install/turtle_sim_project/share/turtle_sim_project/package.xml
[8.138s] Invoked command in '/home/xamjam/ros2_ws/build/turtle_sim_project' returned '0': CMAKE_PREFIX_PATH=/home/xamjam/ros2_ws/install/custom_interfaces:/home/xamjam/ros2_ws/install/turtle_sim_project:/opt/ros/humble /usr/bin/cmake --install /home/xamjam/ros2_ws/build/turtle_sim_project
