[0.049s] Invoking command in '/home/xamjam/ros2_ws/build/turtle_sim_project': CMAKE_PREFIX_PATH=${CMAKE_PREFIX_PATH}:/opt/ros/humble /usr/bin/cmake --build /home/xamjam/ros2_ws/build/turtle_sim_project -- -j16 -l16
[0.080s] [35m[1mConsolidate compiler generated dependencies of target turtle_spawner_node[0m
[0.089s] [ 25%] [32mBuilding CXX object CMakeFiles/turtle_controller_node.dir/src/turtle_controller_node.cpp.o[0m
[0.095s] [ 75%] Built target turtle_spawner_node
[7.345s] [100%] [32m[1mLinking CXX executable turtle_controller_node[0m
[7.701s] [100%] Built target turtle_controller_node
[7.711s] Invoked command in '/home/xamjam/ros2_ws/build/turtle_sim_project' returned '0': CMAKE_PREFIX_PATH=${CMAKE_PREFIX_PATH}:/opt/ros/humble /usr/bin/cmake --build /home/xamjam/ros2_ws/build/turtle_sim_project -- -j16 -l16
[7.733s] Invoking command in '/home/xamjam/ros2_ws/build/turtle_sim_project': CMAKE_PREFIX_PATH=${CMAKE_PREFIX_PATH}:/opt/ros/humble /usr/bin/cmake --install /home/xamjam/ros2_ws/build/turtle_sim_project
[7.738s] -- Install configuration: ""
[7.738s] -- Installing: /home/xamjam/ros2_ws/install/turtle_sim_project/lib/turtle_sim_project/turtle_controller_node
[7.747s] -- Set runtime path of "/home/xamjam/ros2_ws/install/turtle_sim_project/lib/turtle_sim_project/turtle_controller_node" to ""
[7.747s] -- Up-to-date: /home/xamjam/ros2_ws/install/turtle_sim_project/lib/turtle_sim_project/turtle_spawner_node
[7.747s] -- Up-to-date: /home/xamjam/ros2_ws/install/turtle_sim_project/share/ament_index/resource_index/package_run_dependencies/turtle_sim_project
[7.747s] -- Up-to-date: /home/xamjam/ros2_ws/install/turtle_sim_project/share/ament_index/resource_index/parent_prefix_path/turtle_sim_project
[7.747s] -- Up-to-date: /home/xamjam/ros2_ws/install/turtle_sim_project/share/turtle_sim_project/environment/ament_prefix_path.sh
[7.747s] -- Up-to-date: /home/xamjam/ros2_ws/install/turtle_sim_project/share/turtle_sim_project/environment/ament_prefix_path.dsv
[7.747s] -- Up-to-date: /home/xamjam/ros2_ws/install/turtle_sim_project/share/turtle_sim_project/environment/path.sh
[7.748s] -- Up-to-date: /home/xamjam/ros2_ws/install/turtle_sim_project/share/turtle_sim_project/environment/path.dsv
[7.748s] -- Up-to-date: /home/xamjam/ros2_ws/install/turtle_sim_project/share/turtle_sim_project/local_setup.bash
[7.748s] -- Up-to-date: /home/xamjam/ros2_ws/install/turtle_sim_project/share/turtle_sim_project/local_setup.sh
[7.748s] -- Up-to-date: /home/xamjam/ros2_ws/install/turtle_sim_project/share/turtle_sim_project/local_setup.zsh
[7.748s] -- Up-to-date: /home/xamjam/ros2_ws/install/turtle_sim_project/share/turtle_sim_project/local_setup.dsv
[7.748s] -- Installing: /home/xamjam/ros2_ws/install/turtle_sim_project/share/turtle_sim_project/package.dsv
[7.748s] -- Up-to-date: /home/xamjam/ros2_ws/install/turtle_sim_project/share/ament_index/resource_index/packages/turtle_sim_project
[7.748s] -- Up-to-date: /home/xamjam/ros2_ws/install/turtle_sim_project/share/turtle_sim_project/cmake/turtle_sim_projectConfig.cmake
[7.748s] -- Up-to-date: /home/xamjam/ros2_ws/install/turtle_sim_project/share/turtle_sim_project/cmake/turtle_sim_projectConfig-version.cmake
[7.748s] -- Up-to-date: /home/xamjam/ros2_ws/install/turtle_sim_project/share/turtle_sim_project/package.xml
[7.749s] Invoked command in '/home/xamjam/ros2_ws/build/turtle_sim_project' returned '0': CMAKE_PREFIX_PATH=${CMAKE_PREFIX_PATH}:/opt/ros/humble /usr/bin/cmake --install /home/xamjam/ros2_ws/build/turtle_sim_project
