[0.617s] DEBUG:colcon:Command line arguments: ['/usr/bin/colcon', 'build']
[0.617s] DEBUG:colcon:Parsed command line arguments: Namespace(log_base=None, log_level=None, verb_name='build', build_base='build', install_base='install', merge_install=False, symlink_install=False, test_result_base=None, continue_on_error=False, executor='parallel', parallel_workers=16, event_handlers=None, ignore_user_meta=False, metas=['./colcon.meta'], base_paths=['.'], packages_ignore=None, packages_ignore_regex=None, paths=None, packages_up_to=None, packages_up_to_regex=None, packages_above=None, packages_above_and_dependencies=None, packages_above_depth=None, packages_select_by_dep=None, packages_skip_by_dep=None, packages_skip_up_to=None, packages_select_build_failed=False, packages_skip_build_finished=False, packages_select_test_failures=False, packages_skip_test_passed=False, packages_select=None, packages_skip=None, packages_select_regex=None, packages_skip_regex=None, packages_start=None, packages_end=None, allow_overriding=[], cmake_args=None, cmake_target=None, cmake_target_skip_unavailable=False, cmake_clean_cache=False, cmake_clean_first=False, cmake_force_configure=False, ament_cmake_args=None, catkin_cmake_args=None, catkin_skip_building_tests=False, verb_parser=<colcon_defaults.argument_parser.defaults.DefaultArgumentsDecorator object at 0x7f96bcd62cb0>, verb_extension=<colcon_core.verb.build.BuildVerb object at 0x7f96bcd618d0>, main=<bound method BuildVerb.main of <colcon_core.verb.build.BuildVerb object at 0x7f96bcd618d0>>)
[0.646s] Level 1:colcon.colcon_core.package_discovery:discover_packages(colcon_meta) check parameters
[0.646s] Level 1:colcon.colcon_core.package_discovery:discover_packages(recursive) check parameters
[0.646s] Level 1:colcon.colcon_core.package_discovery:discover_packages(ignore) check parameters
[0.646s] Level 1:colcon.colcon_core.package_discovery:discover_packages(path) check parameters
[0.646s] Level 1:colcon.colcon_core.package_discovery:discover_packages(colcon_meta) discover
[0.646s] Level 1:colcon.colcon_core.package_discovery:discover_packages(recursive) discover
[0.646s] INFO:colcon.colcon_core.package_discovery:Crawling recursively for packages in '/home/xamjam/ros2_ws'
[0.646s] Level 1:colcon.colcon_core.package_identification:_identify(.) by extensions ['ignore', 'ignore_ament_install']
[0.646s] Level 1:colcon.colcon_core.package_identification:_identify(.) by extension 'ignore'
[0.646s] Level 1:colcon.colcon_core.package_identification:_identify(.) by extension 'ignore_ament_install'
[0.646s] Level 1:colcon.colcon_core.package_identification:_identify(.) by extensions ['colcon_pkg']
[0.646s] Level 1:colcon.colcon_core.package_identification:_identify(.) by extension 'colcon_pkg'
[0.646s] Level 1:colcon.colcon_core.package_identification:_identify(.) by extensions ['colcon_meta']
[0.646s] Level 1:colcon.colcon_core.package_identification:_identify(.) by extension 'colcon_meta'
[0.646s] Level 1:colcon.colcon_core.package_identification:_identify(.) by extensions ['ros']
[0.646s] Level 1:colcon.colcon_core.package_identification:_identify(.) by extension 'ros'
[0.653s] Level 1:colcon.colcon_core.package_identification:_identify(.) by extensions ['cmake', 'python']
[0.653s] Level 1:colcon.colcon_core.package_identification:_identify(.) by extension 'cmake'
[0.653s] Level 1:colcon.colcon_core.package_identification:_identify(.) by extension 'python'
[0.653s] Level 1:colcon.colcon_core.package_identification:_identify(.) by extensions ['python_setup_py']
[0.653s] Level 1:colcon.colcon_core.package_identification:_identify(.) by extension 'python_setup_py'
[0.653s] Level 1:colcon.colcon_core.package_identification:_identify(build) by extensions ['ignore', 'ignore_ament_install']
[0.653s] Level 1:colcon.colcon_core.package_identification:_identify(build) by extension 'ignore'
[0.653s] Level 1:colcon.colcon_core.package_identification:_identify(build) ignored
[0.653s] Level 1:colcon.colcon_core.package_identification:_identify(install) by extensions ['ignore', 'ignore_ament_install']
[0.653s] Level 1:colcon.colcon_core.package_identification:_identify(install) by extension 'ignore'
[0.653s] Level 1:colcon.colcon_core.package_identification:_identify(install) ignored
[0.653s] Level 1:colcon.colcon_core.package_identification:_identify(log) by extensions ['ignore', 'ignore_ament_install']
[0.653s] Level 1:colcon.colcon_core.package_identification:_identify(log) by extension 'ignore'
[0.653s] Level 1:colcon.colcon_core.package_identification:_identify(log) ignored
[0.654s] Level 1:colcon.colcon_core.package_identification:_identify(src) by extensions ['ignore', 'ignore_ament_install']
[0.654s] Level 1:colcon.colcon_core.package_identification:_identify(src) by extension 'ignore'
[0.654s] Level 1:colcon.colcon_core.package_identification:_identify(src) by extension 'ignore_ament_install'
[0.654s] Level 1:colcon.colcon_core.package_identification:_identify(src) by extensions ['colcon_pkg']
[0.654s] Level 1:colcon.colcon_core.package_identification:_identify(src) by extension 'colcon_pkg'
[0.654s] Level 1:colcon.colcon_core.package_identification:_identify(src) by extensions ['colcon_meta']
[0.654s] Level 1:colcon.colcon_core.package_identification:_identify(src) by extension 'colcon_meta'
[0.654s] Level 1:colcon.colcon_core.package_identification:_identify(src) by extensions ['ros']
[0.654s] Level 1:colcon.colcon_core.package_identification:_identify(src) by extension 'ros'
[0.654s] Level 1:colcon.colcon_core.package_identification:_identify(src) by extensions ['cmake', 'python']
[0.654s] Level 1:colcon.colcon_core.package_identification:_identify(src) by extension 'cmake'
[0.654s] Level 1:colcon.colcon_core.package_identification:_identify(src) by extension 'python'
[0.654s] Level 1:colcon.colcon_core.package_identification:_identify(src) by extensions ['python_setup_py']
[0.654s] Level 1:colcon.colcon_core.package_identification:_identify(src) by extension 'python_setup_py'
[0.654s] Level 1:colcon.colcon_core.package_identification:_identify(src/custom_interfaces) by extensions ['ignore', 'ignore_ament_install']
[0.654s] Level 1:colcon.colcon_core.package_identification:_identify(src/custom_interfaces) by extension 'ignore'
[0.654s] Level 1:colcon.colcon_core.package_identification:_identify(src/custom_interfaces) by extension 'ignore_ament_install'
[0.654s] Level 1:colcon.colcon_core.package_identification:_identify(src/custom_interfaces) by extensions ['colcon_pkg']
[0.654s] Level 1:colcon.colcon_core.package_identification:_identify(src/custom_interfaces) by extension 'colcon_pkg'
[0.654s] Level 1:colcon.colcon_core.package_identification:_identify(src/custom_interfaces) by extensions ['colcon_meta']
[0.654s] Level 1:colcon.colcon_core.package_identification:_identify(src/custom_interfaces) by extension 'colcon_meta'
[0.654s] Level 1:colcon.colcon_core.package_identification:_identify(src/custom_interfaces) by extensions ['ros']
[0.654s] Level 1:colcon.colcon_core.package_identification:_identify(src/custom_interfaces) by extension 'ros'
[0.656s] DEBUG:colcon.colcon_core.package_identification:Package 'src/custom_interfaces' with type 'ros.ament_cmake' and name 'custom_interfaces'
[0.656s] Level 1:colcon.colcon_core.package_identification:_identify(src/my_robot_bringup) by extensions ['ignore', 'ignore_ament_install']
[0.656s] Level 1:colcon.colcon_core.package_identification:_identify(src/my_robot_bringup) by extension 'ignore'
[0.656s] Level 1:colcon.colcon_core.package_identification:_identify(src/my_robot_bringup) by extension 'ignore_ament_install'
[0.656s] Level 1:colcon.colcon_core.package_identification:_identify(src/my_robot_bringup) by extensions ['colcon_pkg']
[0.656s] Level 1:colcon.colcon_core.package_identification:_identify(src/my_robot_bringup) by extension 'colcon_pkg'
[0.656s] Level 1:colcon.colcon_core.package_identification:_identify(src/my_robot_bringup) by extensions ['colcon_meta']
[0.656s] Level 1:colcon.colcon_core.package_identification:_identify(src/my_robot_bringup) by extension 'colcon_meta'
[0.656s] Level 1:colcon.colcon_core.package_identification:_identify(src/my_robot_bringup) by extensions ['ros']
[0.656s] Level 1:colcon.colcon_core.package_identification:_identify(src/my_robot_bringup) by extension 'ros'
[0.656s] DEBUG:colcon.colcon_core.package_identification:Package 'src/my_robot_bringup' with type 'ros.ament_cmake' and name 'my_robot_bringup'
[0.656s] Level 1:colcon.colcon_core.package_identification:_identify(src/turtle_sim_project) by extensions ['ignore', 'ignore_ament_install']
[0.656s] Level 1:colcon.colcon_core.package_identification:_identify(src/turtle_sim_project) by extension 'ignore'
[0.656s] Level 1:colcon.colcon_core.package_identification:_identify(src/turtle_sim_project) by extension 'ignore_ament_install'
[0.656s] Level 1:colcon.colcon_core.package_identification:_identify(src/turtle_sim_project) by extensions ['colcon_pkg']
[0.656s] Level 1:colcon.colcon_core.package_identification:_identify(src/turtle_sim_project) by extension 'colcon_pkg'
[0.656s] Level 1:colcon.colcon_core.package_identification:_identify(src/turtle_sim_project) by extensions ['colcon_meta']
[0.657s] Level 1:colcon.colcon_core.package_identification:_identify(src/turtle_sim_project) by extension 'colcon_meta'
[0.657s] Level 1:colcon.colcon_core.package_identification:_identify(src/turtle_sim_project) by extensions ['ros']
[0.657s] Level 1:colcon.colcon_core.package_identification:_identify(src/turtle_sim_project) by extension 'ros'
[0.657s] DEBUG:colcon.colcon_core.package_identification:Package 'src/turtle_sim_project' with type 'ros.ament_cmake' and name 'turtle_sim_project'
[0.657s] Level 1:colcon.colcon_core.package_discovery:discover_packages(recursive) using defaults
[0.657s] Level 1:colcon.colcon_core.package_discovery:discover_packages(ignore) discover
[0.657s] Level 1:colcon.colcon_core.package_discovery:discover_packages(ignore) using defaults
[0.657s] Level 1:colcon.colcon_core.package_discovery:discover_packages(path) discover
[0.657s] Level 1:colcon.colcon_core.package_discovery:discover_packages(path) using defaults
[0.715s] Level 1:colcon.colcon_core.package_discovery:discover_packages(prefix_path) check parameters
[0.715s] Level 1:colcon.colcon_core.package_discovery:discover_packages(prefix_path) discover
[0.733s] DEBUG:colcon.colcon_installed_package_information.package_discovery:Found 3 installed packages in /home/xamjam/ros2_ws/install
[0.743s] DEBUG:colcon.colcon_installed_package_information.package_discovery:Found 270 installed packages in /opt/ros/humble
[0.744s] Level 1:colcon.colcon_core.package_discovery:discover_packages(prefix_path) using defaults
[0.799s] Level 5:colcon.colcon_core.verb:set package 'custom_interfaces' build argument 'cmake_args' from command line to 'None'
[0.799s] Level 5:colcon.colcon_core.verb:set package 'custom_interfaces' build argument 'cmake_target' from command line to 'None'
[0.799s] Level 5:colcon.colcon_core.verb:set package 'custom_interfaces' build argument 'cmake_target_skip_unavailable' from command line to 'False'
[0.799s] Level 5:colcon.colcon_core.verb:set package 'custom_interfaces' build argument 'cmake_clean_cache' from command line to 'False'
[0.799s] Level 5:colcon.colcon_core.verb:set package 'custom_interfaces' build argument 'cmake_clean_first' from command line to 'False'
[0.799s] Level 5:colcon.colcon_core.verb:set package 'custom_interfaces' build argument 'cmake_force_configure' from command line to 'False'
[0.799s] Level 5:colcon.colcon_core.verb:set package 'custom_interfaces' build argument 'ament_cmake_args' from command line to 'None'
[0.799s] Level 5:colcon.colcon_core.verb:set package 'custom_interfaces' build argument 'catkin_cmake_args' from command line to 'None'
[0.799s] Level 5:colcon.colcon_core.verb:set package 'custom_interfaces' build argument 'catkin_skip_building_tests' from command line to 'False'
[0.799s] DEBUG:colcon.colcon_core.verb:Building package 'custom_interfaces' with the following arguments: {'ament_cmake_args': None, 'build_base': '/home/xamjam/ros2_ws/build/custom_interfaces', 'catkin_cmake_args': None, 'catkin_skip_building_tests': False, 'cmake_args': None, 'cmake_clean_cache': False, 'cmake_clean_first': False, 'cmake_force_configure': False, 'cmake_target': None, 'cmake_target_skip_unavailable': False, 'install_base': '/home/xamjam/ros2_ws/install/custom_interfaces', 'merge_install': False, 'path': '/home/xamjam/ros2_ws/src/custom_interfaces', 'symlink_install': False, 'test_result_base': None}
[0.808s] Level 5:colcon.colcon_core.verb:set package 'turtle_sim_project' build argument 'cmake_args' from command line to 'None'
[0.808s] Level 5:colcon.colcon_core.verb:set package 'turtle_sim_project' build argument 'cmake_target' from command line to 'None'
[0.808s] Level 5:colcon.colcon_core.verb:set package 'turtle_sim_project' build argument 'cmake_target_skip_unavailable' from command line to 'False'
[0.808s] Level 5:colcon.colcon_core.verb:set package 'turtle_sim_project' build argument 'cmake_clean_cache' from command line to 'False'
[0.808s] Level 5:colcon.colcon_core.verb:set package 'turtle_sim_project' build argument 'cmake_clean_first' from command line to 'False'
[0.808s] Level 5:colcon.colcon_core.verb:set package 'turtle_sim_project' build argument 'cmake_force_configure' from command line to 'False'
[0.808s] Level 5:colcon.colcon_core.verb:set package 'turtle_sim_project' build argument 'ament_cmake_args' from command line to 'None'
[0.808s] Level 5:colcon.colcon_core.verb:set package 'turtle_sim_project' build argument 'catkin_cmake_args' from command line to 'None'
[0.808s] Level 5:colcon.colcon_core.verb:set package 'turtle_sim_project' build argument 'catkin_skip_building_tests' from command line to 'False'
[0.808s] DEBUG:colcon.colcon_core.verb:Building package 'turtle_sim_project' with the following arguments: {'ament_cmake_args': None, 'build_base': '/home/xamjam/ros2_ws/build/turtle_sim_project', 'catkin_cmake_args': None, 'catkin_skip_building_tests': False, 'cmake_args': None, 'cmake_clean_cache': False, 'cmake_clean_first': False, 'cmake_force_configure': False, 'cmake_target': None, 'cmake_target_skip_unavailable': False, 'install_base': '/home/xamjam/ros2_ws/install/turtle_sim_project', 'merge_install': False, 'path': '/home/xamjam/ros2_ws/src/turtle_sim_project', 'symlink_install': False, 'test_result_base': None}
[0.817s] Level 5:colcon.colcon_core.verb:set package 'my_robot_bringup' build argument 'cmake_args' from command line to 'None'
[0.817s] Level 5:colcon.colcon_core.verb:set package 'my_robot_bringup' build argument 'cmake_target' from command line to 'None'
[0.817s] Level 5:colcon.colcon_core.verb:set package 'my_robot_bringup' build argument 'cmake_target_skip_unavailable' from command line to 'False'
[0.817s] Level 5:colcon.colcon_core.verb:set package 'my_robot_bringup' build argument 'cmake_clean_cache' from command line to 'False'
[0.817s] Level 5:colcon.colcon_core.verb:set package 'my_robot_bringup' build argument 'cmake_clean_first' from command line to 'False'
[0.817s] Level 5:colcon.colcon_core.verb:set package 'my_robot_bringup' build argument 'cmake_force_configure' from command line to 'False'
[0.817s] Level 5:colcon.colcon_core.verb:set package 'my_robot_bringup' build argument 'ament_cmake_args' from command line to 'None'
[0.817s] Level 5:colcon.colcon_core.verb:set package 'my_robot_bringup' build argument 'catkin_cmake_args' from command line to 'None'
[0.817s] Level 5:colcon.colcon_core.verb:set package 'my_robot_bringup' build argument 'catkin_skip_building_tests' from command line to 'False'
[0.817s] DEBUG:colcon.colcon_core.verb:Building package 'my_robot_bringup' with the following arguments: {'ament_cmake_args': None, 'build_base': '/home/xamjam/ros2_ws/build/my_robot_bringup', 'catkin_cmake_args': None, 'catkin_skip_building_tests': False, 'cmake_args': None, 'cmake_clean_cache': False, 'cmake_clean_first': False, 'cmake_force_configure': False, 'cmake_target': None, 'cmake_target_skip_unavailable': False, 'install_base': '/home/xamjam/ros2_ws/install/my_robot_bringup', 'merge_install': False, 'path': '/home/xamjam/ros2_ws/src/my_robot_bringup', 'symlink_install': False, 'test_result_base': None}
[0.826s] INFO:colcon.colcon_core.executor:Executing jobs using 'parallel' executor
[0.835s] DEBUG:colcon.colcon_parallel_executor.executor.parallel:run_until_complete
[0.835s] INFO:colcon.colcon_ros.task.ament_cmake.build:Building ROS package in '/home/xamjam/ros2_ws/src/custom_interfaces' with build type 'ament_cmake'
[0.835s] INFO:colcon.colcon_cmake.task.cmake.build:Building CMake package in '/home/xamjam/ros2_ws/src/custom_interfaces'
[0.846s] INFO:colcon.colcon_core.plugin_system:Skipping extension 'colcon_core.shell.bat': Not used on non-Windows systems
[0.846s] INFO:colcon.colcon_core.shell:Skip shell extension 'powershell' for command environment: Not usable outside of PowerShell
[0.846s] DEBUG:colcon.colcon_core.shell:Skip shell extension 'dsv' for command environment
[0.882s] DEBUG:colcon.colcon_core.event_handler.log_command:Invoking command in '/home/xamjam/ros2_ws/build/custom_interfaces': CMAKE_PREFIX_PATH=${CMAKE_PREFIX_PATH}:/opt/ros/humble /usr/bin/cmake --build /home/xamjam/ros2_ws/build/custom_interfaces -- -j16 -l16
[1.106s] DEBUG:colcon.colcon_core.event_handler.log_command:Invoked command in '/home/xamjam/ros2_ws/build/custom_interfaces' returned '0': CMAKE_PREFIX_PATH=${CMAKE_PREFIX_PATH}:/opt/ros/humble /usr/bin/cmake --build /home/xamjam/ros2_ws/build/custom_interfaces -- -j16 -l16
[1.187s] DEBUG:colcon.colcon_core.event_handler.log_command:Invoking command in '/home/xamjam/ros2_ws/build/custom_interfaces': CMAKE_PREFIX_PATH=${CMAKE_PREFIX_PATH}:/opt/ros/humble /usr/bin/cmake --install /home/xamjam/ros2_ws/build/custom_interfaces
[1.224s] Level 1:colcon.colcon_core.environment:create_environment_scripts_only(custom_interfaces)
[1.224s] DEBUG:colcon.colcon_core.event_handler.log_command:Invoked command in '/home/xamjam/ros2_ws/build/custom_interfaces' returned '0': CMAKE_PREFIX_PATH=${CMAKE_PREFIX_PATH}:/opt/ros/humble /usr/bin/cmake --install /home/xamjam/ros2_ws/build/custom_interfaces
[1.236s] Level 1:colcon.colcon_core.environment:checking '/home/xamjam/ros2_ws/install/custom_interfaces' for CMake module files
[1.236s] Level 1:colcon.colcon_core.environment:checking '/home/xamjam/ros2_ws/install/custom_interfaces' for CMake config files
[1.237s] Level 1:colcon.colcon_core.shell:create_environment_hook('custom_interfaces', 'cmake_prefix_path')
[1.247s] INFO:colcon.colcon_core.shell:Creating environment hook '/home/xamjam/ros2_ws/install/custom_interfaces/share/custom_interfaces/hook/cmake_prefix_path.ps1'
[1.247s] INFO:colcon.colcon_core.shell:Creating environment descriptor '/home/xamjam/ros2_ws/install/custom_interfaces/share/custom_interfaces/hook/cmake_prefix_path.dsv'
[1.247s] INFO:colcon.colcon_core.shell:Creating environment hook '/home/xamjam/ros2_ws/install/custom_interfaces/share/custom_interfaces/hook/cmake_prefix_path.sh'
[1.248s] Level 1:colcon.colcon_core.environment:checking '/home/xamjam/ros2_ws/install/custom_interfaces/lib'
[1.248s] Level 1:colcon.colcon_core.shell:create_environment_hook('custom_interfaces', 'ld_library_path_lib')
[1.258s] INFO:colcon.colcon_core.shell:Creating environment hook '/home/xamjam/ros2_ws/install/custom_interfaces/share/custom_interfaces/hook/ld_library_path_lib.ps1'
[1.258s] INFO:colcon.colcon_core.shell:Creating environment descriptor '/home/xamjam/ros2_ws/install/custom_interfaces/share/custom_interfaces/hook/ld_library_path_lib.dsv'
[1.258s] INFO:colcon.colcon_core.shell:Creating environment hook '/home/xamjam/ros2_ws/install/custom_interfaces/share/custom_interfaces/hook/ld_library_path_lib.sh'
[1.258s] Level 1:colcon.colcon_core.environment:checking '/home/xamjam/ros2_ws/install/custom_interfaces/bin'
[1.258s] Level 1:colcon.colcon_core.environment:checking '/home/xamjam/ros2_ws/install/custom_interfaces/lib/pkgconfig/custom_interfaces.pc'
[1.258s] Level 1:colcon.colcon_core.environment:checking '/home/xamjam/ros2_ws/install/custom_interfaces/lib/python3.10/site-packages'
[1.259s] Level 1:colcon.colcon_core.environment:checking '/home/xamjam/ros2_ws/install/custom_interfaces/bin'
[1.274s] INFO:colcon.colcon_core.shell:Creating package script '/home/xamjam/ros2_ws/install/custom_interfaces/share/custom_interfaces/package.ps1'
[1.275s] INFO:colcon.colcon_core.shell:Creating package descriptor '/home/xamjam/ros2_ws/install/custom_interfaces/share/custom_interfaces/package.dsv'
[1.275s] INFO:colcon.colcon_core.shell:Creating package script '/home/xamjam/ros2_ws/install/custom_interfaces/share/custom_interfaces/package.sh'
[1.275s] INFO:colcon.colcon_core.shell:Creating package script '/home/xamjam/ros2_ws/install/custom_interfaces/share/custom_interfaces/package.bash'
[1.276s] INFO:colcon.colcon_core.shell:Creating package script '/home/xamjam/ros2_ws/install/custom_interfaces/share/custom_interfaces/package.zsh'
[1.276s] Level 1:colcon.colcon_core.environment:create_file_with_runtime_dependencies(/home/xamjam/ros2_ws/install/custom_interfaces/share/colcon-core/packages/custom_interfaces)
[1.363s] Level 1:colcon.colcon_core.environment:create_environment_scripts_only(custom_interfaces)
[1.372s] Level 1:colcon.colcon_core.environment:checking '/home/xamjam/ros2_ws/install/custom_interfaces' for CMake module files
[1.373s] Level 1:colcon.colcon_core.environment:checking '/home/xamjam/ros2_ws/install/custom_interfaces' for CMake config files
[1.373s] Level 1:colcon.colcon_core.shell:create_environment_hook('custom_interfaces', 'cmake_prefix_path')
[1.382s] INFO:colcon.colcon_core.shell:Creating environment hook '/home/xamjam/ros2_ws/install/custom_interfaces/share/custom_interfaces/hook/cmake_prefix_path.ps1'
[1.382s] INFO:colcon.colcon_core.shell:Creating environment descriptor '/home/xamjam/ros2_ws/install/custom_interfaces/share/custom_interfaces/hook/cmake_prefix_path.dsv'
[1.383s] INFO:colcon.colcon_core.shell:Creating environment hook '/home/xamjam/ros2_ws/install/custom_interfaces/share/custom_interfaces/hook/cmake_prefix_path.sh'
[1.383s] Level 1:colcon.colcon_core.environment:checking '/home/xamjam/ros2_ws/install/custom_interfaces/lib'
[1.383s] Level 1:colcon.colcon_core.shell:create_environment_hook('custom_interfaces', 'ld_library_path_lib')
[1.392s] INFO:colcon.colcon_core.shell:Creating environment hook '/home/xamjam/ros2_ws/install/custom_interfaces/share/custom_interfaces/hook/ld_library_path_lib.ps1'
[1.392s] INFO:colcon.colcon_core.shell:Creating environment descriptor '/home/xamjam/ros2_ws/install/custom_interfaces/share/custom_interfaces/hook/ld_library_path_lib.dsv'
[1.392s] INFO:colcon.colcon_core.shell:Creating environment hook '/home/xamjam/ros2_ws/install/custom_interfaces/share/custom_interfaces/hook/ld_library_path_lib.sh'
[1.393s] Level 1:colcon.colcon_core.environment:checking '/home/xamjam/ros2_ws/install/custom_interfaces/bin'
[1.393s] Level 1:colcon.colcon_core.environment:checking '/home/xamjam/ros2_ws/install/custom_interfaces/lib/pkgconfig/custom_interfaces.pc'
[1.393s] Level 1:colcon.colcon_core.environment:checking '/home/xamjam/ros2_ws/install/custom_interfaces/lib/python3.10/site-packages'
[1.393s] Level 1:colcon.colcon_core.environment:checking '/home/xamjam/ros2_ws/install/custom_interfaces/bin'
[1.402s] INFO:colcon.colcon_core.shell:Creating package script '/home/xamjam/ros2_ws/install/custom_interfaces/share/custom_interfaces/package.ps1'
[1.402s] INFO:colcon.colcon_core.shell:Creating package descriptor '/home/xamjam/ros2_ws/install/custom_interfaces/share/custom_interfaces/package.dsv'
[1.403s] INFO:colcon.colcon_core.shell:Creating package script '/home/xamjam/ros2_ws/install/custom_interfaces/share/custom_interfaces/package.sh'
[1.403s] INFO:colcon.colcon_core.shell:Creating package script '/home/xamjam/ros2_ws/install/custom_interfaces/share/custom_interfaces/package.bash'
[1.403s] INFO:colcon.colcon_core.shell:Creating package script '/home/xamjam/ros2_ws/install/custom_interfaces/share/custom_interfaces/package.zsh'
[1.403s] Level 1:colcon.colcon_core.environment:create_file_with_runtime_dependencies(/home/xamjam/ros2_ws/install/custom_interfaces/share/colcon-core/packages/custom_interfaces)
[1.404s] INFO:colcon.colcon_ros.task.ament_cmake.build:Building ROS package in '/home/xamjam/ros2_ws/src/turtle_sim_project' with build type 'ament_cmake'
[1.404s] INFO:colcon.colcon_cmake.task.cmake.build:Building CMake package in '/home/xamjam/ros2_ws/src/turtle_sim_project'
[1.414s] INFO:colcon.colcon_core.shell:Skip shell extension 'powershell' for command environment: Not usable outside of PowerShell
[1.414s] DEBUG:colcon.colcon_core.shell:Skip shell extension 'dsv' for command environment
[1.451s] DEBUG:colcon.colcon_core.event_handler.log_command:Invoking command in '/home/xamjam/ros2_ws/build/turtle_sim_project': CMAKE_PREFIX_PATH=/home/xamjam/ros2_ws/install/custom_interfaces:/home/xamjam/ros2_ws/install/turtle_sim_project:/opt/ros/humble /usr/bin/cmake --build /home/xamjam/ros2_ws/build/turtle_sim_project -- -j16 -l16
[1.509s] DEBUG:colcon.colcon_core.event_handler.log_command:Invoked command in '/home/xamjam/ros2_ws/build/turtle_sim_project' returned '0': CMAKE_PREFIX_PATH=/home/xamjam/ros2_ws/install/custom_interfaces:/home/xamjam/ros2_ws/install/turtle_sim_project:/opt/ros/humble /usr/bin/cmake --build /home/xamjam/ros2_ws/build/turtle_sim_project -- -j16 -l16
[1.531s] DEBUG:colcon.colcon_core.event_handler.log_command:Invoking command in '/home/xamjam/ros2_ws/build/turtle_sim_project': CMAKE_PREFIX_PATH=/home/xamjam/ros2_ws/install/custom_interfaces:/home/xamjam/ros2_ws/install/turtle_sim_project:/opt/ros/humble /usr/bin/cmake --install /home/xamjam/ros2_ws/build/turtle_sim_project
[1.538s] Level 1:colcon.colcon_core.environment:create_environment_scripts_only(turtle_sim_project)
[1.539s] DEBUG:colcon.colcon_core.event_handler.log_command:Invoked command in '/home/xamjam/ros2_ws/build/turtle_sim_project' returned '0': CMAKE_PREFIX_PATH=/home/xamjam/ros2_ws/install/custom_interfaces:/home/xamjam/ros2_ws/install/turtle_sim_project:/opt/ros/humble /usr/bin/cmake --install /home/xamjam/ros2_ws/build/turtle_sim_project
[1.548s] Level 1:colcon.colcon_core.environment:checking '/home/xamjam/ros2_ws/install/turtle_sim_project' for CMake module files
[1.549s] Level 1:colcon.colcon_core.environment:checking '/home/xamjam/ros2_ws/install/turtle_sim_project' for CMake config files
[1.549s] Level 1:colcon.colcon_core.shell:create_environment_hook('turtle_sim_project', 'cmake_prefix_path')
[1.558s] INFO:colcon.colcon_core.shell:Creating environment hook '/home/xamjam/ros2_ws/install/turtle_sim_project/share/turtle_sim_project/hook/cmake_prefix_path.ps1'
[1.558s] INFO:colcon.colcon_core.shell:Creating environment descriptor '/home/xamjam/ros2_ws/install/turtle_sim_project/share/turtle_sim_project/hook/cmake_prefix_path.dsv'
[1.559s] INFO:colcon.colcon_core.shell:Creating environment hook '/home/xamjam/ros2_ws/install/turtle_sim_project/share/turtle_sim_project/hook/cmake_prefix_path.sh'
[1.559s] Level 1:colcon.colcon_core.environment:checking '/home/xamjam/ros2_ws/install/turtle_sim_project/lib'
[1.559s] Level 1:colcon.colcon_core.environment:checking '/home/xamjam/ros2_ws/install/turtle_sim_project/bin'
[1.559s] Level 1:colcon.colcon_core.environment:checking '/home/xamjam/ros2_ws/install/turtle_sim_project/lib/pkgconfig/turtle_sim_project.pc'
[1.559s] Level 1:colcon.colcon_core.environment:checking '/home/xamjam/ros2_ws/install/turtle_sim_project/lib/python3.10/site-packages'
[1.559s] Level 1:colcon.colcon_core.environment:checking '/home/xamjam/ros2_ws/install/turtle_sim_project/bin'
[1.569s] INFO:colcon.colcon_core.shell:Creating package script '/home/xamjam/ros2_ws/install/turtle_sim_project/share/turtle_sim_project/package.ps1'
[1.569s] INFO:colcon.colcon_core.shell:Creating package descriptor '/home/xamjam/ros2_ws/install/turtle_sim_project/share/turtle_sim_project/package.dsv'
[1.569s] INFO:colcon.colcon_core.shell:Creating package script '/home/xamjam/ros2_ws/install/turtle_sim_project/share/turtle_sim_project/package.sh'
[1.570s] INFO:colcon.colcon_core.shell:Creating package script '/home/xamjam/ros2_ws/install/turtle_sim_project/share/turtle_sim_project/package.bash'
[1.570s] INFO:colcon.colcon_core.shell:Creating package script '/home/xamjam/ros2_ws/install/turtle_sim_project/share/turtle_sim_project/package.zsh'
[1.570s] Level 1:colcon.colcon_core.environment:create_file_with_runtime_dependencies(/home/xamjam/ros2_ws/install/turtle_sim_project/share/colcon-core/packages/turtle_sim_project)
[1.601s] Level 1:colcon.colcon_core.environment:create_environment_scripts_only(turtle_sim_project)
[1.611s] Level 1:colcon.colcon_core.environment:checking '/home/xamjam/ros2_ws/install/turtle_sim_project' for CMake module files
[1.611s] Level 1:colcon.colcon_core.environment:checking '/home/xamjam/ros2_ws/install/turtle_sim_project' for CMake config files
[1.611s] Level 1:colcon.colcon_core.shell:create_environment_hook('turtle_sim_project', 'cmake_prefix_path')
[1.621s] INFO:colcon.colcon_core.shell:Creating environment hook '/home/xamjam/ros2_ws/install/turtle_sim_project/share/turtle_sim_project/hook/cmake_prefix_path.ps1'
[1.621s] INFO:colcon.colcon_core.shell:Creating environment descriptor '/home/xamjam/ros2_ws/install/turtle_sim_project/share/turtle_sim_project/hook/cmake_prefix_path.dsv'
[1.621s] INFO:colcon.colcon_core.shell:Creating environment hook '/home/xamjam/ros2_ws/install/turtle_sim_project/share/turtle_sim_project/hook/cmake_prefix_path.sh'
[1.621s] Level 1:colcon.colcon_core.environment:checking '/home/xamjam/ros2_ws/install/turtle_sim_project/lib'
[1.622s] Level 1:colcon.colcon_core.environment:checking '/home/xamjam/ros2_ws/install/turtle_sim_project/bin'
[1.622s] Level 1:colcon.colcon_core.environment:checking '/home/xamjam/ros2_ws/install/turtle_sim_project/lib/pkgconfig/turtle_sim_project.pc'
[1.622s] Level 1:colcon.colcon_core.environment:checking '/home/xamjam/ros2_ws/install/turtle_sim_project/lib/python3.10/site-packages'
[1.622s] Level 1:colcon.colcon_core.environment:checking '/home/xamjam/ros2_ws/install/turtle_sim_project/bin'
[1.631s] INFO:colcon.colcon_core.shell:Creating package script '/home/xamjam/ros2_ws/install/turtle_sim_project/share/turtle_sim_project/package.ps1'
[1.632s] INFO:colcon.colcon_core.shell:Creating package descriptor '/home/xamjam/ros2_ws/install/turtle_sim_project/share/turtle_sim_project/package.dsv'
[1.632s] INFO:colcon.colcon_core.shell:Creating package script '/home/xamjam/ros2_ws/install/turtle_sim_project/share/turtle_sim_project/package.sh'
[1.632s] INFO:colcon.colcon_core.shell:Creating package script '/home/xamjam/ros2_ws/install/turtle_sim_project/share/turtle_sim_project/package.bash'
[1.632s] INFO:colcon.colcon_core.shell:Creating package script '/home/xamjam/ros2_ws/install/turtle_sim_project/share/turtle_sim_project/package.zsh'
[1.633s] Level 1:colcon.colcon_core.environment:create_file_with_runtime_dependencies(/home/xamjam/ros2_ws/install/turtle_sim_project/share/colcon-core/packages/turtle_sim_project)
[1.633s] INFO:colcon.colcon_ros.task.ament_cmake.build:Building ROS package in '/home/xamjam/ros2_ws/src/my_robot_bringup' with build type 'ament_cmake'
[1.633s] INFO:colcon.colcon_cmake.task.cmake.build:Building CMake package in '/home/xamjam/ros2_ws/src/my_robot_bringup'
[1.643s] INFO:colcon.colcon_core.shell:Skip shell extension 'powershell' for command environment: Not usable outside of PowerShell
[1.643s] DEBUG:colcon.colcon_core.shell:Skip shell extension 'dsv' for command environment
[1.677s] DEBUG:colcon.colcon_core.event_handler.log_command:Invoking command in '/home/xamjam/ros2_ws/build/my_robot_bringup': CMAKE_PREFIX_PATH=${CMAKE_PREFIX_PATH}:/opt/ros/humble /usr/bin/cmake /home/xamjam/ros2_ws/src/my_robot_bringup -DCMAKE_INSTALL_PREFIX=/home/xamjam/ros2_ws/install/my_robot_bringup
[1.821s] DEBUG:colcon.colcon_core.event_handler.log_command:Invoked command in '/home/xamjam/ros2_ws/build/my_robot_bringup' returned '0': CMAKE_PREFIX_PATH=${CMAKE_PREFIX_PATH}:/opt/ros/humble /usr/bin/cmake /home/xamjam/ros2_ws/src/my_robot_bringup -DCMAKE_INSTALL_PREFIX=/home/xamjam/ros2_ws/install/my_robot_bringup
[1.822s] DEBUG:colcon.colcon_core.event_handler.log_command:Invoking command in '/home/xamjam/ros2_ws/build/my_robot_bringup': CMAKE_PREFIX_PATH=${CMAKE_PREFIX_PATH}:/opt/ros/humble /usr/bin/cmake --build /home/xamjam/ros2_ws/build/my_robot_bringup -- -j16 -l16
[1.849s] DEBUG:colcon.colcon_core.event_handler.log_command:Invoked command in '/home/xamjam/ros2_ws/build/my_robot_bringup' returned '0': CMAKE_PREFIX_PATH=${CMAKE_PREFIX_PATH}:/opt/ros/humble /usr/bin/cmake --build /home/xamjam/ros2_ws/build/my_robot_bringup -- -j16 -l16
[1.865s] DEBUG:colcon.colcon_core.event_handler.log_command:Invoking command in '/home/xamjam/ros2_ws/build/my_robot_bringup': CMAKE_PREFIX_PATH=${CMAKE_PREFIX_PATH}:/opt/ros/humble /usr/bin/cmake --install /home/xamjam/ros2_ws/build/my_robot_bringup
[1.873s] Level 1:colcon.colcon_core.environment:create_environment_scripts_only(my_robot_bringup)
[1.874s] DEBUG:colcon.colcon_core.event_handler.log_command:Invoked command in '/home/xamjam/ros2_ws/build/my_robot_bringup' returned '0': CMAKE_PREFIX_PATH=${CMAKE_PREFIX_PATH}:/opt/ros/humble /usr/bin/cmake --install /home/xamjam/ros2_ws/build/my_robot_bringup
[1.883s] Level 1:colcon.colcon_core.environment:checking '/home/xamjam/ros2_ws/install/my_robot_bringup' for CMake module files
[1.884s] Level 1:colcon.colcon_core.environment:checking '/home/xamjam/ros2_ws/install/my_robot_bringup' for CMake config files
[1.884s] Level 1:colcon.colcon_core.shell:create_environment_hook('my_robot_bringup', 'cmake_prefix_path')
[1.893s] INFO:colcon.colcon_core.shell:Creating environment hook '/home/xamjam/ros2_ws/install/my_robot_bringup/share/my_robot_bringup/hook/cmake_prefix_path.ps1'
[1.893s] INFO:colcon.colcon_core.shell:Creating environment descriptor '/home/xamjam/ros2_ws/install/my_robot_bringup/share/my_robot_bringup/hook/cmake_prefix_path.dsv'
[1.893s] INFO:colcon.colcon_core.shell:Creating environment hook '/home/xamjam/ros2_ws/install/my_robot_bringup/share/my_robot_bringup/hook/cmake_prefix_path.sh'
[1.894s] Level 1:colcon.colcon_core.environment:checking '/home/xamjam/ros2_ws/install/my_robot_bringup/bin'
[1.894s] Level 1:colcon.colcon_core.environment:checking '/home/xamjam/ros2_ws/install/my_robot_bringup/lib/pkgconfig/my_robot_bringup.pc'
[1.894s] Level 1:colcon.colcon_core.environment:checking '/home/xamjam/ros2_ws/install/my_robot_bringup/lib/python3.10/site-packages'
[1.894s] Level 1:colcon.colcon_core.environment:checking '/home/xamjam/ros2_ws/install/my_robot_bringup/bin'
[1.903s] INFO:colcon.colcon_core.shell:Creating package script '/home/xamjam/ros2_ws/install/my_robot_bringup/share/my_robot_bringup/package.ps1'
[1.903s] INFO:colcon.colcon_core.shell:Creating package descriptor '/home/xamjam/ros2_ws/install/my_robot_bringup/share/my_robot_bringup/package.dsv'
[1.904s] INFO:colcon.colcon_core.shell:Creating package script '/home/xamjam/ros2_ws/install/my_robot_bringup/share/my_robot_bringup/package.sh'
[1.904s] INFO:colcon.colcon_core.shell:Creating package script '/home/xamjam/ros2_ws/install/my_robot_bringup/share/my_robot_bringup/package.bash'
[1.904s] INFO:colcon.colcon_core.shell:Creating package script '/home/xamjam/ros2_ws/install/my_robot_bringup/share/my_robot_bringup/package.zsh'
[1.904s] Level 1:colcon.colcon_core.environment:create_file_with_runtime_dependencies(/home/xamjam/ros2_ws/install/my_robot_bringup/share/colcon-core/packages/my_robot_bringup)
[1.929s] Level 1:colcon.colcon_core.environment:create_environment_scripts_only(my_robot_bringup)
[1.939s] Level 1:colcon.colcon_core.environment:checking '/home/xamjam/ros2_ws/install/my_robot_bringup' for CMake module files
[1.939s] Level 1:colcon.colcon_core.environment:checking '/home/xamjam/ros2_ws/install/my_robot_bringup' for CMake config files
[1.939s] Level 1:colcon.colcon_core.shell:create_environment_hook('my_robot_bringup', 'cmake_prefix_path')
[1.948s] INFO:colcon.colcon_core.shell:Creating environment hook '/home/xamjam/ros2_ws/install/my_robot_bringup/share/my_robot_bringup/hook/cmake_prefix_path.ps1'
[1.948s] INFO:colcon.colcon_core.shell:Creating environment descriptor '/home/xamjam/ros2_ws/install/my_robot_bringup/share/my_robot_bringup/hook/cmake_prefix_path.dsv'
[1.948s] INFO:colcon.colcon_core.shell:Creating environment hook '/home/xamjam/ros2_ws/install/my_robot_bringup/share/my_robot_bringup/hook/cmake_prefix_path.sh'
[1.949s] Level 1:colcon.colcon_core.environment:checking '/home/xamjam/ros2_ws/install/my_robot_bringup/bin'
[1.949s] Level 1:colcon.colcon_core.environment:checking '/home/xamjam/ros2_ws/install/my_robot_bringup/lib/pkgconfig/my_robot_bringup.pc'
[1.949s] Level 1:colcon.colcon_core.environment:checking '/home/xamjam/ros2_ws/install/my_robot_bringup/lib/python3.10/site-packages'
[1.949s] Level 1:colcon.colcon_core.environment:checking '/home/xamjam/ros2_ws/install/my_robot_bringup/bin'
[1.958s] INFO:colcon.colcon_core.shell:Creating package script '/home/xamjam/ros2_ws/install/my_robot_bringup/share/my_robot_bringup/package.ps1'
[1.958s] INFO:colcon.colcon_core.shell:Creating package descriptor '/home/xamjam/ros2_ws/install/my_robot_bringup/share/my_robot_bringup/package.dsv'
[1.959s] INFO:colcon.colcon_core.shell:Creating package script '/home/xamjam/ros2_ws/install/my_robot_bringup/share/my_robot_bringup/package.sh'
[1.959s] INFO:colcon.colcon_core.shell:Creating package script '/home/xamjam/ros2_ws/install/my_robot_bringup/share/my_robot_bringup/package.bash'
[1.959s] INFO:colcon.colcon_core.shell:Creating package script '/home/xamjam/ros2_ws/install/my_robot_bringup/share/my_robot_bringup/package.zsh'
[1.959s] Level 1:colcon.colcon_core.environment:create_file_with_runtime_dependencies(/home/xamjam/ros2_ws/install/my_robot_bringup/share/colcon-core/packages/my_robot_bringup)
[1.959s] DEBUG:colcon.colcon_parallel_executor.executor.parallel:closing loop
[1.960s] DEBUG:colcon.colcon_parallel_executor.executor.parallel:loop closed
[1.960s] DEBUG:colcon.colcon_parallel_executor.executor.parallel:run_until_complete finished with '0'
[1.960s] DEBUG:colcon.colcon_core.event_reactor:joining thread
[1.972s] INFO:colcon.colcon_core.plugin_system:Skipping extension 'colcon_notification.desktop_notification.terminal_notifier': Not used on non-Darwin systems
[1.972s] INFO:colcon.colcon_core.plugin_system:Skipping extension 'colcon_notification.desktop_notification.win32': Not used on non-Windows systems
[1.972s] INFO:colcon.colcon_notification.desktop_notification:Sending desktop notification using 'notify2'
[1.979s] DEBUG:colcon.colcon_core.event_reactor:joined thread
[1.988s] INFO:colcon.colcon_core.shell:Creating prefix script '/home/xamjam/ros2_ws/install/local_setup.ps1'
[1.989s] INFO:colcon.colcon_core.shell:Creating prefix util module '/home/xamjam/ros2_ws/install/_local_setup_util_ps1.py'
[1.989s] INFO:colcon.colcon_core.shell:Creating prefix chain script '/home/xamjam/ros2_ws/install/setup.ps1'
[1.999s] INFO:colcon.colcon_core.shell:Creating prefix script '/home/xamjam/ros2_ws/install/local_setup.sh'
[1.999s] INFO:colcon.colcon_core.shell:Creating prefix util module '/home/xamjam/ros2_ws/install/_local_setup_util_sh.py'
[1.999s] INFO:colcon.colcon_core.shell:Creating prefix chain script '/home/xamjam/ros2_ws/install/setup.sh'
[2.009s] INFO:colcon.colcon_core.shell:Creating prefix script '/home/xamjam/ros2_ws/install/local_setup.bash'
[2.009s] INFO:colcon.colcon_core.shell:Creating prefix chain script '/home/xamjam/ros2_ws/install/setup.bash'
[2.018s] INFO:colcon.colcon_core.shell:Creating prefix script '/home/xamjam/ros2_ws/install/local_setup.zsh'
[2.018s] INFO:colcon.colcon_core.shell:Creating prefix chain script '/home/xamjam/ros2_ws/install/setup.zsh'
