[0.603s] DEBUG:colcon:Command line arguments: ['/usr/bin/colcon', 'build']
[0.603s] DEBUG:colcon:Parsed command line arguments: Namespace(log_base=None, log_level=None, verb_name='build', build_base='build', install_base='install', merge_install=False, symlink_install=False, test_result_base=None, continue_on_error=False, executor='parallel', parallel_workers=16, event_handlers=None, ignore_user_meta=False, metas=['./colcon.meta'], base_paths=['.'], packages_ignore=None, packages_ignore_regex=None, paths=None, packages_up_to=None, packages_up_to_regex=None, packages_above=None, packages_above_and_dependencies=None, packages_above_depth=None, packages_select_by_dep=None, packages_skip_by_dep=None, packages_skip_up_to=None, packages_select_build_failed=False, packages_skip_build_finished=False, packages_select_test_failures=False, packages_skip_test_passed=False, packages_select=None, packages_skip=None, packages_select_regex=None, packages_skip_regex=None, packages_start=None, packages_end=None, allow_overriding=[], cmake_args=None, cmake_target=None, cmake_target_skip_unavailable=False, cmake_clean_cache=False, cmake_clean_first=False, cmake_force_configure=False, ament_cmake_args=None, catkin_cmake_args=None, catkin_skip_building_tests=False, verb_parser=<colcon_defaults.argument_parser.defaults.DefaultArgumentsDecorator object at 0x7fe8469c6d40>, verb_extension=<colcon_core.verb.build.BuildVerb object at 0x7fe8469c4c70>, main=<bound method BuildVerb.main of <colcon_core.verb.build.BuildVerb object at 0x7fe8469c4c70>>)
[0.632s] Level 1:colcon.colcon_core.package_discovery:discover_packages(colcon_meta) check parameters
[0.632s] Level 1:colcon.colcon_core.package_discovery:discover_packages(recursive) check parameters
[0.632s] Level 1:colcon.colcon_core.package_discovery:discover_packages(ignore) check parameters
[0.632s] Level 1:colcon.colcon_core.package_discovery:discover_packages(path) check parameters
[0.632s] Level 1:colcon.colcon_core.package_discovery:discover_packages(colcon_meta) discover
[0.632s] Level 1:colcon.colcon_core.package_discovery:discover_packages(recursive) discover
[0.632s] INFO:colcon.colcon_core.package_discovery:Crawling recursively for packages in '/home/xamjam/ros2_ws'
[0.632s] Level 1:colcon.colcon_core.package_identification:_identify(.) by extensions ['ignore', 'ignore_ament_install']
[0.632s] Level 1:colcon.colcon_core.package_identification:_identify(.) by extension 'ignore'
[0.632s] Level 1:colcon.colcon_core.package_identification:_identify(.) by extension 'ignore_ament_install'
[0.632s] Level 1:colcon.colcon_core.package_identification:_identify(.) by extensions ['colcon_pkg']
[0.632s] Level 1:colcon.colcon_core.package_identification:_identify(.) by extension 'colcon_pkg'
[0.632s] Level 1:colcon.colcon_core.package_identification:_identify(.) by extensions ['colcon_meta']
[0.632s] Level 1:colcon.colcon_core.package_identification:_identify(.) by extension 'colcon_meta'
[0.632s] Level 1:colcon.colcon_core.package_identification:_identify(.) by extensions ['ros']
[0.632s] Level 1:colcon.colcon_core.package_identification:_identify(.) by extension 'ros'
[0.639s] Level 1:colcon.colcon_core.package_identification:_identify(.) by extensions ['cmake', 'python']
[0.639s] Level 1:colcon.colcon_core.package_identification:_identify(.) by extension 'cmake'
[0.639s] Level 1:colcon.colcon_core.package_identification:_identify(.) by extension 'python'
[0.639s] Level 1:colcon.colcon_core.package_identification:_identify(.) by extensions ['python_setup_py']
[0.639s] Level 1:colcon.colcon_core.package_identification:_identify(.) by extension 'python_setup_py'
[0.639s] Level 1:colcon.colcon_core.package_identification:_identify(build) by extensions ['ignore', 'ignore_ament_install']
[0.639s] Level 1:colcon.colcon_core.package_identification:_identify(build) by extension 'ignore'
[0.639s] Level 1:colcon.colcon_core.package_identification:_identify(build) ignored
[0.639s] Level 1:colcon.colcon_core.package_identification:_identify(install) by extensions ['ignore', 'ignore_ament_install']
[0.639s] Level 1:colcon.colcon_core.package_identification:_identify(install) by extension 'ignore'
[0.639s] Level 1:colcon.colcon_core.package_identification:_identify(install) ignored
[0.639s] Level 1:colcon.colcon_core.package_identification:_identify(log) by extensions ['ignore', 'ignore_ament_install']
[0.640s] Level 1:colcon.colcon_core.package_identification:_identify(log) by extension 'ignore'
[0.640s] Level 1:colcon.colcon_core.package_identification:_identify(log) ignored
[0.640s] Level 1:colcon.colcon_core.package_identification:_identify(src) by extensions ['ignore', 'ignore_ament_install']
[0.640s] Level 1:colcon.colcon_core.package_identification:_identify(src) by extension 'ignore'
[0.640s] Level 1:colcon.colcon_core.package_identification:_identify(src) by extension 'ignore_ament_install'
[0.640s] Level 1:colcon.colcon_core.package_identification:_identify(src) by extensions ['colcon_pkg']
[0.640s] Level 1:colcon.colcon_core.package_identification:_identify(src) by extension 'colcon_pkg'
[0.640s] Level 1:colcon.colcon_core.package_identification:_identify(src) by extensions ['colcon_meta']
[0.640s] Level 1:colcon.colcon_core.package_identification:_identify(src) by extension 'colcon_meta'
[0.640s] Level 1:colcon.colcon_core.package_identification:_identify(src) by extensions ['ros']
[0.640s] Level 1:colcon.colcon_core.package_identification:_identify(src) by extension 'ros'
[0.640s] Level 1:colcon.colcon_core.package_identification:_identify(src) by extensions ['cmake', 'python']
[0.640s] Level 1:colcon.colcon_core.package_identification:_identify(src) by extension 'cmake'
[0.640s] Level 1:colcon.colcon_core.package_identification:_identify(src) by extension 'python'
[0.640s] Level 1:colcon.colcon_core.package_identification:_identify(src) by extensions ['python_setup_py']
[0.640s] Level 1:colcon.colcon_core.package_identification:_identify(src) by extension 'python_setup_py'
[0.640s] Level 1:colcon.colcon_core.package_identification:_identify(src/custom_interfaces) by extensions ['ignore', 'ignore_ament_install']
[0.640s] Level 1:colcon.colcon_core.package_identification:_identify(src/custom_interfaces) by extension 'ignore'
[0.640s] Level 1:colcon.colcon_core.package_identification:_identify(src/custom_interfaces) by extension 'ignore_ament_install'
[0.640s] Level 1:colcon.colcon_core.package_identification:_identify(src/custom_interfaces) by extensions ['colcon_pkg']
[0.640s] Level 1:colcon.colcon_core.package_identification:_identify(src/custom_interfaces) by extension 'colcon_pkg'
[0.640s] Level 1:colcon.colcon_core.package_identification:_identify(src/custom_interfaces) by extensions ['colcon_meta']
[0.640s] Level 1:colcon.colcon_core.package_identification:_identify(src/custom_interfaces) by extension 'colcon_meta'
[0.640s] Level 1:colcon.colcon_core.package_identification:_identify(src/custom_interfaces) by extensions ['ros']
[0.640s] Level 1:colcon.colcon_core.package_identification:_identify(src/custom_interfaces) by extension 'ros'
[0.642s] DEBUG:colcon.colcon_core.package_identification:Package 'src/custom_interfaces' with type 'ros.ament_cmake' and name 'custom_interfaces'
[0.642s] Level 1:colcon.colcon_core.package_identification:_identify(src/turtle_sim_project) by extensions ['ignore', 'ignore_ament_install']
[0.642s] Level 1:colcon.colcon_core.package_identification:_identify(src/turtle_sim_project) by extension 'ignore'
[0.642s] Level 1:colcon.colcon_core.package_identification:_identify(src/turtle_sim_project) by extension 'ignore_ament_install'
[0.642s] Level 1:colcon.colcon_core.package_identification:_identify(src/turtle_sim_project) by extensions ['colcon_pkg']
[0.642s] Level 1:colcon.colcon_core.package_identification:_identify(src/turtle_sim_project) by extension 'colcon_pkg'
[0.642s] Level 1:colcon.colcon_core.package_identification:_identify(src/turtle_sim_project) by extensions ['colcon_meta']
[0.642s] Level 1:colcon.colcon_core.package_identification:_identify(src/turtle_sim_project) by extension 'colcon_meta'
[0.642s] Level 1:colcon.colcon_core.package_identification:_identify(src/turtle_sim_project) by extensions ['ros']
[0.642s] Level 1:colcon.colcon_core.package_identification:_identify(src/turtle_sim_project) by extension 'ros'
[0.642s] DEBUG:colcon.colcon_core.package_identification:Package 'src/turtle_sim_project' with type 'ros.ament_cmake' and name 'turtle_sim_project'
[0.643s] Level 1:colcon.colcon_core.package_discovery:discover_packages(recursive) using defaults
[0.643s] Level 1:colcon.colcon_core.package_discovery:discover_packages(ignore) discover
[0.643s] Level 1:colcon.colcon_core.package_discovery:discover_packages(ignore) using defaults
[0.643s] Level 1:colcon.colcon_core.package_discovery:discover_packages(path) discover
[0.643s] Level 1:colcon.colcon_core.package_discovery:discover_packages(path) using defaults
[0.698s] Level 1:colcon.colcon_core.package_discovery:discover_packages(prefix_path) check parameters
[0.698s] Level 1:colcon.colcon_core.package_discovery:discover_packages(prefix_path) discover
[0.717s] DEBUG:colcon.colcon_installed_package_information.package_discovery:Found 2 installed packages in /home/xamjam/ros2_ws/install
[0.726s] DEBUG:colcon.colcon_installed_package_information.package_discovery:Found 270 installed packages in /opt/ros/humble
[0.727s] Level 1:colcon.colcon_core.package_discovery:discover_packages(prefix_path) using defaults
[0.781s] Level 5:colcon.colcon_core.verb:set package 'custom_interfaces' build argument 'cmake_args' from command line to 'None'
[0.781s] Level 5:colcon.colcon_core.verb:set package 'custom_interfaces' build argument 'cmake_target' from command line to 'None'
[0.781s] Level 5:colcon.colcon_core.verb:set package 'custom_interfaces' build argument 'cmake_target_skip_unavailable' from command line to 'False'
[0.781s] Level 5:colcon.colcon_core.verb:set package 'custom_interfaces' build argument 'cmake_clean_cache' from command line to 'False'
[0.781s] Level 5:colcon.colcon_core.verb:set package 'custom_interfaces' build argument 'cmake_clean_first' from command line to 'False'
[0.781s] Level 5:colcon.colcon_core.verb:set package 'custom_interfaces' build argument 'cmake_force_configure' from command line to 'False'
[0.781s] Level 5:colcon.colcon_core.verb:set package 'custom_interfaces' build argument 'ament_cmake_args' from command line to 'None'
[0.781s] Level 5:colcon.colcon_core.verb:set package 'custom_interfaces' build argument 'catkin_cmake_args' from command line to 'None'
[0.781s] Level 5:colcon.colcon_core.verb:set package 'custom_interfaces' build argument 'catkin_skip_building_tests' from command line to 'False'
[0.781s] DEBUG:colcon.colcon_core.verb:Building package 'custom_interfaces' with the following arguments: {'ament_cmake_args': None, 'build_base': '/home/xamjam/ros2_ws/build/custom_interfaces', 'catkin_cmake_args': None, 'catkin_skip_building_tests': False, 'cmake_args': None, 'cmake_clean_cache': False, 'cmake_clean_first': False, 'cmake_force_configure': False, 'cmake_target': None, 'cmake_target_skip_unavailable': False, 'install_base': '/home/xamjam/ros2_ws/install/custom_interfaces', 'merge_install': False, 'path': '/home/xamjam/ros2_ws/src/custom_interfaces', 'symlink_install': False, 'test_result_base': None}
[0.790s] Level 5:colcon.colcon_core.verb:set package 'turtle_sim_project' build argument 'cmake_args' from command line to 'None'
[0.790s] Level 5:colcon.colcon_core.verb:set package 'turtle_sim_project' build argument 'cmake_target' from command line to 'None'
[0.790s] Level 5:colcon.colcon_core.verb:set package 'turtle_sim_project' build argument 'cmake_target_skip_unavailable' from command line to 'False'
[0.790s] Level 5:colcon.colcon_core.verb:set package 'turtle_sim_project' build argument 'cmake_clean_cache' from command line to 'False'
[0.790s] Level 5:colcon.colcon_core.verb:set package 'turtle_sim_project' build argument 'cmake_clean_first' from command line to 'False'
[0.790s] Level 5:colcon.colcon_core.verb:set package 'turtle_sim_project' build argument 'cmake_force_configure' from command line to 'False'
[0.790s] Level 5:colcon.colcon_core.verb:set package 'turtle_sim_project' build argument 'ament_cmake_args' from command line to 'None'
[0.790s] Level 5:colcon.colcon_core.verb:set package 'turtle_sim_project' build argument 'catkin_cmake_args' from command line to 'None'
[0.790s] Level 5:colcon.colcon_core.verb:set package 'turtle_sim_project' build argument 'catkin_skip_building_tests' from command line to 'False'
[0.790s] DEBUG:colcon.colcon_core.verb:Building package 'turtle_sim_project' with the following arguments: {'ament_cmake_args': None, 'build_base': '/home/xamjam/ros2_ws/build/turtle_sim_project', 'catkin_cmake_args': None, 'catkin_skip_building_tests': False, 'cmake_args': None, 'cmake_clean_cache': False, 'cmake_clean_first': False, 'cmake_force_configure': False, 'cmake_target': None, 'cmake_target_skip_unavailable': False, 'install_base': '/home/xamjam/ros2_ws/install/turtle_sim_project', 'merge_install': False, 'path': '/home/xamjam/ros2_ws/src/turtle_sim_project', 'symlink_install': False, 'test_result_base': None}
[0.799s] INFO:colcon.colcon_core.executor:Executing jobs using 'parallel' executor
[0.808s] DEBUG:colcon.colcon_parallel_executor.executor.parallel:run_until_complete
[0.808s] INFO:colcon.colcon_ros.task.ament_cmake.build:Building ROS package in '/home/xamjam/ros2_ws/src/custom_interfaces' with build type 'ament_cmake'
[0.808s] INFO:colcon.colcon_cmake.task.cmake.build:Building CMake package in '/home/xamjam/ros2_ws/src/custom_interfaces'
[0.818s] INFO:colcon.colcon_core.plugin_system:Skipping extension 'colcon_core.shell.bat': Not used on non-Windows systems
[0.818s] INFO:colcon.colcon_core.shell:Skip shell extension 'powershell' for command environment: Not usable outside of PowerShell
[0.818s] DEBUG:colcon.colcon_core.shell:Skip shell extension 'dsv' for command environment
[0.850s] DEBUG:colcon.colcon_core.event_handler.log_command:Invoking command in '/home/xamjam/ros2_ws/build/custom_interfaces': CMAKE_PREFIX_PATH=${CMAKE_PREFIX_PATH}:/opt/ros/humble /usr/bin/cmake --build /home/xamjam/ros2_ws/build/custom_interfaces -- -j16 -l16
[1.072s] DEBUG:colcon.colcon_core.event_handler.log_command:Invoked command in '/home/xamjam/ros2_ws/build/custom_interfaces' returned '0': CMAKE_PREFIX_PATH=${CMAKE_PREFIX_PATH}:/opt/ros/humble /usr/bin/cmake --build /home/xamjam/ros2_ws/build/custom_interfaces -- -j16 -l16
[1.155s] DEBUG:colcon.colcon_core.event_handler.log_command:Invoking command in '/home/xamjam/ros2_ws/build/custom_interfaces': CMAKE_PREFIX_PATH=${CMAKE_PREFIX_PATH}:/opt/ros/humble /usr/bin/cmake --install /home/xamjam/ros2_ws/build/custom_interfaces
[1.191s] Level 1:colcon.colcon_core.environment:create_environment_scripts_only(custom_interfaces)
[1.191s] DEBUG:colcon.colcon_core.event_handler.log_command:Invoked command in '/home/xamjam/ros2_ws/build/custom_interfaces' returned '0': CMAKE_PREFIX_PATH=${CMAKE_PREFIX_PATH}:/opt/ros/humble /usr/bin/cmake --install /home/xamjam/ros2_ws/build/custom_interfaces
[1.202s] Level 1:colcon.colcon_core.environment:checking '/home/xamjam/ros2_ws/install/custom_interfaces' for CMake module files
[1.203s] Level 1:colcon.colcon_core.environment:checking '/home/xamjam/ros2_ws/install/custom_interfaces' for CMake config files
[1.203s] Level 1:colcon.colcon_core.shell:create_environment_hook('custom_interfaces', 'cmake_prefix_path')
[1.213s] INFO:colcon.colcon_core.shell:Creating environment hook '/home/xamjam/ros2_ws/install/custom_interfaces/share/custom_interfaces/hook/cmake_prefix_path.ps1'
[1.213s] INFO:colcon.colcon_core.shell:Creating environment descriptor '/home/xamjam/ros2_ws/install/custom_interfaces/share/custom_interfaces/hook/cmake_prefix_path.dsv'
[1.213s] INFO:colcon.colcon_core.shell:Creating environment hook '/home/xamjam/ros2_ws/install/custom_interfaces/share/custom_interfaces/hook/cmake_prefix_path.sh'
[1.214s] Level 1:colcon.colcon_core.environment:checking '/home/xamjam/ros2_ws/install/custom_interfaces/lib'
[1.214s] Level 1:colcon.colcon_core.shell:create_environment_hook('custom_interfaces', 'ld_library_path_lib')
[1.223s] INFO:colcon.colcon_core.shell:Creating environment hook '/home/xamjam/ros2_ws/install/custom_interfaces/share/custom_interfaces/hook/ld_library_path_lib.ps1'
[1.224s] INFO:colcon.colcon_core.shell:Creating environment descriptor '/home/xamjam/ros2_ws/install/custom_interfaces/share/custom_interfaces/hook/ld_library_path_lib.dsv'
[1.224s] INFO:colcon.colcon_core.shell:Creating environment hook '/home/xamjam/ros2_ws/install/custom_interfaces/share/custom_interfaces/hook/ld_library_path_lib.sh'
[1.224s] Level 1:colcon.colcon_core.environment:checking '/home/xamjam/ros2_ws/install/custom_interfaces/bin'
[1.224s] Level 1:colcon.colcon_core.environment:checking '/home/xamjam/ros2_ws/install/custom_interfaces/lib/pkgconfig/custom_interfaces.pc'
[1.224s] Level 1:colcon.colcon_core.environment:checking '/home/xamjam/ros2_ws/install/custom_interfaces/lib/python3.10/site-packages'
[1.225s] Level 1:colcon.colcon_core.environment:checking '/home/xamjam/ros2_ws/install/custom_interfaces/bin'
[1.241s] INFO:colcon.colcon_core.shell:Creating package script '/home/xamjam/ros2_ws/install/custom_interfaces/share/custom_interfaces/package.ps1'
[1.242s] INFO:colcon.colcon_core.shell:Creating package descriptor '/home/xamjam/ros2_ws/install/custom_interfaces/share/custom_interfaces/package.dsv'
[1.242s] INFO:colcon.colcon_core.shell:Creating package script '/home/xamjam/ros2_ws/install/custom_interfaces/share/custom_interfaces/package.sh'
[1.243s] INFO:colcon.colcon_core.shell:Creating package script '/home/xamjam/ros2_ws/install/custom_interfaces/share/custom_interfaces/package.bash'
[1.243s] INFO:colcon.colcon_core.shell:Creating package script '/home/xamjam/ros2_ws/install/custom_interfaces/share/custom_interfaces/package.zsh'
[1.243s] Level 1:colcon.colcon_core.environment:create_file_with_runtime_dependencies(/home/xamjam/ros2_ws/install/custom_interfaces/share/colcon-core/packages/custom_interfaces)
[1.330s] Level 1:colcon.colcon_core.environment:create_environment_scripts_only(custom_interfaces)
[1.339s] Level 1:colcon.colcon_core.environment:checking '/home/xamjam/ros2_ws/install/custom_interfaces' for CMake module files
[1.340s] Level 1:colcon.colcon_core.environment:checking '/home/xamjam/ros2_ws/install/custom_interfaces' for CMake config files
[1.340s] Level 1:colcon.colcon_core.shell:create_environment_hook('custom_interfaces', 'cmake_prefix_path')
[1.349s] INFO:colcon.colcon_core.shell:Creating environment hook '/home/xamjam/ros2_ws/install/custom_interfaces/share/custom_interfaces/hook/cmake_prefix_path.ps1'
[1.349s] INFO:colcon.colcon_core.shell:Creating environment descriptor '/home/xamjam/ros2_ws/install/custom_interfaces/share/custom_interfaces/hook/cmake_prefix_path.dsv'
[1.350s] INFO:colcon.colcon_core.shell:Creating environment hook '/home/xamjam/ros2_ws/install/custom_interfaces/share/custom_interfaces/hook/cmake_prefix_path.sh'
[1.350s] Level 1:colcon.colcon_core.environment:checking '/home/xamjam/ros2_ws/install/custom_interfaces/lib'
[1.350s] Level 1:colcon.colcon_core.shell:create_environment_hook('custom_interfaces', 'ld_library_path_lib')
[1.359s] INFO:colcon.colcon_core.shell:Creating environment hook '/home/xamjam/ros2_ws/install/custom_interfaces/share/custom_interfaces/hook/ld_library_path_lib.ps1'
[1.359s] INFO:colcon.colcon_core.shell:Creating environment descriptor '/home/xamjam/ros2_ws/install/custom_interfaces/share/custom_interfaces/hook/ld_library_path_lib.dsv'
[1.359s] INFO:colcon.colcon_core.shell:Creating environment hook '/home/xamjam/ros2_ws/install/custom_interfaces/share/custom_interfaces/hook/ld_library_path_lib.sh'
[1.359s] Level 1:colcon.colcon_core.environment:checking '/home/xamjam/ros2_ws/install/custom_interfaces/bin'
[1.360s] Level 1:colcon.colcon_core.environment:checking '/home/xamjam/ros2_ws/install/custom_interfaces/lib/pkgconfig/custom_interfaces.pc'
[1.360s] Level 1:colcon.colcon_core.environment:checking '/home/xamjam/ros2_ws/install/custom_interfaces/lib/python3.10/site-packages'
[1.360s] Level 1:colcon.colcon_core.environment:checking '/home/xamjam/ros2_ws/install/custom_interfaces/bin'
[1.369s] INFO:colcon.colcon_core.shell:Creating package script '/home/xamjam/ros2_ws/install/custom_interfaces/share/custom_interfaces/package.ps1'
[1.369s] INFO:colcon.colcon_core.shell:Creating package descriptor '/home/xamjam/ros2_ws/install/custom_interfaces/share/custom_interfaces/package.dsv'
[1.369s] INFO:colcon.colcon_core.shell:Creating package script '/home/xamjam/ros2_ws/install/custom_interfaces/share/custom_interfaces/package.sh'
[1.370s] INFO:colcon.colcon_core.shell:Creating package script '/home/xamjam/ros2_ws/install/custom_interfaces/share/custom_interfaces/package.bash'
[1.370s] INFO:colcon.colcon_core.shell:Creating package script '/home/xamjam/ros2_ws/install/custom_interfaces/share/custom_interfaces/package.zsh'
[1.370s] Level 1:colcon.colcon_core.environment:create_file_with_runtime_dependencies(/home/xamjam/ros2_ws/install/custom_interfaces/share/colcon-core/packages/custom_interfaces)
[1.370s] INFO:colcon.colcon_ros.task.ament_cmake.build:Building ROS package in '/home/xamjam/ros2_ws/src/turtle_sim_project' with build type 'ament_cmake'
[1.371s] INFO:colcon.colcon_cmake.task.cmake.build:Building CMake package in '/home/xamjam/ros2_ws/src/turtle_sim_project'
[1.380s] INFO:colcon.colcon_core.shell:Skip shell extension 'powershell' for command environment: Not usable outside of PowerShell
[1.380s] DEBUG:colcon.colcon_core.shell:Skip shell extension 'dsv' for command environment
[1.413s] DEBUG:colcon.colcon_core.event_handler.log_command:Invoking command in '/home/xamjam/ros2_ws/build/turtle_sim_project': CMAKE_PREFIX_PATH=${CMAKE_PREFIX_PATH}:/opt/ros/humble /usr/bin/cmake --build /home/xamjam/ros2_ws/build/turtle_sim_project -- -j16 -l16
[5.740s] DEBUG:colcon.colcon_core.event_handler.log_command:Invoked command in '/home/xamjam/ros2_ws/build/turtle_sim_project' returned '0': CMAKE_PREFIX_PATH=${CMAKE_PREFIX_PATH}:/opt/ros/humble /usr/bin/cmake --build /home/xamjam/ros2_ws/build/turtle_sim_project -- -j16 -l16
[5.762s] DEBUG:colcon.colcon_core.event_handler.log_command:Invoking command in '/home/xamjam/ros2_ws/build/turtle_sim_project': CMAKE_PREFIX_PATH=${CMAKE_PREFIX_PATH}:/opt/ros/humble /usr/bin/cmake --install /home/xamjam/ros2_ws/build/turtle_sim_project
[5.773s] Level 1:colcon.colcon_core.environment:create_environment_scripts_only(turtle_sim_project)
[5.774s] DEBUG:colcon.colcon_core.event_handler.log_command:Invoked command in '/home/xamjam/ros2_ws/build/turtle_sim_project' returned '0': CMAKE_PREFIX_PATH=${CMAKE_PREFIX_PATH}:/opt/ros/humble /usr/bin/cmake --install /home/xamjam/ros2_ws/build/turtle_sim_project
[5.791s] Level 1:colcon.colcon_core.environment:checking '/home/xamjam/ros2_ws/install/turtle_sim_project' for CMake module files
[5.792s] Level 1:colcon.colcon_core.environment:checking '/home/xamjam/ros2_ws/install/turtle_sim_project' for CMake config files
[5.792s] Level 1:colcon.colcon_core.shell:create_environment_hook('turtle_sim_project', 'cmake_prefix_path')
[5.808s] INFO:colcon.colcon_core.shell:Creating environment hook '/home/xamjam/ros2_ws/install/turtle_sim_project/share/turtle_sim_project/hook/cmake_prefix_path.ps1'
[5.809s] INFO:colcon.colcon_core.shell:Creating environment descriptor '/home/xamjam/ros2_ws/install/turtle_sim_project/share/turtle_sim_project/hook/cmake_prefix_path.dsv'
[5.809s] INFO:colcon.colcon_core.shell:Creating environment hook '/home/xamjam/ros2_ws/install/turtle_sim_project/share/turtle_sim_project/hook/cmake_prefix_path.sh'
[5.809s] Level 1:colcon.colcon_core.environment:checking '/home/xamjam/ros2_ws/install/turtle_sim_project/lib'
[5.809s] Level 1:colcon.colcon_core.environment:checking '/home/xamjam/ros2_ws/install/turtle_sim_project/bin'
[5.809s] Level 1:colcon.colcon_core.environment:checking '/home/xamjam/ros2_ws/install/turtle_sim_project/lib/pkgconfig/turtle_sim_project.pc'
[5.810s] Level 1:colcon.colcon_core.environment:checking '/home/xamjam/ros2_ws/install/turtle_sim_project/lib/python3.10/site-packages'
[5.810s] Level 1:colcon.colcon_core.environment:checking '/home/xamjam/ros2_ws/install/turtle_sim_project/bin'
[5.825s] INFO:colcon.colcon_core.shell:Creating package script '/home/xamjam/ros2_ws/install/turtle_sim_project/share/turtle_sim_project/package.ps1'
[5.825s] INFO:colcon.colcon_core.shell:Creating package descriptor '/home/xamjam/ros2_ws/install/turtle_sim_project/share/turtle_sim_project/package.dsv'
[5.826s] INFO:colcon.colcon_core.shell:Creating package script '/home/xamjam/ros2_ws/install/turtle_sim_project/share/turtle_sim_project/package.sh'
[5.826s] INFO:colcon.colcon_core.shell:Creating package script '/home/xamjam/ros2_ws/install/turtle_sim_project/share/turtle_sim_project/package.bash'
[5.826s] INFO:colcon.colcon_core.shell:Creating package script '/home/xamjam/ros2_ws/install/turtle_sim_project/share/turtle_sim_project/package.zsh'
[5.826s] Level 1:colcon.colcon_core.environment:create_file_with_runtime_dependencies(/home/xamjam/ros2_ws/install/turtle_sim_project/share/colcon-core/packages/turtle_sim_project)
[5.858s] Level 1:colcon.colcon_core.environment:create_environment_scripts_only(turtle_sim_project)
[5.866s] Level 1:colcon.colcon_core.environment:checking '/home/xamjam/ros2_ws/install/turtle_sim_project' for CMake module files
[5.866s] Level 1:colcon.colcon_core.environment:checking '/home/xamjam/ros2_ws/install/turtle_sim_project' for CMake config files
[5.867s] Level 1:colcon.colcon_core.shell:create_environment_hook('turtle_sim_project', 'cmake_prefix_path')
[5.875s] INFO:colcon.colcon_core.shell:Creating environment hook '/home/xamjam/ros2_ws/install/turtle_sim_project/share/turtle_sim_project/hook/cmake_prefix_path.ps1'
[5.876s] INFO:colcon.colcon_core.shell:Creating environment descriptor '/home/xamjam/ros2_ws/install/turtle_sim_project/share/turtle_sim_project/hook/cmake_prefix_path.dsv'
[5.876s] INFO:colcon.colcon_core.shell:Creating environment hook '/home/xamjam/ros2_ws/install/turtle_sim_project/share/turtle_sim_project/hook/cmake_prefix_path.sh'
[5.876s] Level 1:colcon.colcon_core.environment:checking '/home/xamjam/ros2_ws/install/turtle_sim_project/lib'
[5.876s] Level 1:colcon.colcon_core.environment:checking '/home/xamjam/ros2_ws/install/turtle_sim_project/bin'
[5.876s] Level 1:colcon.colcon_core.environment:checking '/home/xamjam/ros2_ws/install/turtle_sim_project/lib/pkgconfig/turtle_sim_project.pc'
[5.876s] Level 1:colcon.colcon_core.environment:checking '/home/xamjam/ros2_ws/install/turtle_sim_project/lib/python3.10/site-packages'
[5.877s] Level 1:colcon.colcon_core.environment:checking '/home/xamjam/ros2_ws/install/turtle_sim_project/bin'
[5.885s] INFO:colcon.colcon_core.shell:Creating package script '/home/xamjam/ros2_ws/install/turtle_sim_project/share/turtle_sim_project/package.ps1'
[5.886s] INFO:colcon.colcon_core.shell:Creating package descriptor '/home/xamjam/ros2_ws/install/turtle_sim_project/share/turtle_sim_project/package.dsv'
[5.886s] INFO:colcon.colcon_core.shell:Creating package script '/home/xamjam/ros2_ws/install/turtle_sim_project/share/turtle_sim_project/package.sh'
[5.886s] INFO:colcon.colcon_core.shell:Creating package script '/home/xamjam/ros2_ws/install/turtle_sim_project/share/turtle_sim_project/package.bash'
[5.886s] INFO:colcon.colcon_core.shell:Creating package script '/home/xamjam/ros2_ws/install/turtle_sim_project/share/turtle_sim_project/package.zsh'
[5.887s] Level 1:colcon.colcon_core.environment:create_file_with_runtime_dependencies(/home/xamjam/ros2_ws/install/turtle_sim_project/share/colcon-core/packages/turtle_sim_project)
[5.887s] DEBUG:colcon.colcon_parallel_executor.executor.parallel:closing loop
[5.887s] DEBUG:colcon.colcon_parallel_executor.executor.parallel:loop closed
[5.887s] DEBUG:colcon.colcon_parallel_executor.executor.parallel:run_until_complete finished with '0'
[5.887s] DEBUG:colcon.colcon_core.event_reactor:joining thread
[5.899s] INFO:colcon.colcon_core.plugin_system:Skipping extension 'colcon_notification.desktop_notification.terminal_notifier': Not used on non-Darwin systems
[5.899s] INFO:colcon.colcon_core.plugin_system:Skipping extension 'colcon_notification.desktop_notification.win32': Not used on non-Windows systems
[5.899s] INFO:colcon.colcon_notification.desktop_notification:Sending desktop notification using 'notify2'
[5.906s] DEBUG:colcon.colcon_core.event_reactor:joined thread
[5.915s] INFO:colcon.colcon_core.shell:Creating prefix script '/home/xamjam/ros2_ws/install/local_setup.ps1'
[5.916s] INFO:colcon.colcon_core.shell:Creating prefix util module '/home/xamjam/ros2_ws/install/_local_setup_util_ps1.py'
[5.916s] INFO:colcon.colcon_core.shell:Creating prefix chain script '/home/xamjam/ros2_ws/install/setup.ps1'
[5.926s] INFO:colcon.colcon_core.shell:Creating prefix script '/home/xamjam/ros2_ws/install/local_setup.sh'
[5.926s] INFO:colcon.colcon_core.shell:Creating prefix util module '/home/xamjam/ros2_ws/install/_local_setup_util_sh.py'
[5.926s] INFO:colcon.colcon_core.shell:Creating prefix chain script '/home/xamjam/ros2_ws/install/setup.sh'
[5.936s] INFO:colcon.colcon_core.shell:Creating prefix script '/home/xamjam/ros2_ws/install/local_setup.bash'
[5.936s] INFO:colcon.colcon_core.shell:Creating prefix chain script '/home/xamjam/ros2_ws/install/setup.bash'
[5.945s] INFO:colcon.colcon_core.shell:Creating prefix script '/home/xamjam/ros2_ws/install/local_setup.zsh'
[5.945s] INFO:colcon.colcon_core.shell:Creating prefix chain script '/home/xamjam/ros2_ws/install/setup.zsh'
