[0.635s] DEBUG:colcon:Command line arguments: ['/usr/bin/colcon', 'build']
[0.635s] DEBUG:colcon:Parsed command line arguments: Namespace(log_base=None, log_level=None, verb_name='build', build_base='build', install_base='install', merge_install=False, symlink_install=False, test_result_base=None, continue_on_error=False, executor='parallel', parallel_workers=16, event_handlers=None, ignore_user_meta=False, metas=['./colcon.meta'], base_paths=['.'], packages_ignore=None, packages_ignore_regex=None, paths=None, packages_up_to=None, packages_up_to_regex=None, packages_above=None, packages_above_and_dependencies=None, packages_above_depth=None, packages_select_by_dep=None, packages_skip_by_dep=None, packages_skip_up_to=None, packages_select_build_failed=False, packages_skip_build_finished=False, packages_select_test_failures=False, packages_skip_test_passed=False, packages_select=None, packages_skip=None, packages_select_regex=None, packages_skip_regex=None, packages_start=None, packages_end=None, allow_overriding=[], cmake_args=None, cmake_target=None, cmake_target_skip_unavailable=False, cmake_clean_cache=False, cmake_clean_first=False, cmake_force_configure=False, ament_cmake_args=None, catkin_cmake_args=None, catkin_skip_building_tests=False, verb_parser=<colcon_defaults.argument_parser.defaults.DefaultArgumentsDecorator object at 0x7f3c442aadd0>, verb_extension=<colcon_core.verb.build.BuildVerb object at 0x7f3c442a8d00>, main=<bound method BuildVerb.main of <colcon_core.verb.build.BuildVerb object at 0x7f3c442a8d00>>)
[0.666s] Level 1:colcon.colcon_core.package_discovery:discover_packages(colcon_meta) check parameters
[0.666s] Level 1:colcon.colcon_core.package_discovery:discover_packages(recursive) check parameters
[0.666s] Level 1:colcon.colcon_core.package_discovery:discover_packages(ignore) check parameters
[0.666s] Level 1:colcon.colcon_core.package_discovery:discover_packages(path) check parameters
[0.666s] Level 1:colcon.colcon_core.package_discovery:discover_packages(colcon_meta) discover
[0.666s] Level 1:colcon.colcon_core.package_discovery:discover_packages(recursive) discover
[0.666s] INFO:colcon.colcon_core.package_discovery:Crawling recursively for packages in '/home/xamjam/ros2_ws'
[0.666s] Level 1:colcon.colcon_core.package_identification:_identify(.) by extensions ['ignore', 'ignore_ament_install']
[0.666s] Level 1:colcon.colcon_core.package_identification:_identify(.) by extension 'ignore'
[0.666s] Level 1:colcon.colcon_core.package_identification:_identify(.) by extension 'ignore_ament_install'
[0.666s] Level 1:colcon.colcon_core.package_identification:_identify(.) by extensions ['colcon_pkg']
[0.666s] Level 1:colcon.colcon_core.package_identification:_identify(.) by extension 'colcon_pkg'
[0.666s] Level 1:colcon.colcon_core.package_identification:_identify(.) by extensions ['colcon_meta']
[0.666s] Level 1:colcon.colcon_core.package_identification:_identify(.) by extension 'colcon_meta'
[0.666s] Level 1:colcon.colcon_core.package_identification:_identify(.) by extensions ['ros']
[0.666s] Level 1:colcon.colcon_core.package_identification:_identify(.) by extension 'ros'
[0.673s] Level 1:colcon.colcon_core.package_identification:_identify(.) by extensions ['cmake', 'python']
[0.673s] Level 1:colcon.colcon_core.package_identification:_identify(.) by extension 'cmake'
[0.673s] Level 1:colcon.colcon_core.package_identification:_identify(.) by extension 'python'
[0.673s] Level 1:colcon.colcon_core.package_identification:_identify(.) by extensions ['python_setup_py']
[0.673s] Level 1:colcon.colcon_core.package_identification:_identify(.) by extension 'python_setup_py'
[0.673s] Level 1:colcon.colcon_core.package_identification:_identify(build) by extensions ['ignore', 'ignore_ament_install']
[0.673s] Level 1:colcon.colcon_core.package_identification:_identify(build) by extension 'ignore'
[0.673s] Level 1:colcon.colcon_core.package_identification:_identify(build) ignored
[0.673s] Level 1:colcon.colcon_core.package_identification:_identify(install) by extensions ['ignore', 'ignore_ament_install']
[0.673s] Level 1:colcon.colcon_core.package_identification:_identify(install) by extension 'ignore'
[0.673s] Level 1:colcon.colcon_core.package_identification:_identify(install) ignored
[0.673s] Level 1:colcon.colcon_core.package_identification:_identify(log) by extensions ['ignore', 'ignore_ament_install']
[0.674s] Level 1:colcon.colcon_core.package_identification:_identify(log) by extension 'ignore'
[0.674s] Level 1:colcon.colcon_core.package_identification:_identify(log) ignored
[0.674s] Level 1:colcon.colcon_core.package_identification:_identify(src) by extensions ['ignore', 'ignore_ament_install']
[0.674s] Level 1:colcon.colcon_core.package_identification:_identify(src) by extension 'ignore'
[0.674s] Level 1:colcon.colcon_core.package_identification:_identify(src) by extension 'ignore_ament_install'
[0.674s] Level 1:colcon.colcon_core.package_identification:_identify(src) by extensions ['colcon_pkg']
[0.674s] Level 1:colcon.colcon_core.package_identification:_identify(src) by extension 'colcon_pkg'
[0.674s] Level 1:colcon.colcon_core.package_identification:_identify(src) by extensions ['colcon_meta']
[0.674s] Level 1:colcon.colcon_core.package_identification:_identify(src) by extension 'colcon_meta'
[0.674s] Level 1:colcon.colcon_core.package_identification:_identify(src) by extensions ['ros']
[0.674s] Level 1:colcon.colcon_core.package_identification:_identify(src) by extension 'ros'
[0.674s] Level 1:colcon.colcon_core.package_identification:_identify(src) by extensions ['cmake', 'python']
[0.674s] Level 1:colcon.colcon_core.package_identification:_identify(src) by extension 'cmake'
[0.674s] Level 1:colcon.colcon_core.package_identification:_identify(src) by extension 'python'
[0.674s] Level 1:colcon.colcon_core.package_identification:_identify(src) by extensions ['python_setup_py']
[0.674s] Level 1:colcon.colcon_core.package_identification:_identify(src) by extension 'python_setup_py'
[0.674s] Level 1:colcon.colcon_core.package_identification:_identify(src/custom_interfaces) by extensions ['ignore', 'ignore_ament_install']
[0.674s] Level 1:colcon.colcon_core.package_identification:_identify(src/custom_interfaces) by extension 'ignore'
[0.674s] Level 1:colcon.colcon_core.package_identification:_identify(src/custom_interfaces) by extension 'ignore_ament_install'
[0.674s] Level 1:colcon.colcon_core.package_identification:_identify(src/custom_interfaces) by extensions ['colcon_pkg']
[0.674s] Level 1:colcon.colcon_core.package_identification:_identify(src/custom_interfaces) by extension 'colcon_pkg'
[0.674s] Level 1:colcon.colcon_core.package_identification:_identify(src/custom_interfaces) by extensions ['colcon_meta']
[0.674s] Level 1:colcon.colcon_core.package_identification:_identify(src/custom_interfaces) by extension 'colcon_meta'
[0.674s] Level 1:colcon.colcon_core.package_identification:_identify(src/custom_interfaces) by extensions ['ros']
[0.674s] Level 1:colcon.colcon_core.package_identification:_identify(src/custom_interfaces) by extension 'ros'
[0.676s] DEBUG:colcon.colcon_core.package_identification:Package 'src/custom_interfaces' with type 'ros.ament_cmake' and name 'custom_interfaces'
[0.676s] Level 1:colcon.colcon_core.package_identification:_identify(src/turtle_sim_project) by extensions ['ignore', 'ignore_ament_install']
[0.676s] Level 1:colcon.colcon_core.package_identification:_identify(src/turtle_sim_project) by extension 'ignore'
[0.676s] Level 1:colcon.colcon_core.package_identification:_identify(src/turtle_sim_project) by extension 'ignore_ament_install'
[0.676s] Level 1:colcon.colcon_core.package_identification:_identify(src/turtle_sim_project) by extensions ['colcon_pkg']
[0.676s] Level 1:colcon.colcon_core.package_identification:_identify(src/turtle_sim_project) by extension 'colcon_pkg'
[0.676s] Level 1:colcon.colcon_core.package_identification:_identify(src/turtle_sim_project) by extensions ['colcon_meta']
[0.676s] Level 1:colcon.colcon_core.package_identification:_identify(src/turtle_sim_project) by extension 'colcon_meta'
[0.676s] Level 1:colcon.colcon_core.package_identification:_identify(src/turtle_sim_project) by extensions ['ros']
[0.676s] Level 1:colcon.colcon_core.package_identification:_identify(src/turtle_sim_project) by extension 'ros'
[0.677s] DEBUG:colcon.colcon_core.package_identification:Package 'src/turtle_sim_project' with type 'ros.ament_cmake' and name 'turtle_sim_project'
[0.677s] Level 1:colcon.colcon_core.package_discovery:discover_packages(recursive) using defaults
[0.677s] Level 1:colcon.colcon_core.package_discovery:discover_packages(ignore) discover
[0.677s] Level 1:colcon.colcon_core.package_discovery:discover_packages(ignore) using defaults
[0.677s] Level 1:colcon.colcon_core.package_discovery:discover_packages(path) discover
[0.677s] Level 1:colcon.colcon_core.package_discovery:discover_packages(path) using defaults
[0.735s] Level 1:colcon.colcon_core.package_discovery:discover_packages(prefix_path) check parameters
[0.735s] Level 1:colcon.colcon_core.package_discovery:discover_packages(prefix_path) discover
[0.754s] DEBUG:colcon.colcon_installed_package_information.package_discovery:Found 2 installed packages in /home/xamjam/ros2_ws/install
[0.764s] DEBUG:colcon.colcon_installed_package_information.package_discovery:Found 270 installed packages in /opt/ros/humble
[0.765s] Level 1:colcon.colcon_core.package_discovery:discover_packages(prefix_path) using defaults
[0.821s] Level 5:colcon.colcon_core.verb:set package 'custom_interfaces' build argument 'cmake_args' from command line to 'None'
[0.821s] Level 5:colcon.colcon_core.verb:set package 'custom_interfaces' build argument 'cmake_target' from command line to 'None'
[0.821s] Level 5:colcon.colcon_core.verb:set package 'custom_interfaces' build argument 'cmake_target_skip_unavailable' from command line to 'False'
[0.821s] Level 5:colcon.colcon_core.verb:set package 'custom_interfaces' build argument 'cmake_clean_cache' from command line to 'False'
[0.821s] Level 5:colcon.colcon_core.verb:set package 'custom_interfaces' build argument 'cmake_clean_first' from command line to 'False'
[0.821s] Level 5:colcon.colcon_core.verb:set package 'custom_interfaces' build argument 'cmake_force_configure' from command line to 'False'
[0.821s] Level 5:colcon.colcon_core.verb:set package 'custom_interfaces' build argument 'ament_cmake_args' from command line to 'None'
[0.821s] Level 5:colcon.colcon_core.verb:set package 'custom_interfaces' build argument 'catkin_cmake_args' from command line to 'None'
[0.821s] Level 5:colcon.colcon_core.verb:set package 'custom_interfaces' build argument 'catkin_skip_building_tests' from command line to 'False'
[0.821s] DEBUG:colcon.colcon_core.verb:Building package 'custom_interfaces' with the following arguments: {'ament_cmake_args': None, 'build_base': '/home/xamjam/ros2_ws/build/custom_interfaces', 'catkin_cmake_args': None, 'catkin_skip_building_tests': False, 'cmake_args': None, 'cmake_clean_cache': False, 'cmake_clean_first': False, 'cmake_force_configure': False, 'cmake_target': None, 'cmake_target_skip_unavailable': False, 'install_base': '/home/xamjam/ros2_ws/install/custom_interfaces', 'merge_install': False, 'path': '/home/xamjam/ros2_ws/src/custom_interfaces', 'symlink_install': False, 'test_result_base': None}
[0.831s] Level 5:colcon.colcon_core.verb:set package 'turtle_sim_project' build argument 'cmake_args' from command line to 'None'
[0.831s] Level 5:colcon.colcon_core.verb:set package 'turtle_sim_project' build argument 'cmake_target' from command line to 'None'
[0.831s] Level 5:colcon.colcon_core.verb:set package 'turtle_sim_project' build argument 'cmake_target_skip_unavailable' from command line to 'False'
[0.831s] Level 5:colcon.colcon_core.verb:set package 'turtle_sim_project' build argument 'cmake_clean_cache' from command line to 'False'
[0.831s] Level 5:colcon.colcon_core.verb:set package 'turtle_sim_project' build argument 'cmake_clean_first' from command line to 'False'
[0.831s] Level 5:colcon.colcon_core.verb:set package 'turtle_sim_project' build argument 'cmake_force_configure' from command line to 'False'
[0.831s] Level 5:colcon.colcon_core.verb:set package 'turtle_sim_project' build argument 'ament_cmake_args' from command line to 'None'
[0.831s] Level 5:colcon.colcon_core.verb:set package 'turtle_sim_project' build argument 'catkin_cmake_args' from command line to 'None'
[0.831s] Level 5:colcon.colcon_core.verb:set package 'turtle_sim_project' build argument 'catkin_skip_building_tests' from command line to 'False'
[0.831s] DEBUG:colcon.colcon_core.verb:Building package 'turtle_sim_project' with the following arguments: {'ament_cmake_args': None, 'build_base': '/home/xamjam/ros2_ws/build/turtle_sim_project', 'catkin_cmake_args': None, 'catkin_skip_building_tests': False, 'cmake_args': None, 'cmake_clean_cache': False, 'cmake_clean_first': False, 'cmake_force_configure': False, 'cmake_target': None, 'cmake_target_skip_unavailable': False, 'install_base': '/home/xamjam/ros2_ws/install/turtle_sim_project', 'merge_install': False, 'path': '/home/xamjam/ros2_ws/src/turtle_sim_project', 'symlink_install': False, 'test_result_base': None}
[0.841s] INFO:colcon.colcon_core.executor:Executing jobs using 'parallel' executor
[0.851s] DEBUG:colcon.colcon_parallel_executor.executor.parallel:run_until_complete
[0.852s] INFO:colcon.colcon_ros.task.ament_cmake.build:Building ROS package in '/home/xamjam/ros2_ws/src/custom_interfaces' with build type 'ament_cmake'
[0.852s] INFO:colcon.colcon_cmake.task.cmake.build:Building CMake package in '/home/xamjam/ros2_ws/src/custom_interfaces'
[0.862s] INFO:colcon.colcon_core.plugin_system:Skipping extension 'colcon_core.shell.bat': Not used on non-Windows systems
[0.862s] INFO:colcon.colcon_core.shell:Skip shell extension 'powershell' for command environment: Not usable outside of PowerShell
[0.862s] DEBUG:colcon.colcon_core.shell:Skip shell extension 'dsv' for command environment
[0.897s] DEBUG:colcon.colcon_core.event_handler.log_command:Invoking command in '/home/xamjam/ros2_ws/build/custom_interfaces': CMAKE_PREFIX_PATH=${CMAKE_PREFIX_PATH}:/opt/ros/humble /usr/bin/cmake --build /home/xamjam/ros2_ws/build/custom_interfaces -- -j16 -l16
[1.133s] DEBUG:colcon.colcon_core.event_handler.log_command:Invoked command in '/home/xamjam/ros2_ws/build/custom_interfaces' returned '0': CMAKE_PREFIX_PATH=${CMAKE_PREFIX_PATH}:/opt/ros/humble /usr/bin/cmake --build /home/xamjam/ros2_ws/build/custom_interfaces -- -j16 -l16
[1.217s] DEBUG:colcon.colcon_core.event_handler.log_command:Invoking command in '/home/xamjam/ros2_ws/build/custom_interfaces': CMAKE_PREFIX_PATH=${CMAKE_PREFIX_PATH}:/opt/ros/humble /usr/bin/cmake --install /home/xamjam/ros2_ws/build/custom_interfaces
[1.262s] Level 1:colcon.colcon_core.environment:create_environment_scripts_only(custom_interfaces)
[1.263s] DEBUG:colcon.colcon_core.event_handler.log_command:Invoked command in '/home/xamjam/ros2_ws/build/custom_interfaces' returned '0': CMAKE_PREFIX_PATH=${CMAKE_PREFIX_PATH}:/opt/ros/humble /usr/bin/cmake --install /home/xamjam/ros2_ws/build/custom_interfaces
[1.274s] Level 1:colcon.colcon_core.environment:checking '/home/xamjam/ros2_ws/install/custom_interfaces' for CMake module files
[1.274s] Level 1:colcon.colcon_core.environment:checking '/home/xamjam/ros2_ws/install/custom_interfaces' for CMake config files
[1.275s] Level 1:colcon.colcon_core.shell:create_environment_hook('custom_interfaces', 'cmake_prefix_path')
[1.285s] INFO:colcon.colcon_core.shell:Creating environment hook '/home/xamjam/ros2_ws/install/custom_interfaces/share/custom_interfaces/hook/cmake_prefix_path.ps1'
[1.286s] INFO:colcon.colcon_core.shell:Creating environment descriptor '/home/xamjam/ros2_ws/install/custom_interfaces/share/custom_interfaces/hook/cmake_prefix_path.dsv'
[1.286s] INFO:colcon.colcon_core.shell:Creating environment hook '/home/xamjam/ros2_ws/install/custom_interfaces/share/custom_interfaces/hook/cmake_prefix_path.sh'
[1.287s] Level 1:colcon.colcon_core.environment:checking '/home/xamjam/ros2_ws/install/custom_interfaces/lib'
[1.287s] Level 1:colcon.colcon_core.shell:create_environment_hook('custom_interfaces', 'ld_library_path_lib')
[1.299s] INFO:colcon.colcon_core.shell:Creating environment hook '/home/xamjam/ros2_ws/install/custom_interfaces/share/custom_interfaces/hook/ld_library_path_lib.ps1'
[1.299s] INFO:colcon.colcon_core.shell:Creating environment descriptor '/home/xamjam/ros2_ws/install/custom_interfaces/share/custom_interfaces/hook/ld_library_path_lib.dsv'
[1.299s] INFO:colcon.colcon_core.shell:Creating environment hook '/home/xamjam/ros2_ws/install/custom_interfaces/share/custom_interfaces/hook/ld_library_path_lib.sh'
[1.299s] Level 1:colcon.colcon_core.environment:checking '/home/xamjam/ros2_ws/install/custom_interfaces/bin'
[1.299s] Level 1:colcon.colcon_core.environment:checking '/home/xamjam/ros2_ws/install/custom_interfaces/lib/pkgconfig/custom_interfaces.pc'
[1.300s] Level 1:colcon.colcon_core.environment:checking '/home/xamjam/ros2_ws/install/custom_interfaces/lib/python3.10/site-packages'
[1.300s] Level 1:colcon.colcon_core.environment:checking '/home/xamjam/ros2_ws/install/custom_interfaces/bin'
[1.318s] INFO:colcon.colcon_core.shell:Creating package script '/home/xamjam/ros2_ws/install/custom_interfaces/share/custom_interfaces/package.ps1'
[1.319s] INFO:colcon.colcon_core.shell:Creating package descriptor '/home/xamjam/ros2_ws/install/custom_interfaces/share/custom_interfaces/package.dsv'
[1.319s] INFO:colcon.colcon_core.shell:Creating package script '/home/xamjam/ros2_ws/install/custom_interfaces/share/custom_interfaces/package.sh'
[1.319s] INFO:colcon.colcon_core.shell:Creating package script '/home/xamjam/ros2_ws/install/custom_interfaces/share/custom_interfaces/package.bash'
[1.320s] INFO:colcon.colcon_core.shell:Creating package script '/home/xamjam/ros2_ws/install/custom_interfaces/share/custom_interfaces/package.zsh'
[1.320s] Level 1:colcon.colcon_core.environment:create_file_with_runtime_dependencies(/home/xamjam/ros2_ws/install/custom_interfaces/share/colcon-core/packages/custom_interfaces)
[1.406s] Level 1:colcon.colcon_core.environment:create_environment_scripts_only(custom_interfaces)
[1.416s] Level 1:colcon.colcon_core.environment:checking '/home/xamjam/ros2_ws/install/custom_interfaces' for CMake module files
[1.416s] Level 1:colcon.colcon_core.environment:checking '/home/xamjam/ros2_ws/install/custom_interfaces' for CMake config files
[1.417s] Level 1:colcon.colcon_core.shell:create_environment_hook('custom_interfaces', 'cmake_prefix_path')
[1.426s] INFO:colcon.colcon_core.shell:Creating environment hook '/home/xamjam/ros2_ws/install/custom_interfaces/share/custom_interfaces/hook/cmake_prefix_path.ps1'
[1.426s] INFO:colcon.colcon_core.shell:Creating environment descriptor '/home/xamjam/ros2_ws/install/custom_interfaces/share/custom_interfaces/hook/cmake_prefix_path.dsv'
[1.427s] INFO:colcon.colcon_core.shell:Creating environment hook '/home/xamjam/ros2_ws/install/custom_interfaces/share/custom_interfaces/hook/cmake_prefix_path.sh'
[1.427s] Level 1:colcon.colcon_core.environment:checking '/home/xamjam/ros2_ws/install/custom_interfaces/lib'
[1.427s] Level 1:colcon.colcon_core.shell:create_environment_hook('custom_interfaces', 'ld_library_path_lib')
[1.436s] INFO:colcon.colcon_core.shell:Creating environment hook '/home/xamjam/ros2_ws/install/custom_interfaces/share/custom_interfaces/hook/ld_library_path_lib.ps1'
[1.437s] INFO:colcon.colcon_core.shell:Creating environment descriptor '/home/xamjam/ros2_ws/install/custom_interfaces/share/custom_interfaces/hook/ld_library_path_lib.dsv'
[1.437s] INFO:colcon.colcon_core.shell:Creating environment hook '/home/xamjam/ros2_ws/install/custom_interfaces/share/custom_interfaces/hook/ld_library_path_lib.sh'
[1.437s] Level 1:colcon.colcon_core.environment:checking '/home/xamjam/ros2_ws/install/custom_interfaces/bin'
[1.437s] Level 1:colcon.colcon_core.environment:checking '/home/xamjam/ros2_ws/install/custom_interfaces/lib/pkgconfig/custom_interfaces.pc'
[1.437s] Level 1:colcon.colcon_core.environment:checking '/home/xamjam/ros2_ws/install/custom_interfaces/lib/python3.10/site-packages'
[1.438s] Level 1:colcon.colcon_core.environment:checking '/home/xamjam/ros2_ws/install/custom_interfaces/bin'
[1.447s] INFO:colcon.colcon_core.shell:Creating package script '/home/xamjam/ros2_ws/install/custom_interfaces/share/custom_interfaces/package.ps1'
[1.447s] INFO:colcon.colcon_core.shell:Creating package descriptor '/home/xamjam/ros2_ws/install/custom_interfaces/share/custom_interfaces/package.dsv'
[1.448s] INFO:colcon.colcon_core.shell:Creating package script '/home/xamjam/ros2_ws/install/custom_interfaces/share/custom_interfaces/package.sh'
[1.448s] INFO:colcon.colcon_core.shell:Creating package script '/home/xamjam/ros2_ws/install/custom_interfaces/share/custom_interfaces/package.bash'
[1.448s] INFO:colcon.colcon_core.shell:Creating package script '/home/xamjam/ros2_ws/install/custom_interfaces/share/custom_interfaces/package.zsh'
[1.449s] Level 1:colcon.colcon_core.environment:create_file_with_runtime_dependencies(/home/xamjam/ros2_ws/install/custom_interfaces/share/colcon-core/packages/custom_interfaces)
[1.449s] INFO:colcon.colcon_ros.task.ament_cmake.build:Building ROS package in '/home/xamjam/ros2_ws/src/turtle_sim_project' with build type 'ament_cmake'
[1.449s] INFO:colcon.colcon_cmake.task.cmake.build:Building CMake package in '/home/xamjam/ros2_ws/src/turtle_sim_project'
[1.459s] INFO:colcon.colcon_core.shell:Skip shell extension 'powershell' for command environment: Not usable outside of PowerShell
[1.459s] DEBUG:colcon.colcon_core.shell:Skip shell extension 'dsv' for command environment
[1.494s] DEBUG:colcon.colcon_core.event_handler.log_command:Invoking command in '/home/xamjam/ros2_ws/build/turtle_sim_project': CMAKE_PREFIX_PATH=${CMAKE_PREFIX_PATH}:/opt/ros/humble /usr/bin/cmake --build /home/xamjam/ros2_ws/build/turtle_sim_project -- -j16 -l16
[10.197s] DEBUG:colcon.colcon_core.event_handler.log_command:Invoked command in '/home/xamjam/ros2_ws/build/turtle_sim_project' returned '0': CMAKE_PREFIX_PATH=${CMAKE_PREFIX_PATH}:/opt/ros/humble /usr/bin/cmake --build /home/xamjam/ros2_ws/build/turtle_sim_project -- -j16 -l16
[10.220s] DEBUG:colcon.colcon_core.event_handler.log_command:Invoking command in '/home/xamjam/ros2_ws/build/turtle_sim_project': CMAKE_PREFIX_PATH=${CMAKE_PREFIX_PATH}:/opt/ros/humble /usr/bin/cmake --install /home/xamjam/ros2_ws/build/turtle_sim_project
[10.238s] Level 1:colcon.colcon_core.environment:create_environment_scripts_only(turtle_sim_project)
[10.238s] DEBUG:colcon.colcon_core.event_handler.log_command:Invoked command in '/home/xamjam/ros2_ws/build/turtle_sim_project' returned '0': CMAKE_PREFIX_PATH=${CMAKE_PREFIX_PATH}:/opt/ros/humble /usr/bin/cmake --install /home/xamjam/ros2_ws/build/turtle_sim_project
[10.248s] Level 1:colcon.colcon_core.environment:checking '/home/xamjam/ros2_ws/install/turtle_sim_project' for CMake module files
[10.248s] Level 1:colcon.colcon_core.environment:checking '/home/xamjam/ros2_ws/install/turtle_sim_project' for CMake config files
[10.248s] Level 1:colcon.colcon_core.shell:create_environment_hook('turtle_sim_project', 'cmake_prefix_path')
[10.258s] INFO:colcon.colcon_core.shell:Creating environment hook '/home/xamjam/ros2_ws/install/turtle_sim_project/share/turtle_sim_project/hook/cmake_prefix_path.ps1'
[10.258s] INFO:colcon.colcon_core.shell:Creating environment descriptor '/home/xamjam/ros2_ws/install/turtle_sim_project/share/turtle_sim_project/hook/cmake_prefix_path.dsv'
[10.258s] INFO:colcon.colcon_core.shell:Creating environment hook '/home/xamjam/ros2_ws/install/turtle_sim_project/share/turtle_sim_project/hook/cmake_prefix_path.sh'
[10.259s] Level 1:colcon.colcon_core.environment:checking '/home/xamjam/ros2_ws/install/turtle_sim_project/lib'
[10.259s] Level 1:colcon.colcon_core.environment:checking '/home/xamjam/ros2_ws/install/turtle_sim_project/bin'
[10.259s] Level 1:colcon.colcon_core.environment:checking '/home/xamjam/ros2_ws/install/turtle_sim_project/lib/pkgconfig/turtle_sim_project.pc'
[10.259s] Level 1:colcon.colcon_core.environment:checking '/home/xamjam/ros2_ws/install/turtle_sim_project/lib/python3.10/site-packages'
[10.259s] Level 1:colcon.colcon_core.environment:checking '/home/xamjam/ros2_ws/install/turtle_sim_project/bin'
[10.268s] INFO:colcon.colcon_core.shell:Creating package script '/home/xamjam/ros2_ws/install/turtle_sim_project/share/turtle_sim_project/package.ps1'
[10.268s] INFO:colcon.colcon_core.shell:Creating package descriptor '/home/xamjam/ros2_ws/install/turtle_sim_project/share/turtle_sim_project/package.dsv'
[10.269s] INFO:colcon.colcon_core.shell:Creating package script '/home/xamjam/ros2_ws/install/turtle_sim_project/share/turtle_sim_project/package.sh'
[10.269s] INFO:colcon.colcon_core.shell:Creating package script '/home/xamjam/ros2_ws/install/turtle_sim_project/share/turtle_sim_project/package.bash'
[10.269s] INFO:colcon.colcon_core.shell:Creating package script '/home/xamjam/ros2_ws/install/turtle_sim_project/share/turtle_sim_project/package.zsh'
[10.269s] Level 1:colcon.colcon_core.environment:create_file_with_runtime_dependencies(/home/xamjam/ros2_ws/install/turtle_sim_project/share/colcon-core/packages/turtle_sim_project)
[10.302s] Level 1:colcon.colcon_core.environment:create_environment_scripts_only(turtle_sim_project)
[10.312s] Level 1:colcon.colcon_core.environment:checking '/home/xamjam/ros2_ws/install/turtle_sim_project' for CMake module files
[10.312s] Level 1:colcon.colcon_core.environment:checking '/home/xamjam/ros2_ws/install/turtle_sim_project' for CMake config files
[10.312s] Level 1:colcon.colcon_core.shell:create_environment_hook('turtle_sim_project', 'cmake_prefix_path')
[10.322s] INFO:colcon.colcon_core.shell:Creating environment hook '/home/xamjam/ros2_ws/install/turtle_sim_project/share/turtle_sim_project/hook/cmake_prefix_path.ps1'
[10.322s] INFO:colcon.colcon_core.shell:Creating environment descriptor '/home/xamjam/ros2_ws/install/turtle_sim_project/share/turtle_sim_project/hook/cmake_prefix_path.dsv'
[10.322s] INFO:colcon.colcon_core.shell:Creating environment hook '/home/xamjam/ros2_ws/install/turtle_sim_project/share/turtle_sim_project/hook/cmake_prefix_path.sh'
[10.323s] Level 1:colcon.colcon_core.environment:checking '/home/xamjam/ros2_ws/install/turtle_sim_project/lib'
[10.323s] Level 1:colcon.colcon_core.environment:checking '/home/xamjam/ros2_ws/install/turtle_sim_project/bin'
[10.323s] Level 1:colcon.colcon_core.environment:checking '/home/xamjam/ros2_ws/install/turtle_sim_project/lib/pkgconfig/turtle_sim_project.pc'
[10.323s] Level 1:colcon.colcon_core.environment:checking '/home/xamjam/ros2_ws/install/turtle_sim_project/lib/python3.10/site-packages'
[10.323s] Level 1:colcon.colcon_core.environment:checking '/home/xamjam/ros2_ws/install/turtle_sim_project/bin'
[10.333s] INFO:colcon.colcon_core.shell:Creating package script '/home/xamjam/ros2_ws/install/turtle_sim_project/share/turtle_sim_project/package.ps1'
[10.333s] INFO:colcon.colcon_core.shell:Creating package descriptor '/home/xamjam/ros2_ws/install/turtle_sim_project/share/turtle_sim_project/package.dsv'
[10.333s] INFO:colcon.colcon_core.shell:Creating package script '/home/xamjam/ros2_ws/install/turtle_sim_project/share/turtle_sim_project/package.sh'
[10.334s] INFO:colcon.colcon_core.shell:Creating package script '/home/xamjam/ros2_ws/install/turtle_sim_project/share/turtle_sim_project/package.bash'
[10.334s] INFO:colcon.colcon_core.shell:Creating package script '/home/xamjam/ros2_ws/install/turtle_sim_project/share/turtle_sim_project/package.zsh'
[10.334s] Level 1:colcon.colcon_core.environment:create_file_with_runtime_dependencies(/home/xamjam/ros2_ws/install/turtle_sim_project/share/colcon-core/packages/turtle_sim_project)
[10.334s] DEBUG:colcon.colcon_parallel_executor.executor.parallel:closing loop
[10.334s] DEBUG:colcon.colcon_parallel_executor.executor.parallel:loop closed
[10.335s] DEBUG:colcon.colcon_parallel_executor.executor.parallel:run_until_complete finished with '0'
[10.335s] DEBUG:colcon.colcon_core.event_reactor:joining thread
[10.347s] INFO:colcon.colcon_core.plugin_system:Skipping extension 'colcon_notification.desktop_notification.terminal_notifier': Not used on non-Darwin systems
[10.347s] INFO:colcon.colcon_core.plugin_system:Skipping extension 'colcon_notification.desktop_notification.win32': Not used on non-Windows systems
[10.347s] INFO:colcon.colcon_notification.desktop_notification:Sending desktop notification using 'notify2'
[10.355s] DEBUG:colcon.colcon_core.event_reactor:joined thread
[10.365s] INFO:colcon.colcon_core.shell:Creating prefix script '/home/xamjam/ros2_ws/install/local_setup.ps1'
[10.365s] INFO:colcon.colcon_core.shell:Creating prefix util module '/home/xamjam/ros2_ws/install/_local_setup_util_ps1.py'
[10.366s] INFO:colcon.colcon_core.shell:Creating prefix chain script '/home/xamjam/ros2_ws/install/setup.ps1'
[10.376s] INFO:colcon.colcon_core.shell:Creating prefix script '/home/xamjam/ros2_ws/install/local_setup.sh'
[10.376s] INFO:colcon.colcon_core.shell:Creating prefix util module '/home/xamjam/ros2_ws/install/_local_setup_util_sh.py'
[10.376s] INFO:colcon.colcon_core.shell:Creating prefix chain script '/home/xamjam/ros2_ws/install/setup.sh'
[10.386s] INFO:colcon.colcon_core.shell:Creating prefix script '/home/xamjam/ros2_ws/install/local_setup.bash'
[10.386s] INFO:colcon.colcon_core.shell:Creating prefix chain script '/home/xamjam/ros2_ws/install/setup.bash'
[10.396s] INFO:colcon.colcon_core.shell:Creating prefix script '/home/xamjam/ros2_ws/install/local_setup.zsh'
[10.396s] INFO:colcon.colcon_core.shell:Creating prefix chain script '/home/xamjam/ros2_ws/install/setup.zsh'
