[01m[K/home/xamjam/ros2_ws/src/turtle_sim_project/src/turtle_spawner.cpp:[m[K In member function ‘[01m[Kvoid TurtleSpawnerNode::spawner_callback()[m[K’:
[01m[K/home/xamjam/ros2_ws/src/turtle_sim_project/src/turtle_spawner.cpp:116:65:[m[K [01;31m[Kerror: [m[Kno match for ‘[01m[Koperator-[m[K’ (operand types are ‘[01m[Kstd::__cxx11::list<custom_interfaces::msg::Turtle_<std::allocator<void> > >::iterator[m[K’ and ‘[01m[Kint[m[K’)
  116 |         map_of_turtles_[new_turtle.name] = [32m[Kalive_turtles_.end()[m[K [01;31m[K-[m[K [34m[K1[m[K;
      |                                            [32m[K~~~~~~~~~~~~~~~~~~~~[m[K [01;31m[K^[m[K [34m[K~[m[K
      |                                                              [32m[K|[m[K    [34m[K|[m[K
      |                                                              [32m[K|[m[K    [34m[Kint[m[K
      |                                                              [32m[Kstd::__cxx11::list<custom_interfaces::msg::Turtle_<std::allocator<void> > >::iterator[m[K
In file included from [01m[K/usr/include/c++/11/bits/stl_algobase.h:67[m[K,
                 from [01m[K/usr/include/c++/11/memory:63[m[K,
                 from [01m[K/opt/ros/humble/include/rclcpp/rclcpp/rclcpp.hpp:153[m[K,
                 from [01m[K/home/xamjam/ros2_ws/src/turtle_sim_project/src/turtle_spawner.cpp:1[m[K:
[01m[K/usr/include/c++/11/bits/stl_iterator.h:577:5:[m[K [01;36m[Knote: [m[Kcandidate: ‘[01m[Ktemplate<class _IteratorL, class _IteratorR> constexpr decltype ((__y.base() - __x.base())) std::operator-(const std::reverse_iterator<_Iterator>&, const std::reverse_iterator<_IteratorR>&)[m[K’
  577 |     [01;36m[Koperator[m[K-(const reverse_iterator<_IteratorL>& __x,
      |     [01;36m[K^~~~~~~~[m[K
[01m[K/usr/include/c++/11/bits/stl_iterator.h:577:5:[m[K [01;36m[Knote: [m[K  template argument deduction/substitution failed:
[01m[K/home/xamjam/ros2_ws/src/turtle_sim_project/src/turtle_spawner.cpp:116:67:[m[K [01;36m[Knote: [m[K  ‘[01m[Kstd::__cxx11::list<custom_interfaces::msg::Turtle_<std::allocator<void> > >::iterator[m[K’ is not derived from ‘[01m[Kconst std::reverse_iterator<_Iterator>[m[K’
  116 |         map_of_turtles_[new_turtle.name] = alive_turtles_.end() - [01;36m[K1[m[K;
      |                                                                   [01;36m[K^[m[K
In file included from [01m[K/usr/include/c++/11/bits/stl_algobase.h:67[m[K,
                 from [01m[K/usr/include/c++/11/memory:63[m[K,
                 from [01m[K/opt/ros/humble/include/rclcpp/rclcpp/rclcpp.hpp:153[m[K,
                 from [01m[K/home/xamjam/ros2_ws/src/turtle_sim_project/src/turtle_spawner.cpp:1[m[K:
[01m[K/usr/include/c++/11/bits/stl_iterator.h:1693:5:[m[K [01;36m[Knote: [m[Kcandidate: ‘[01m[Ktemplate<class _IteratorL, class _IteratorR> constexpr decltype ((__x.base() - __y.base())) std::operator-(const std::move_iterator<_IteratorL>&, const std::move_iterator<_IteratorR>&)[m[K’
 1693 |     [01;36m[Koperator[m[K-(const move_iterator<_IteratorL>& __x,
      |     [01;36m[K^~~~~~~~[m[K
[01m[K/usr/include/c++/11/bits/stl_iterator.h:1693:5:[m[K [01;36m[Knote: [m[K  template argument deduction/substitution failed:
[01m[K/home/xamjam/ros2_ws/src/turtle_sim_project/src/turtle_spawner.cpp:116:67:[m[K [01;36m[Knote: [m[K  ‘[01m[Kstd::__cxx11::list<custom_interfaces::msg::Turtle_<std::allocator<void> > >::iterator[m[K’ is not derived from ‘[01m[Kconst std::move_iterator<_IteratorL>[m[K’
  116 |         map_of_turtles_[new_turtle.name] = alive_turtles_.end() - [01;36m[K1[m[K;
      |                                                                   [01;36m[K^[m[K
[01m[K/home/xamjam/ros2_ws/src/turtle_sim_project/src/turtle_spawner.cpp:[m[K In member function ‘[01m[Kvoid TurtleSpawnerNode::publish_alive_turtles()[m[K’:
[01m[K/home/xamjam/ros2_ws/src/turtle_sim_project/src/turtle_spawner.cpp:139:26:[m[K [01;31m[Kerror: [m[Kcannot convert ‘[01m[Kstd::__cxx11::list<custom_interfaces::msg::Turtle_<std::allocator<void> > >[m[K’ to ‘[01m[Kconst std::vector<custom_interfaces::msg::Turtle_<std::allocator<void> >, std::allocator<custom_interfaces::msg::Turtle_<std::allocator<void> > > >&[m[K’
  139 |         msg.set__turtles([01;31m[Kalive_turtles_[m[K);
      |                          [01;31m[K^~~~~~~~~~~~~~[m[K
      |                          [01;31m[K|[m[K
      |                          [01;31m[Kstd::__cxx11::list<custom_interfaces::msg::Turtle_<std::allocator<void> > >[m[K
In file included from [01m[K/home/xamjam/ros2_ws/install/custom_interfaces/include/custom_interfaces/custom_interfaces/msg/turtle_array.hpp:7[m[K,
                 from [01m[K/home/xamjam/ros2_ws/src/turtle_sim_project/src/turtle_spawner.cpp:5[m[K:
[01m[K/home/xamjam/ros2_ws/install/custom_interfaces/include/custom_interfaces/custom_interfaces/msg/detail/turtle_array__struct.hpp:58:206:[m[K [01;36m[Knote: [m[K  initializing argument 1 of ‘[01m[Kcustom_interfaces::msg::TurtleArray_<ContainerAllocator>::Type& custom_interfaces::msg::TurtleArray_<ContainerAllocator>::set__turtles(const std::vector<custom_interfaces::msg::Turtle_<ContainerAllocator>, typename std::allocator_traits<_Alloc>::rebind_alloc<custom_interfaces::msg::Turtle_<ContainerAllocator> > >&) [with ContainerAllocator = std::allocator<void>; custom_interfaces::msg::TurtleArray_<ContainerAllocator>::Type = custom_interfaces::msg::TurtleArray_<std::allocator<void> >; typename std::allocator_traits<_Alloc>::rebind_alloc<custom_interfaces::msg::Turtle_<ContainerAllocator> > = std::allocator<custom_interfaces::msg::Turtle_<std::allocator<void> > >][m[K’
   58 |     [01;36m[Kconst std::vector<custom_interfaces::msg::Turtle_<ContainerAllocator>, typename std::allocator_traits<ContainerAllocator>::template rebind_alloc<custom_interfaces::msg::Turtle_<ContainerAllocator>>> & _arg[m[K)
      |     [01;36m[K~~~~~~~~~~~~~~~~~~~~~~~~~~~~~~~~~~~~~~~~~~~~~~~~~~~~~~~~~~~~~~~~~~~~~~~~~~~~~~~~~~~~~~~~~~~~~~~~~~~~~~~~~~~~~~~~~~~~~~~~~~~~~~~~~~~~~~~~~~~~~~~~~~~~~~~~~~~~~~~~~~~~~~~~~~~~~~~~~~~~~~~~~~~~~~~~~~~~~~~~~^~~~[m[K
gmake[2]: *** [CMakeFiles/turtle_spawner_node.dir/build.make:76: CMakeFiles/turtle_spawner_node.dir/src/turtle_spawner.cpp.o] Error 1
gmake[1]: *** [CMakeFiles/Makefile2:165: CMakeFiles/turtle_spawner_node.dir/all] Error 2
gmake[1]: *** Waiting for unfinished jobs....
gmake: *** [Makefile:146: all] Error 2
